-----------------------------------------------------------------------------------------------------
07日11时00分56秒Info:System');"成功[BP.Port.Emp-43]放入缓存。
07日11时00分58秒Info:System');"成功[BP.WF.FlowSort-4]放入缓存。
07日11时11分25秒Info:System');"成功[BP.WF.FlowSort-4]放入缓存。
07日11时11分29秒Info:System');"成功[BP.WF.Node-98]放入缓存。
07日11时11分29秒Info:System');"成功[BP.WF.Flow-8]放入缓存。
07日11时14分57秒Info:System');"成功[BP.WF.Node-99]放入缓存。
07日11时15分40秒Info:System');"成功[BP.WF.Node-100]放入缓存。
07日11时16分18秒Info:System');"成功[BP.WF.Node-100]放入缓存。
07日11时53分25秒Info:System');"成功[BP.WF.Node-100]放入缓存。
07日11时55分43秒Info:System');"成功[BP.WF.Node-100]放入缓存。
07日12时01分53秒Info:System');"成功[BP.WF.FlowSort-4]放入缓存。
07日12时02分15秒Info:System');"成功[BP.WF.Node-102]放入缓存。
07日12时04分05秒Info:System');"成功[BP.WF.Flow-9]放入缓存。
07日12时49分55秒Info:System');"成功[BP.WF.Node-103]放入缓存。
07日12时50分26秒Info:System');"成功[BP.WF.Node-103]放入缓存。
07日13时12分57秒Info:System');"成功[BP.Sys.MapData-104]放入缓存。
07日13时13分25秒Info:System');"成功[BP.WF.Node-103]放入缓存。
07日13时13分47秒Info:System');"成功[BP.WF.Flow-9]放入缓存。
07日13时14分01秒Info:System');"成功[BP.WF.Node-104]放入缓存。
07日13时14分19秒Info:System');"成功[BP.WF.Node-104]放入缓存。
07日13时14分27秒Info:System');"成功[BP.WF.Node-104]放入缓存。
07日13时15分18秒Info:System');"成功[BP.WF.Node-104]放入缓存。
07日13时16分25秒Info:System');"成功[BP.WF.Node-104]放入缓存。
07日13时17分30秒Info:System');"成功[BP.WF.Node-104]放入缓存。
07日13时18分09秒Info:System');"成功[BP.WF.Node-104]放入缓存。
-----------------------------------------------------------------------------------------------------
07日13时18分29秒Info:System');"成功[BP.Port.Emp-43]放入缓存。
07日13时18分30秒Info:System');"成功[BP.WF.FlowSort-4]放入缓存。
07日13时18分36秒Info:System');"成功[BP.Sys.MapData-105]放入缓存。
07日13时19分30秒Info:System');"成功[BP.WF.Node-104]放入缓存。
07日13时19分30秒Info:System');"成功[BP.WF.Flow-9]放入缓存。
07日13时19分45秒Info:System');"成功[BP.WF.Node-104]放入缓存。
07日13时20分36秒Info:System');"成功[BP.WF.Node-104]放入缓存。
07日13时21分03秒Info:System');"成功[BP.WF.Node-104]放入缓存。
07日13时21分09秒Info:System');"成功[BP.WF.Node-104]放入缓存。
07日13时21分26秒Info:System');"成功[BP.WF.Node-104]放入缓存。
07日13时22分41秒Info:System');"成功[BP.WF.Node-104]放入缓存。
07日13时22分53秒Info:System');"成功[BP.WF.Node-104]放入缓存。
07日13时23分14秒Info:System');"成功[BP.WF.Node-104]放入缓存。
07日13时54分13秒Info:System');"成功[BP.WF.Node-104]放入缓存。
07日14时16分06秒Info:System');"成功[BP.WF.Node-104]放入缓存。
07日14时16分43秒Info:System');"成功[BP.WF.Node-104]放入缓存。
07日14时21分28秒Info:System');"成功[BP.WF.Node-104]放入缓存。
-----------------------------------------------------------------------------------------------------
07日14时33分55秒Fatal:System');"@两次内存查询 EnName=BP.Port.Emp,PKVal=admin
07日14时33分55秒Fatal:System');"@两次内存查询 EnName=BP.Port.Emp,PKVal=admin
-----------------------------------------------------------------------------------------------------
07日14时34分11秒Info:System');"成功[BP.Port.Emp-43]放入缓存。
07日14时34分12秒Info:System');"成功[BP.WF.FlowSort-4]放入缓存。
07日14时35分24秒Info:System');"成功[BP.WF.Node-104]放入缓存。
07日14时42分18秒Info:System');"成功[BP.WF.Flow-9]放入缓存。
07日14时43分42秒Info:System');"成功[BP.WF.Node-104]放入缓存。
07日15时32分34秒Info:System');"成功[BP.WF.FlowSort-4]放入缓存。
07日15时32分49秒Info:System');"成功[BP.WF.Node-106]放入缓存。
07日16时52分55秒Info:System');"成功[BP.WF.FlowSort-4]放入缓存。
07日16时53分00秒Info:System');"成功[BP.WF.Flow-11]放入缓存。
07日16时53分06秒Info:System');"成功[BP.WF.Node-109]放入缓存。
07日16时53分38秒Info:System');"成功[BP.WF.Node-110]放入缓存。
07日16时53分56秒Info:System');"成功[BP.WF.Node-110]放入缓存。
07日17时09分27秒Info:System');"成功[BP.WF.Node-110]放入缓存。
07日17时10分18秒Info:System');"成功[BP.WF.FlowSort-4]放入缓存。
07日17时10分39秒Info:System');"成功[BP.WF.FlowSort-4]放入缓存。
07日21时12分45秒Info:System');"成功[BP.WF.Flow-13]放入缓存。
07日21时14分23秒Info:System');"成功[BP.WF.Node-123]放入缓存。
