-----------------------------------------------------------------------------------------------------
03日10时22分09秒Info:System');"成功[BP.Port.Emp-43]放入缓存。
03日10时22分11秒Info:System');"成功[BP.WF.FlowSort-4]放入缓存。
03日10时22分50秒Info:System');"成功[BP.WF.Node-96]放入缓存。
03日10时22分50秒Info:System');"成功[BP.WF.Flow-7]放入缓存。
03日10时24分59秒Info:System');"成功[BP.WF.Node-96]放入缓存。
03日10时25分27秒Info:System');"成功[BP.WF.Node-96]放入缓存。
03日10时25分37秒Info:System');"成功[BP.WF.Node-96]放入缓存。
03日11时12分19秒Info:System');"成功[BP.WF.Node-96]放入缓存。
03日11时27分22秒Info:System');"成功[BP.WF.Node-96]放入缓存。
03日11时42分05秒Info:System');"成功[BP.WF.Node-96]放入缓存。
03日11时47分01秒Info:System');"成功[BP.WF.Node-96]放入缓存。
-----------------------------------------------------------------------------------------------------
03日13时55分46秒Info:System');"成功[BP.Port.Emp-44]放入缓存。
03日13时55分47秒Info:System');"成功[BP.WF.FlowSort-4]放入缓存。
03日13时56分10秒Info:System');"成功[BP.WF.Node-96]放入缓存。
03日18时08分36秒Info:System');"成功[BP.WF.Flow-7]放入缓存。
-----------------------------------------------------------------------------------------------------
03日22时25分59秒Info:System');"成功[BP.Port.Emp-44]放入缓存。
03日22时26分00秒Info:System');"成功[BP.WF.FlowSort-4]放入缓存。
03日22时26分22秒Info:System');"成功[BP.WF.Node-96]放入缓存。
03日22时26分22秒Info:System');"成功[BP.WF.Flow-7]放入缓存。
