-----------------------------------------------------------------------------------------------------
20日11时25分21秒Info:System');"成功[BP.Port.Emp-45]放入缓存。
20日11时25分22秒Info:System');"成功[BP.WF.FlowSort-0]放入缓存。
20日11时25分39秒Info:System');"成功[BP.WF.FlowSort-1]放入缓存。
20日11时25分44秒Info:System');"成功[BP.WF.FlowSort-2]放入缓存。
-----------------------------------------------------------------------------------------------------
20日11时27分36秒Info:System');"成功[BP.Port.Emp-45]放入缓存。
20日11时27分36秒Info:System');"成功[BP.WF.FlowSort-2]放入缓存。
20日11时27分40秒Fatal:System');"RunSQL2   SQL=ALTER TABLE WF_LABNOTE ADD CONSTRAINT WF_LabNotepk PRIMARY KEY(MYPK)列名 'MYPK' 在目标表或视图中不存在。
无法创建约束。请参阅前面的错误消息。
20日11时27分40秒Fatal:System');"RunSQL2   SQL=CREATE INDEX WF_LabNoteID ON WF_LabNote (MyPK)列名 'MyPK' 在目标表或视图中不存在。
20日11时27分40秒Fatal:System');"RunSQL2   SQL=ALTER TABLE WF_LABNOTE ADD CONSTRAINT WF_LabNotepk PRIMARY KEY(MYPK)无法在表 'WF_LABNOTE' 中可为空的列上定义 PRIMARY KEY 约束。
无法创建约束。请参阅前面的错误消息。
20日11时27分40秒Fatal:System');"RunSQL2   SQL=CREATE INDEX WF_LabNoteID ON WF_LabNote (MyPK)操作失败，因为在 表 'WF_LabNote' 上已存在名称为 'WF_LabNoteID' 的索引或统计信息。
-----------------------------------------------------------------------------------------------------
20日11时28分41秒Info:System');"成功[BP.Port.Emp-45]放入缓存。
20日11时28分42秒Info:System');"成功[BP.WF.FlowSort-2]放入缓存。
20日11时28分47秒Info:System');"成功[BP.WF.Node-2]放入缓存。
20日11时28分47秒Info:System');"成功[BP.WF.Flow-1]放入缓存。
20日11时29分23秒Info:System');"成功[BP.WF.Node-2]放入缓存。
-----------------------------------------------------------------------------------------------------
20日11时32分34秒Info:System');"成功[BP.Port.Emp-45]放入缓存。
20日11时32分35秒Info:System');"成功[BP.WF.FlowSort-0]放入缓存。
20日11时33分04秒Info:System');"成功[BP.WF.FlowSort-0]放入缓存。
-----------------------------------------------------------------------------------------------------
20日11时37分42秒Info:System');"成功[BP.Port.Emp-45]放入缓存。
20日11时37分43秒Info:System');"成功[BP.WF.FlowSort-0]放入缓存。
20日11时37分48秒Info:System');"成功[BP.WF.FlowSort-0]放入缓存。
-----------------------------------------------------------------------------------------------------
20日11时39分25秒Info:System');"成功[BP.Port.Emp-45]放入缓存。
20日11时39分26秒Info:System');"成功[BP.WF.FlowSort-2]放入缓存。
20日11时40分19秒Info:System');"成功[BP.WF.FlowSort-2]放入缓存。
20日11时40分34秒Info:System');"成功[BP.WF.Node-2]放入缓存。
-----------------------------------------------------------------------------------------------------
20日14时21分48秒Info:System');"成功[BP.Port.Emp-45]放入缓存。
20日14时21分49秒Info:System');"成功[BP.WF.FlowSort-2]放入缓存。
-----------------------------------------------------------------------------------------------------
20日15时15分13秒Info:System');"成功[BP.Port.Emp-45]放入缓存。
20日15时15分13秒Info:System');"成功[BP.WF.FlowSort-2]放入缓存。
20日15时15分17秒Info:System');"成功[BP.WF.Node-2]放入缓存。
-----------------------------------------------------------------------------------------------------
20日15时54分27秒Info:System');"成功[BP.Port.Emp-45]放入缓存。
20日15时54分28秒Info:System');"成功[BP.WF.FlowSort-2]放入缓存。
20日15时54分55秒Info:System');"成功[BP.WF.Node-2]放入缓存。
-----------------------------------------------------------------------------------------------------
20日15时56分57秒Info:System');"成功[BP.Port.Emp-45]放入缓存。
20日15时56分58秒Info:System');"成功[BP.WF.FlowSort-2]放入缓存。
-----------------------------------------------------------------------------------------------------
20日15时57分21秒Info:System');"成功[BP.Port.Emp-45]放入缓存。
20日15时57分22秒Info:System');"成功[BP.WF.FlowSort-2]放入缓存。
20日15时57分40秒Info:System');"成功[BP.WF.Node-2]放入缓存。
-----------------------------------------------------------------------------------------------------
20日16时01分38秒Info:System');"成功[BP.Port.Emp-45]放入缓存。
20日16时01分39秒Info:System');"成功[BP.WF.FlowSort-2]放入缓存。
20日16时01分42秒Info:System');"成功[BP.WF.Node-2]放入缓存。
-----------------------------------------------------------------------------------------------------
20日16时05分26秒Info:System');"成功[BP.Port.Emp-45]放入缓存。
20日16时05分27秒Info:System');"成功[BP.WF.FlowSort-2]放入缓存。
20日16时05分34秒Info:System');"成功[BP.WF.FlowSort-2]放入缓存。
20日16时05分46秒Info:System');"成功[BP.WF.FlowSort-2]放入缓存。
20日16时06分02秒Info:System');"成功[BP.WF.Node-2]放入缓存。
