-----------------------------------------------------------------------------------------------------
23日10时45分08秒Fatal:System');"@两次内存查询 EnName=BP.Port.Emp,PKVal=admin
23日10时45分08秒Fatal:System');"@两次内存查询 EnName=BP.Port.Emp,PKVal=admin
-----------------------------------------------------------------------------------------------------
23日10时46分51秒Fatal:System');"@两次内存查询 EnName=BP.Port.Emp,PKVal=admin
23日10时46分51秒Fatal:System');"@两次内存查询 EnName=BP.Port.Emp,PKVal=admin
-----------------------------------------------------------------------------------------------------
23日11时01分01秒Info:System');"成功[BP.Port.Emp-45]放入缓存。
23日11时01分02秒Info:System');"成功[BP.WF.FlowSort-2]放入缓存。
23日11时01分33秒Info:System');"成功[BP.WF.Node-2]放入缓存。
-----------------------------------------------------------------------------------------------------
23日16时45分56秒Info:System');"成功[BP.Port.Emp-45]放入缓存。
23日16时45分57秒Info:System');"成功[BP.WF.FlowSort-2]放入缓存。
23日16时46分07秒Info:System');"成功[BP.WF.Flow-1]放入缓存。
23日16时46分09秒Info:System');"成功[BP.WF.Node-2]放入缓存。
23日16时46分12秒Info:System');"成功[BP.WF.Node-3]放入缓存。
23日16时46分27秒Info:System');"成功[BP.WF.Node-4]放入缓存。
23日16时48分52秒Info:System');"成功[BP.WF.Node-4]放入缓存。
-----------------------------------------------------------------------------------------------------
23日17时25分12秒Info:System');"成功[BP.Port.Emp-45]放入缓存。
23日17时25分13秒Info:System');"成功[BP.WF.FlowSort-2]放入缓存。
23日17时26分37秒Info:System');"成功[BP.WF.Node-4]放入缓存。
23日17时27分46秒Info:System');"成功[BP.WF.Flow-1]放入缓存。
23日17时28分36秒Info:System');"成功[BP.WF.Node-4]放入缓存。
