-----------------------------------------------------------------------------------------------------
11日09时33分25秒Fatal:System');"@没有[  OA_News, 类[BP.CCOA.OA_News], 物理表[OA_News] 实例。PK = 
11日09时34分17秒Fatal:System');"@没有[  OA_News, 类[BP.CCOA.OA_News], 物理表[OA_News] 实例。PK = 
-----------------------------------------------------------------------------------------------------
11日10时08分34秒Fatal:System');"将截断字符串或二进制数据。
语句已终止。 Paras=@No=1,String@Author=张竞文,String@Clicks=1,Int32@UpUser=admin,String@NoticeTitle=关于公司“天津港重新开港60周年征文”获奖人员领取奖品的通知,String@NoticeSubTitle=关于公司“天津港重新开港60周年征文”获奖人员领取奖品的通知,String@NoticeType=1,String@NoticeContent=<div align="center">
	<span style="color:black;font-size:16pt;">关于公司“天津港重新开港60周年征文”获奖人员领取奖品的通知</span>
</div>
<br />
<div style="text-align:left;line-height:150%;text-indent:28pt;" align="left">
	<span style="line-height:150%;font-size:14pt;">劳务发展公司“<span style="font-size:large;">天津港重新开港60周年征文</span>”活动开展以来，得到广大员工的热烈支持和积极参与。经过评审，现将名次揭晓如下：</span>
</div>
<br />
<div style="text-indent:28pt;">
	&nbsp; <br />
	<div style="line-height:28pt;">
		<span style="color:black;font-size:16pt;">一等奖：宏港远航码头管理部 <span>&nbsp;&nbsp;&nbsp;&nbsp;&nbsp;&nbsp;&nbsp;&nbsp;&nbsp;&nbsp; </span>孟昭金</span>
	</div>
<br />
	<div style="line-height:28pt;text-indent:64pt;">
		<span style="color:black;font-size:16pt;">&nbsp;&nbsp;&nbsp;&nbsp;&nbsp; 宏港煤码头管理部<span>&nbsp;&nbsp;&nbsp;&nbsp;&nbsp; <br />
&nbsp;&nbsp;&nbsp;&nbsp;&nbsp;&nbsp;&nbsp;&nbsp; </span>吴 伟</span>
	</div>
<br />
	<div style="line-height:28pt;">
		<span style="color:black;font-size:16pt;">二等奖：盛港联盟国际管理部<span>&nbsp;&nbsp;&nbsp; <br />
&nbsp;&nbsp;&nbsp;&nbsp;&nbsp;&nbsp;&nbsp;&nbsp; </span>吕 磊</span>
	</div>
<br />
	<div style="line-height:28pt;text-indent:64pt;">
		<span style="color:black;font-size:16pt;">&nbsp;&nbsp;&nbsp;&nbsp;&nbsp; 宏港远航码头管理部<span>&nbsp;&nbsp;&nbsp; <br />
&nbsp;&nbsp;&nbsp;&nbsp;&nbsp;&nbsp;&nbsp;&nbsp; </span>张 迪</span>
	</div>
<br />
	<div style="line-height:28pt;text-indent:64pt;">
		<span style="color:black;font-size:16pt;">&nbsp;&nbsp;&nbsp;&nbsp;&nbsp; 盛港人企部<span>&nbsp;&nbsp;&nbsp;&nbsp;&nbsp;&nbsp;&nbsp;&nbsp;&nbsp;&nbsp;&nbsp; <br />
&nbsp;&nbsp;&nbsp;&nbsp;&nbsp;&nbsp;&nbsp;&nbsp; </span>朱 晖</span>
	</div>
<br />
	<div style="line-height:28pt;text-indent:64pt;">
		<span style="color:black;font-size:16pt;">&nbsp;&nbsp;&nbsp;&nbsp;&nbsp; 盛港联盟国际管理部<span>&nbsp;&nbsp;&nbsp; <br />
&nbsp;&nbsp;&nbsp;&nbsp;&nbsp;&nbsp;&nbsp;&nbsp; </span>肖 瑶</span>
	</div>
<br />
	<div style="line-height:28pt;">
		<span style="color:black;font-size:16pt;">三等奖：益港滚装码头操作分公司 <br />
<span>&nbsp;&nbsp;&nbsp;&nbsp;&nbsp;&nbsp;&nbsp; </span>边 莹</span>
	</div>
<br />
	<div style="line-height:28pt;text-indent:64pt;">
		<span style="color:black;font-size:16pt;">&nbsp;&nbsp;&nbsp;&nbsp;&nbsp; 盛港欧亚国际管理部 <br />
<span>&nbsp;&nbsp;&nbsp;&nbsp;&nbsp;&nbsp;&nbsp;&nbsp;&nbsp;&nbsp; </span>孙鸿欣</span>
	</div>
<br />
	<div style="line-height:28pt;text-indent:64pt;">
		<span style="color:black;font-size:16pt;">&nbsp;&nbsp;&nbsp;&nbsp;&nbsp; <br />
宏港远航码头管理部 <span>&nbsp;&nbsp;&nbsp;&nbsp;&nbsp;&nbsp;&nbsp;&nbsp;&nbsp;&nbsp; </span>王晓羽</span>
	</div>
<br />
	<div style="line-height:28pt;text-indent:64pt;">
		<span style="color:black;font-size:16pt;">&nbsp;&nbsp;&nbsp;&nbsp;&nbsp; 宏港远航码头管理部 <br />
<span>&nbsp;&nbsp;&nbsp;&nbsp;&nbsp;&nbsp;&nbsp;&nbsp;&nbsp;&nbsp;&nbsp; </span>赵 菁</span>
	</div>
<br />
	<div style="line-height:28pt;text-indent:64pt;">
		<span style="color:black;font-size:16pt;">&nbsp;&nbsp;&nbsp;&nbsp;&nbsp; 盛港国际物流管理部<span>&nbsp;&nbsp;&nbsp;&nbsp;&nbsp;&nbsp;&nbsp;&nbsp; <br />
&nbsp;&nbsp;&nbsp; </span>付海龙<span>&nbsp;&nbsp;&nbsp;&nbsp;&nbsp; </span></span>
	</div>
<br />
	<div style="line-height:28pt;text-indent:64pt;">
		<span style="color:black;font-size:16pt;">&nbsp;&nbsp;&nbsp;&nbsp;&nbsp; <br />
宏港焦炭码头管理部 <span>&nbsp;&nbsp;&nbsp;&nbsp;&nbsp;&nbsp;&nbsp;&nbsp;&nbsp;&nbsp; </span>孙玉华</span>
	</div>
<br />
	<div style="line-height:28pt;">
		<span style="color:black;font-size:16pt;">优秀奖：党委办公室<span>&nbsp;&nbsp;&nbsp;&nbsp;&nbsp;&nbsp;&nbsp;&nbsp;&nbsp;&nbsp;&nbsp;&nbsp;&nbsp; <br />
&nbsp;&nbsp;&nbsp;&nbsp;&nbsp;&nbsp; </span>马 芸 </span>
	</div>
<br />
	<div style="line-height:28pt;text-indent:64pt;">
		<span style="color:black;font-size:16pt;">&nbsp;&nbsp;&nbsp;&nbsp;&nbsp; 党委办公室<span>&nbsp;&nbsp;&nbsp;&nbsp;&nbsp;&nbsp;&nbsp;&nbsp;&nbsp;&nbsp;&nbsp;&nbsp;&nbsp;&nbsp;&nbsp;&nbsp;&nbsp;&nbsp;&nbsp;&nbsp; <br />
</span>童 倩</span>
	</div>
<br />
	<div style="line-height:28pt;text-indent:64pt;">
		<span style="color:black;font-size:16pt;">&nbsp;&nbsp;&nbsp;&nbsp;&nbsp; <br />
宏港远航码头管理部 <span>&nbsp;&nbsp;&nbsp;&nbsp;&nbsp;&nbsp;&nbsp;&nbsp;&nbsp;&nbsp; </span>杨卓萍 <span>&nbsp;&nbsp; </span></span>
	</div>
<br />
	<div style="line-height:28pt;text-indent:64pt;">
		<span style="color:black;font-size:16pt;">&nbsp;&nbsp;&nbsp;&nbsp;&nbsp; 盛港国际物流管理部 <br />
<span>&nbsp;&nbsp;&nbsp;&nbsp;&nbsp;&nbsp;&nbsp;&nbsp;&nbsp;&nbsp;&nbsp; </span>周思万</span>
	</div>
<br />
	<div style="line-height:28pt;text-indent:64pt;">
		<span style="color:black;font-size:16pt;">&nbsp;&nbsp;&nbsp;&nbsp;&nbsp; 盛港人企部<span>&nbsp;&nbsp;&nbsp;&nbsp;&nbsp;&nbsp;&nbsp;&nbsp;&nbsp;&nbsp;&nbsp;&nbsp;&nbsp;&nbsp;&nbsp;&nbsp;&nbsp;&nbsp; <br />
&nbsp; </span>赵 卓<span>&nbsp;&nbsp;&nbsp;&nbsp;&nbsp;&nbsp;&nbsp;&nbsp;&nbsp;&nbsp;&nbsp;&nbsp;&nbsp;&nbsp;&nbsp;&nbsp;&nbsp;&nbsp;&nbsp;&nbsp; </span></span>
	</div>
<br />
	<div style="line-height:28pt;text-indent:64pt;">
		<span style="color:black;font-size:16pt;">&nbsp;&nbsp;&nbsp;&nbsp;&nbsp; 欧亚国际管理部 <br />
<span>&nbsp;&nbsp;&nbsp;&nbsp;&nbsp;&nbsp;&nbsp;&nbsp;&nbsp;&nbsp;&nbsp;&nbsp;&nbsp;&nbsp;&nbsp; </span>李 岩 </span>
	</div>
<br />
	<div style="line-height:28pt;text-indent:64pt;">
		<span style="color:black;font-size:16pt;">&nbsp;&nbsp;&nbsp;&nbsp;&nbsp; 国际物流管理部 <br />
<span>&nbsp;&nbsp;&nbsp;&nbsp;&nbsp;&nbsp;&nbsp;&nbsp;&nbsp;&nbsp;&nbsp;&nbsp;&nbsp;&nbsp;&nbsp; </span>宋 宇 </span>
	</div>
<br />
	<div style="line-height:28pt;text-indent:64pt;">
		<span style="color:black;font-size:16pt;">&nbsp;&nbsp;&nbsp;&nbsp;&nbsp; 液体散货综合管理部 <br />
<span>&nbsp;&nbsp;&nbsp;&nbsp;&nbsp;&nbsp;&nbsp;&nbsp;&nbsp;&nbsp;&nbsp; </span>李建艳</span>
	</div>
</div>
<br />
<div style="text-indent:28pt;">
</div>
<br />
<div style="text-indent:28pt;">
	<span style="color:black;font-size:14pt;">请以上获奖人员请到公司党委办公室领取奖品。</span>
</div>
<br />
<div style="text-indent:28pt;">
	<span style="color:black;font-size:14pt;">联系人：童倩<span>&nbsp;&nbsp; <br />
</span>联系方式：25706880转6927</span>
</div>,String@CreateTime=2012-05-11 10:00,String@IsRead=0,Int32@UpDT=2012/5/11 10:08:34,String@Status=1,Int32<hr>UPDATE OA_Notice SET Author=@Author,Clicks=@Clicks,UpUser=@UpUser,NoticeTitle=@NoticeTitle,NoticeSubTitle=@NoticeSubTitle,NoticeType=@NoticeType,NoticeContent=@NoticeContent,CreateTime=@CreateTime,IsRead=@IsRead,UpDT=@UpDT,Status=@Status WHERE OA_Notice.No=@No
-----------------------------------------------------------------------------------------------------
11日10时17分14秒Fatal:System');"@没有[  OA_News, 类[BP.CCOA.OA_News], 物理表[OA_News] 实例。PK = 5bf34bb9-0256-4173-b3cd-4859f9a13662
-----------------------------------------------------------------------------------------------------
11日16时14分54秒Fatal:System');"@没有[  OA_Notice, 类[BP.CCOA.OA_Notice], 物理表[OA_Notice] 实例。PK = fc8c7958-1f7a-4db8-a0ec-f5e476a4e576
11日16时15分01秒Fatal:System');"@没有[  OA_Notice, 类[BP.CCOA.OA_Notice], 物理表[OA_Notice] 实例。PK = fc8c7958-1f7a-4db8-a0ec-f5e476a4e576
11日16时15分06秒Fatal:System');"@没有[  OA_Notice, 类[BP.CCOA.OA_Notice], 物理表[OA_Notice] 实例。PK = 2
