-----------------------------------------------------------------------------------------------------
30日16时08分34秒Info:System');"成功[BP.Port.Emp-12]放入缓存。
30日16时08分34秒Info:System');"成功[BP.WF.FlowSort-6]放入缓存。
-----------------------------------------------------------------------------------------------------
30日16时12分12秒Info:System');"成功[BP.Port.Emp-12]放入缓存。
30日16时12分12秒Info:System');"成功[BP.WF.FlowSort-6]放入缓存。
-----------------------------------------------------------------------------------------------------
30日16时12分42秒Info:System');"成功[BP.Port.Emp-12]放入缓存。
30日16时12分42秒Info:System');"成功[BP.WF.FlowSort-6]放入缓存。
-----------------------------------------------------------------------------------------------------
30日16时30分36秒Info:System');"成功[BP.Port.Emp-44]放入缓存。
30日16时30分36秒Info:System');"成功[BP.WF.FlowSort-5]放入缓存。
30日16时34分31秒Info:System');"成功[BP.WF.Node-26]放入缓存。
30日16时34分31秒Info:System');"成功[BP.WF.Flow-7]放入缓存。
30日16时34分39秒Info:System');"成功[BP.WF.Node-26]放入缓存。
30日16时34分49秒Info:System');"成功[BP.WF.Flow-8]放入缓存。
30日16时34分50秒Fatal:System');"@没有[映射基础  Sys_MapData, 类[BP.Sys.MapData], 物理表[Sys_MapData] 实例。PK = DocType
30日16时34分50秒Fatal:System');"@没有[映射基础  Sys_MapData, 类[BP.Sys.MapData], 物理表[Sys_MapData] 实例。PK = XWType
30日16时39分32秒Fatal:System');"@没有[映射基础  Sys_MapData, 类[BP.Sys.MapData], 物理表[Sys_MapData] 实例。PK = DocType
30日16时39分32秒Fatal:System');"@没有[映射基础  Sys_MapData, 类[BP.Sys.MapData], 物理表[Sys_MapData] 实例。PK = XWType
30日16时48分37秒Fatal:System');"@没有[映射基础  Sys_MapData, 类[BP.Sys.MapData], 物理表[Sys_MapData] 实例。PK = DocType
30日16时48分37秒Fatal:System');"@没有[映射基础  Sys_MapData, 类[BP.Sys.MapData], 物理表[Sys_MapData] 实例。PK = XWType
30日16时52分27秒Fatal:System');"@没有[映射基础  Sys_MapData, 类[BP.Sys.MapData], 物理表[Sys_MapData] 实例。PK = DocType
30日16时52分27秒Fatal:System');"@没有[映射基础  Sys_MapData, 类[BP.Sys.MapData], 物理表[Sys_MapData] 实例。PK = XWType
30日16时52分57秒Fatal:System');"@没有[映射基础  Sys_MapData, 类[BP.Sys.MapData], 物理表[Sys_MapData] 实例。PK = DocType
30日16时52分57秒Fatal:System');"@没有[映射基础  Sys_MapData, 类[BP.Sys.MapData], 物理表[Sys_MapData] 实例。PK = XWType
30日16时52分57秒Info:System');"成功[BP.WF.FlowSort-5]放入缓存。
30日16时53分03秒Info:System');"成功[BP.WF.Node-28]放入缓存。
30日16时53分03秒Info:System');"成功[BP.WF.Flow-8]放入缓存。
30日16时53分26秒Info:System');"成功[BP.WF.Node-28]放入缓存。
30日16时55分01秒Info:System');"成功[BP.WF.Node-28]放入缓存。
30日16时55分07秒Info:System');"成功[BP.WF.Node-28]放入缓存。
30日16时56分09秒Info:System');"成功[BP.WF.Node-29]放入缓存。
30日16时56分59秒Info:System');"成功[BP.WF.Node-30]放入缓存。
30日16时57分32秒Info:System');"成功[BP.WF.Node-31]放入缓存。
30日16时57分59秒Info:System');"成功[BP.WF.Node-32]放入缓存。
30日16时59分46秒Info:System');"成功[BP.WF.Node-33]放入缓存。
30日17时00分17秒Info:System');"成功[BP.WF.Node-33]放入缓存。
30日17时02分00秒Info:System');"成功[BP.WF.Node-33]放入缓存。
30日21时05分50秒Info:System');"成功[BP.WF.Node-34]放入缓存。
30日21时05分59秒Info:System');"成功[BP.WF.Node-34]放入缓存。
30日21时06分07秒Info:System');"成功[BP.WF.Node-34]放入缓存。
30日21时06分35秒Info:System');"成功[BP.WF.Node-34]放入缓存。
30日21时06分51秒Info:System');"成功[BP.WF.Node-34]放入缓存。
