-----------------------------------------------------------------------------------------------------
10日11时36分07秒Info:System');"成功[BP.Port.Emp-45]放入缓存。
10日11时36分09秒Info:System');"成功[BP.WF.FlowSort-6]放入缓存。
10日11时37分23秒Info:System');"成功[BP.WF.FlowSort-6]放入缓存。
-----------------------------------------------------------------------------------------------------
10日18时09分06秒Fatal:System');"@两次内存查询 EnName=BP.Port.Emp,PKVal=admin
10日18时09分06秒Fatal:System');"@两次内存查询 EnName=BP.Port.Emp,PKVal=admin
-----------------------------------------------------------------------------------------------------
10日18时09分13秒Fatal:System');"@两次内存查询 EnName=BP.Port.Emp,PKVal=admin
10日18时09分13秒Fatal:System');"@两次内存查询 EnName=BP.Port.Emp,PKVal=admin
-----------------------------------------------------------------------------------------------------
10日18时09分34秒Info:System');"成功[BP.Port.Emp-45]放入缓存。
10日18时09分34秒Info:System');"成功[BP.WF.FlowSort-6]放入缓存。
10日18时11分10秒Info:System');"成功[BP.WF.Node-73]放入缓存。
10日18时11分56秒Info:System');"成功[BP.WF.Flow-14]放入缓存。
10日18时12分05秒Info:System');"成功[BP.WF.Node-73]放入缓存。
10日18时13分14秒Info:System');"成功[BP.WF.Node-70]放入缓存。
10日18时14分47秒Info:System');"成功[BP.WF.Node-70]放入缓存。
10日18时14分55秒Info:System');"成功[BP.WF.Node-70]放入缓存。
10日18时16分44秒Info:System');"成功[BP.WF.Node-70]放入缓存。
10日18时21分04秒Info:System');"成功[BP.WF.Node-70]放入缓存。
10日18时21分34秒Info:System');"成功[BP.WF.Node-70]放入缓存。
10日18时22分46秒Info:System');"成功[BP.WF.Node-70]放入缓存。
10日18时26分54秒Info:System');"成功[BP.WF.Node-70]放入缓存。
10日18时28分13秒Info:System');"成功[BP.WF.Node-70]放入缓存。
10日18时29分00秒Info:System');"成功[BP.WF.Node-70]放入缓存。
10日18时30分04秒Info:System');"成功[BP.WF.Node-70]放入缓存。
10日18时31分54秒Info:System');"成功[BP.WF.Node-70]放入缓存。
10日18时32分42秒Info:System');"成功[BP.WF.Node-70]放入缓存。
10日18时34分02秒Info:System');"成功[BP.WF.Node-70]放入缓存。
10日18时34分31秒Info:System');"成功[BP.WF.Node-70]放入缓存。
10日18时35分09秒Info:System');"成功[BP.WF.Node-70]放入缓存。
10日18时35分32秒Info:System');"成功[BP.WF.Node-70]放入缓存。
10日18时38分05秒Info:System');"成功[BP.WF.Node-70]放入缓存。
-----------------------------------------------------------------------------------------------------
10日22时30分14秒Info:System');"成功[BP.Port.Emp-45]放入缓存。
10日22时30分16秒Info:System');"成功[BP.WF.FlowSort-6]放入缓存。
-----------------------------------------------------------------------------------------------------
10日22时52分42秒Info:System');"成功[BP.Port.Emp-45]放入缓存。
10日22时52分42秒Info:System');"成功[BP.WF.FlowSort-6]放入缓存。
-----------------------------------------------------------------------------------------------------
10日23时04分46秒Info:System');"成功[BP.Port.Emp-45]放入缓存。
10日23时04分47秒Info:System');"成功[BP.WF.FlowSort-6]放入缓存。
10日23时07分00秒Info:System');"成功[BP.WF.Node-70]放入缓存。
