-----------------------------------------------------------------------------------------------------
27日18时48分12秒Fatal:System');"@两次内存查询 EnName=BP.Port.Emp,PKVal=admin
27日18时48分12秒Fatal:System');"@两次内存查询 EnName=BP.Port.Emp,PKVal=admin
-----------------------------------------------------------------------------------------------------
27日18时53分30秒Info:System');"成功[BP.Port.Emp-45]放入缓存。
27日18时53分31秒Info:System');"成功[BP.WF.FlowSort-6]放入缓存。
27日19时00分46秒Info:System');"成功[BP.WF.Node-89]放入缓存。
-----------------------------------------------------------------------------------------------------
27日19时52分38秒Info:System');"成功[BP.Port.Emp-45]放入缓存。
27日19时52分38秒Info:System');"成功[BP.WF.FlowSort-6]放入缓存。
27日19时54分55秒Info:System');"成功[BP.WF.Node-89]放入缓存。
27日22时10分57秒Info:System');"成功[BP.WF.Flow-18]放入缓存。
27日22时11分11秒Info:System');"成功[BP.WF.Node-89]放入缓存。
27日22时11分43秒Info:System');"成功[BP.WF.Node-89]放入缓存。
27日22时12分15秒Info:System');"成功[BP.WF.Node-89]放入缓存。
27日22时12分25秒Info:System');"成功[BP.WF.Node-89]放入缓存。
27日22时18分54秒Info:System');"成功[BP.WF.Node-89]放入缓存。
27日22时20分38秒Info:System');"成功[BP.WF.Node-89]放入缓存。
27日22时21分59秒Info:System');"成功[BP.WF.Node-89]放入缓存。
27日22时22分06秒Info:System');"成功[BP.WF.Node-89]放入缓存。
27日22时24分53秒Info:System');"成功[BP.WF.Node-89]放入缓存。
