-----------------------------------------------------------------------------------------------------
30日20时20分22秒Info:System');"成功[BP.Port.Emp-45]放入缓存。
30日20时20分23秒Info:System');"成功[BP.WF.FlowSort-6]放入缓存。
30日20时20分51秒Info:System');"成功[BP.WF.Node-98]放入缓存。
31日10时26分17秒Info:System');"成功[BP.WF.Flow-20]放入缓存。
31日10时26分19秒Fatal:System');"@没有[映射基础  Sys_MapData, 类[BP.Sys.MapData], 物理表[Sys_MapData] 实例。PK = DocType
31日10时26分19秒Fatal:System');"@没有[映射基础  Sys_MapData, 类[BP.Sys.MapData], 物理表[Sys_MapData] 实例。PK = XWType
31日10时26分25秒Fatal:System');"@没有[映射基础  Sys_MapData, 类[BP.Sys.MapData], 物理表[Sys_MapData] 实例。PK = DocType
31日10时26分25秒Fatal:System');"@没有[映射基础  Sys_MapData, 类[BP.Sys.MapData], 物理表[Sys_MapData] 实例。PK = XWType
31日10时26分25秒Info:System');"成功[BP.WF.FlowSort-6]放入缓存。
31日10时26分30秒Info:System');"成功[BP.WF.Flow-20]放入缓存。
31日10时26分35秒Info:System');"成功[BP.WF.Node-101]放入缓存。
31日10时29分19秒Info:System');"成功[BP.WF.Node-101]放入缓存。
31日10时29分25秒Info:System');"成功[BP.WF.Node-101]放入缓存。
31日10时31分08秒Info:System');"成功[BP.WF.Node-101]放入缓存。
31日10时33分04秒Info:System');"成功[BP.WF.Node-101]放入缓存。
31日10时33分14秒Info:System');"成功[BP.WF.Node-101]放入缓存。
31日10时33分30秒Info:System');"成功[BP.WF.Node-101]放入缓存。
31日10时33分44秒Info:System');"成功[BP.WF.Node-101]放入缓存。
31日10时33分54秒Info:System');"成功[BP.WF.Node-101]放入缓存。
31日10时34分04秒Info:System');"成功[BP.WF.Node-101]放入缓存。
31日10时34分16秒Info:System');"成功[BP.WF.Node-102]放入缓存。
31日10时34分37秒Info:System');"成功[BP.WF.Node-102]放入缓存。
31日10时35分00秒Info:System');"成功[BP.WF.Node-102]放入缓存。
31日10时43分04秒Info:System');"成功[BP.WF.Node-102]放入缓存。
31日10时46分54秒Info:System');"成功[BP.WF.Node-102]放入缓存。
31日10时53分39秒Info:System');"成功[BP.WF.Node-102]放入缓存。
31日10时58分21秒Info:System');"成功[BP.WF.Node-102]放入缓存。
31日11时00分37秒Info:System');"成功[BP.WF.Node-102]放入缓存。
31日11时01分22秒Info:System');"成功[BP.WF.Node-102]放入缓存。
31日11时01分28秒Info:System');"成功[BP.WF.Node-102]放入缓存。
31日11时01分34秒Info:System');"成功[BP.WF.Node-102]放入缓存。
31日11时02分17秒Info:System');"成功[BP.WF.Node-102]放入缓存。
31日11时02分22秒Info:System');"成功[BP.WF.Node-102]放入缓存。
31日11时05分32秒Info:System');"成功[BP.WF.Node-102]放入缓存。
31日11时05分35秒Info:System');"成功[BP.WF.Node-102]放入缓存。
31日11时06分18秒Info:System');"成功[BP.WF.Node-102]放入缓存。
31日11时06分28秒Info:System');"成功[BP.WF.Node-102]放入缓存。
31日11时06分44秒Info:System');"成功[BP.WF.Node-102]放入缓存。
31日11时06分55秒Info:System');"成功[BP.WF.Node-102]放入缓存。
31日11时07分03秒Info:System');"成功[BP.WF.Node-102]放入缓存。
31日11时07分39秒Info:System');"成功[BP.WF.Node-102]放入缓存。
31日11时38分05秒Info:System');"成功[BP.WF.Node-102]放入缓存。
31日11时57分42秒Info:System');"成功[BP.WF.Node-102]放入缓存。
31日16时35分24秒Info:System');"成功[BP.WF.Node-102]放入缓存。
31日16时40分05秒Info:System');"成功[BP.WF.Node-102]放入缓存。
31日17时44分49秒Info:System');"成功[BP.WF.Node-102]放入缓存。
31日19时21分30秒Info:System');"成功[BP.WF.Node-102]放入缓存。
