-----------------------------------------------------------------------------------------------------
26日17时22分59秒Info:System');"成功[BP.Port.Emp-49]放入缓存。
26日17时23分01秒Info:System');"成功[BP.WF.FlowSort-7]放入缓存。
-----------------------------------------------------------------------------------------------------
-----------------------------------------------------------------------------------------------------
26日17时46分14秒Info:System');"成功[BP.Port.Emp-45]放入缓存。
26日17时46分15秒Info:System');"成功[BP.WF.FlowSort-3]放入缓存。
-----------------------------------------------------------------------------------------------------
26日17时56分15秒Fatal:System');"@两次内存查询 EnName=BP.Port.Emp,PKVal=admin
26日17时56分16秒Fatal:System');"@两次内存查询 EnName=BP.Port.Emp,PKVal=admin
-----------------------------------------------------------------------------------------------------
26日18时10分12秒Info:System');"成功[BP.Port.Emp-45]放入缓存。
26日18时10分12秒Info:System');"成功[BP.WF.FlowSort-3]放入缓存。
26日18时10分16秒Info:System');"成功[BP.WF.FlowSort-4]放入缓存。
26日18时13分17秒Info:System');"成功[BP.WF.FlowSort-4]放入缓存。
26日18时14分40秒Info:System');"成功[BP.WF.Node-9]放入缓存。
26日18时15分06秒Fatal:System');"RunSQL_200705_OLE   SQL=ALTER TABLE WF_NODEFLOW ADD CONSTRAINT WF_NodeFlowpk  PRIMARY KEY(FK_NODE,FK_FLOW)主控键已存在。
26日18时15分06秒Fatal:System');"RunSQL_200705_OLE   SQL=CREATE INDEX WF_NodeFlowID ON WF_NodeFlow (FK_Node,FK_Flow)表 'WF_NodeFlow' 中已经有名为 'WF_NodeFlowID' 的索引。
26日18时15分06秒Fatal:System');"RunSQL_200705_OLE   SQL=ALTER TABLE WF_NODEFLOW ADD CONSTRAINT WF_NodeFlowpk  PRIMARY KEY(FK_NODE,FK_FLOW)主控键已存在。
26日18时15分06秒Fatal:System');"RunSQL_200705_OLE   SQL=CREATE INDEX WF_NodeFlowID ON WF_NodeFlow (FK_Node,FK_Flow)表 'WF_NodeFlow' 中已经有名为 'WF_NodeFlowID' 的索引。
26日18时15分20秒Fatal:System');"RunSQL_200705_OLE   SQL=ALTER TABLE WF_NODEFLOW ADD CONSTRAINT WF_NodeFlowpk  PRIMARY KEY(FK_NODE,FK_FLOW)主控键已存在。
26日18时15分20秒Fatal:System');"RunSQL_200705_OLE   SQL=CREATE INDEX WF_NodeFlowID ON WF_NodeFlow (FK_Node,FK_Flow)表 'WF_NodeFlow' 中已经有名为 'WF_NodeFlowID' 的索引。
26日18时15分20秒Fatal:System');"RunSQL_200705_OLE   SQL=ALTER TABLE WF_NODEFLOW ADD CONSTRAINT WF_NodeFlowpk  PRIMARY KEY(FK_NODE,FK_FLOW)主控键已存在。
26日18时15分20秒Fatal:System');"RunSQL_200705_OLE   SQL=CREATE INDEX WF_NodeFlowID ON WF_NodeFlow (FK_Node,FK_Flow)表 'WF_NodeFlow' 中已经有名为 'WF_NodeFlowID' 的索引。
-----------------------------------------------------------------------------------------------------
26日18时36分03秒Fatal:System');"@两次内存查询 EnName=BP.Port.Emp,PKVal=admin
26日18时36分03秒Fatal:System');"@两次内存查询 EnName=BP.Port.Emp,PKVal=admin
-----------------------------------------------------------------------------------------------------
26日18时38分37秒Fatal:System');"@两次内存查询 EnName=BP.Port.Emp,PKVal=admin
26日18时38分37秒Fatal:System');"@两次内存查询 EnName=BP.Port.Emp,PKVal=admin
-----------------------------------------------------------------------------------------------------
26日18时40分24秒Fatal:System');"@两次内存查询 EnName=BP.Port.Emp,PKVal=admin
26日18时40分24秒Fatal:System');"@两次内存查询 EnName=BP.Port.Emp,PKVal=admin
-----------------------------------------------------------------------------------------------------
26日18时43分12秒Fatal:System');"@两次内存查询 EnName=BP.Port.Emp,PKVal=admin
26日18时43分12秒Fatal:System');"@两次内存查询 EnName=BP.Port.Emp,PKVal=admin
26日18时45分34秒Fatal:System');"RunSQL_200705_OLE   SQL=ALTER TABLE WF_FLOWSORT ADD CONSTRAINT WF_FlowSortpk PRIMARY KEY(NO)CONSTRAINT 子句语法错误。
26日18时45分34秒Fatal:System');"RunSQL_200705_OLE   SQL=CREATE INDEX WF_FlowSortID ON WF_FlowSort (No)CREATE INDEX 语句中的语法错误。
26日18时45分34秒Fatal:System');"RunSQL_200705_OLE   SQL=ALTER TABLE WF_FLOWSORT ADD CONSTRAINT WF_FlowSortpk PRIMARY KEY(NO)CONSTRAINT 子句语法错误。
26日18时45分34秒Fatal:System');"RunSQL_200705_OLE   SQL=CREATE INDEX WF_FlowSortID ON WF_FlowSort (No)CREATE INDEX 语句中的语法错误。
-----------------------------------------------------------------------------------------------------
26日18时52分56秒Info:System');"成功[BP.Port.Emp-45]放入缓存。
26日18时52分56秒Info:System');"成功[BP.WF.FlowSort-4]放入缓存。
-----------------------------------------------------------------------------------------------------
26日18时56分43秒Info:System');"成功[BP.Port.Emp-45]放入缓存。
26日18时56分43秒Info:System');"成功[BP.WF.FlowSort-4]放入缓存。
26日18时56分49秒Info:System');"成功[BP.WF.Node-9]放入缓存。
26日18时56分49秒Info:System');"成功[BP.WF.Flow-5]放入缓存。
26日18时57分21秒Info:System');"成功[BP.WF.Node-9]放入缓存。
26日18时57分25秒Info:System');"成功[BP.WF.Node-9]放入缓存。
26日18时58分37秒Fatal:System');"RunSQL_200705_OLE   SQL=UPDATE WF_Node SET IsCCNode=0,IsCCFlow=0无法更新；当前被锁定。
-----------------------------------------------------------------------------------------------------
26日18时59分36秒Info:System');"成功[BP.Port.Emp-45]放入缓存。
26日18时59分36秒Info:System');"成功[BP.WF.FlowSort-4]放入缓存。
-----------------------------------------------------------------------------------------------------
26日19时00分14秒Info:System');"成功[BP.Port.Emp-45]放入缓存。
26日19时00分14秒Info:System');"成功[BP.WF.FlowSort-4]放入缓存。
26日19时00分56秒Info:System');"成功[BP.WF.FlowSort-4]放入缓存。
-----------------------------------------------------------------------------------------------------
26日19时10分04秒Info:System');"成功[BP.Port.Emp-45]放入缓存。
26日19时10分04秒Info:System');"成功[BP.WF.FlowSort-4]放入缓存。
26日19时10分10秒Info:System');"成功[BP.WF.Node-11]放入缓存。
26日19时10分38秒Info:System');"成功[BP.WF.FlowSort-4]放入缓存。
26日19时10分43秒Info:System');"成功[BP.WF.Node-13]放入缓存。
26日19时10分46秒Info:System');"成功[BP.WF.Flow-7]放入缓存。
26日19时11分11秒Info:System');"成功[BP.WF.Node-13]放入缓存。
26日19时18分45秒Info:System');"成功[BP.WF.FlowSort-4]放入缓存。
26日19时18分51秒Info:System');"成功[BP.WF.Node-15]放入缓存。
26日19时19分38秒Fatal:System');"RunSQL_200705_OLE   SQL=ALTER TABLE WF_NODE ADD CONSTRAINT WF_Nodepk PRIMARY KEY(NODEID)主控键已存在。
26日19时19分38秒Fatal:System');"RunSQL_200705_OLE   SQL=CREATE INDEX WF_NodeID ON WF_Node (NodeID)表 'WF_Node' 中已经有名为 'WF_NodeID' 的索引。
26日19时19分39秒Fatal:System');"RunSQL_200705_OLE   SQL=ALTER TABLE WF_NODE ADD CONSTRAINT WF_Nodepk PRIMARY KEY(NODEID)主控键已存在。
26日19时19分39秒Fatal:System');"RunSQL_200705_OLE   SQL=CREATE INDEX WF_NodeID ON WF_Node (NodeID)表 'WF_Node' 中已经有名为 'WF_NodeID' 的索引。
-----------------------------------------------------------------------------------------------------
26日20时36分36秒Info:System');"成功[BP.Port.Emp-45]放入缓存。
26日20时36分36秒Info:System');"成功[BP.WF.FlowSort-4]放入缓存。
26日20时36分42秒Info:System');"成功[BP.WF.Node-15]放入缓存。
26日21时55分12秒Info:System');"成功[BP.WF.Flow-8]放入缓存。
26日21时57分39秒Info:System');"成功[BP.WF.Node-15]放入缓存。
26日22时18分03秒Fatal:System');"RunSQL_200705_OLE   SQL=ALTER TABLE WF_NODEDEPT ADD CONSTRAINT WF_NodeDeptpk  PRIMARY KEY(FK_NODE,FK_DEPT)主控键已存在。
26日22时18分03秒Fatal:System');"RunSQL_200705_OLE   SQL=ALTER TABLE WF_NODEDEPT ADD CONSTRAINT WF_NodeDeptpk  PRIMARY KEY(FK_NODE,FK_DEPT)主控键已存在。
26日22时18分03秒Fatal:System');"RunSQL_200705_OLE   SQL=CREATE INDEX WF_NodeDeptID ON WF_NodeDept (FK_Node,FK_Dept)表 'WF_NodeDept' 中已经有名为 'WF_NodeDeptID' 的索引。
26日22时21分56秒Info:System');"成功[BP.WF.Node-16]放入缓存。
