-----------------------------------------------------------------------------------------------------
27日08时38分47秒Info:System');"成功[BP.Port.Emp-45]放入缓存。
27日08时38分50秒Info:System');"成功[BP.WF.FlowSort-4]放入缓存。
27日08时43分40秒Info:System');"成功[BP.WF.Node-16]放入缓存。
-----------------------------------------------------------------------------------------------------
-----------------------------------------------------------------------------------------------------
-----------------------------------------------------------------------------------------------------
-----------------------------------------------------------------------------------------------------
27日09时51分31秒Info:System');"成功[BP.Port.Emp-50]放入缓存。
27日09时51分31秒Info:System');"成功[BP.WF.FlowSort-7]放入缓存。
-----------------------------------------------------------------------------------------------------
27日11时15分05秒Info:System');"成功[BP.Port.Emp-50]放入缓存。
27日11时15分07秒Info:System');"成功[BP.WF.FlowSort-7]放入缓存。
-----------------------------------------------------------------------------------------------------
27日11时17分24秒Info:System');"成功[BP.Port.Emp-45]放入缓存。
27日11时17分24秒Info:System');"成功[BP.WF.FlowSort-4]放入缓存。
27日11时17分52秒Info:System');"成功[BP.WF.FlowSort-4]放入缓存。
27日11时17分59秒Info:System');"成功[BP.WF.Node-18]放入缓存。
27日11时18分01秒Info:System');"成功[BP.WF.Flow-9]放入缓存。
27日11时18分12秒Info:System');"成功[BP.WF.Node-18]放入缓存。
-----------------------------------------------------------------------------------------------------
27日21时53分51秒Info:System');"成功[BP.Port.Emp-45]放入缓存。
27日21时53分53秒Info:System');"成功[BP.WF.FlowSort-4]放入缓存。
27日21时54分09秒Info:System');"成功[BP.WF.Node-18]放入缓存。
27日21时54分09秒Info:System');"成功[BP.WF.Flow-9]放入缓存。
-----------------------------------------------------------------------------------------------------
27日23时19分05秒Info:System');"成功[BP.Port.Emp-45]放入缓存。
27日23时19分05秒Info:System');"成功[BP.WF.FlowSort-4]放入缓存。
27日23时31分29秒Info:System');"成功[BP.WF.Node-18]放入缓存。
