-----------------------------------------------------------------------------------------------------
29日10时43分18秒Info:System');"成功[BP.Port.Emp-50]放入缓存。
29日10时43分18秒Info:System');"成功[BP.WF.FlowSort-7]放入缓存。
-----------------------------------------------------------------------------------------------------
29日10时44分17秒Info:System');"成功[BP.Port.Emp-50]放入缓存。
29日10时44分17秒Info:System');"成功[BP.WF.FlowSort-7]放入缓存。
-----------------------------------------------------------------------------------------------------
29日10时44分48秒Info:System');"成功[BP.Port.Emp-50]放入缓存。
29日10时44分48秒Info:System');"成功[BP.WF.FlowSort-7]放入缓存。
29日10时45分01秒Info:System');"成功[BP.WF.Node-239]放入缓存。
-----------------------------------------------------------------------------------------------------
29日10时45分12秒Info:System');"成功[BP.Port.Emp-50]放入缓存。
29日10时45分12秒Info:System');"成功[BP.WF.FlowSort-7]放入缓存。
29日10时45分19秒Info:System');"成功[BP.WF.Node-239]放入缓存。
29日10时49分40秒Info:System');"成功[BP.WF.FlowSort-7]放入缓存。
29日10时49分44秒Info:System');"成功[BP.WF.Flow-20]放入缓存。
29日10时50分05秒Info:System');"成功[BP.WF.Node-243]放入缓存。
29日10时50分21秒Info:System');"成功[BP.WF.Node-243]放入缓存。
29日10时50分30秒Info:System');"成功[BP.WF.Node-243]放入缓存。
29日10时50分41秒Info:System');"成功[BP.WF.Node-243]放入缓存。
29日10时51分32秒Info:System');"成功[BP.WF.Node-243]放入缓存。
29日10时54分14秒Info:System');"成功[BP.WF.Node-243]放入缓存。
29日10时54分16秒Info:System');"成功[BP.WF.Node-243]放入缓存。
-----------------------------------------------------------------------------------------------------
29日11时13分11秒Info:System');"成功[BP.Port.Emp-50]放入缓存。
29日11时13分11秒Info:System');"成功[BP.WF.FlowSort-7]放入缓存。
29日11时13分35秒Info:System');"成功[BP.WF.FlowSort-7]放入缓存。
-----------------------------------------------------------------------------------------------------
29日11时21分12秒Info:System');"成功[BP.Port.Emp-50]放入缓存。
29日11时21分12秒Info:System');"成功[BP.WF.FlowSort-7]放入缓存。
