-----------------------------------------------------------------------------------------------------
22日13时27分43秒Fatal:System');"@两次内存查询 EnName=BP.Port.Emp,PKVal=admin
22日13时27分43秒Fatal:System');"@两次内存查询 EnName=BP.Port.Emp,PKVal=admin
-----------------------------------------------------------------------------------------------------
22日13时27分54秒Info:System');"成功[BP.Port.Emp-49]放入缓存。
22日13时27分54秒Info:System');"成功[BP.WF.FlowSort-7]放入缓存。
22日13时37分08秒Info:System');"成功[BP.WF.Node-256]放入缓存。
22日13时37分54秒Info:System');"成功[BP.WF.FlowSort-7]放入缓存。
22日13时38分33秒Info:System');"成功[BP.WF.Flow-26]放入缓存。
22日13时38分50秒Info:System');"成功[BP.WF.Node-260]放入缓存。
22日13时39分02秒Info:System');"成功[BP.WF.Node-260]放入缓存。
22日13时39分13秒Info:System');"成功[BP.WF.Node-260]放入缓存。
22日13时45分37秒Info:System');"成功[BP.WF.Node-260]放入缓存。
22日13时45分52秒Info:System');"成功[BP.WF.Node-260]放入缓存。
-----------------------------------------------------------------------------------------------------
22日14时22分33秒Info:System');"成功[BP.Port.Emp-49]放入缓存。
22日14时22分37秒Info:System');"成功[BP.WF.FlowSort-7]放入缓存。
22日14时22分52秒Info:System');"成功[BP.WF.Node-260]放入缓存。
22日14时37分24秒Info:System');"成功[BP.WF.Flow-26]放入缓存。
22日14时37分31秒Info:System');"成功[BP.WF.Node-260]放入缓存。
-----------------------------------------------------------------------------------------------------
22日14时48分26秒Info:System');"成功[BP.Port.Emp-49]放入缓存。
22日14时48分28秒Info:System');"成功[BP.WF.FlowSort-7]放入缓存。
22日14时48分40秒Info:System');"成功[BP.WF.Node-260]放入缓存。
22日14时48分40秒Info:System');"成功[BP.WF.Flow-26]放入缓存。
22日14时54分30秒Info:System');"成功[BP.WF.Node-260]放入缓存。
22日14时56分25秒Info:System');"成功[BP.WF.Node-260]放入缓存。
23日08时26分53秒Info:System');"成功[BP.WF.Node-260]放入缓存。
23日11时02分16秒Info:System');"成功[BP.WF.FlowSort-7]放入缓存。
23日11时02分26秒Info:System');"成功[BP.WF.Flow-27]放入缓存。
23日11时02分38秒Info:System');"成功[BP.WF.Node-264]放入缓存。
23日11时10分28秒Info:System');"成功[BP.WF.Node-264]放入缓存。
23日11时10分43秒Info:System');"成功[BP.WF.Node-264]放入缓存。
23日11时12分10秒Info:System');"成功[BP.WF.Node-264]放入缓存。
23日11时12分21秒Info:System');"成功[BP.WF.Node-264]放入缓存。
23日11时13分05秒Info:System');"成功[BP.WF.Node-264]放入缓存。
23日11时20分33秒Info:System');"成功[BP.WF.Node-264]放入缓存。
23日11时21分23秒Info:System');"成功[BP.WF.Node-264]放入缓存。
