-----------------------------------------------------------------------------------------------------
19日10时14分14秒Info:System');"成功[BP.Port.Emp-45]放入缓存。
19日10时14分16秒Info:System');"成功[BP.WF.FlowSort-3]放入缓存。
19日10时17分30秒Info:System');"成功[BP.WF.FlowSort-3]放入缓存。
-----------------------------------------------------------------------------------------------------
19日10时36分51秒Fatal:System');"@两次内存查询 EnName=BP.Port.Emp,PKVal=admin
19日10时36分51秒Fatal:System');"@两次内存查询 EnName=BP.Port.Emp,PKVal=admin
-----------------------------------------------------------------------------------------------------
19日10时40分50秒Info:System');"成功[BP.Port.Emp-49]放入缓存。
19日10时40分50秒Info:System');"成功[BP.WF.FlowSort-2]放入缓存。
-----------------------------------------------------------------------------------------------------
19日10时40分55秒Info:System');"成功[BP.Port.Emp-49]放入缓存。
19日10时40分56秒Info:System');"成功[BP.WF.FlowSort-2]放入缓存。
19日10时48分33秒Info:System');"成功[BP.WF.FlowSort-2]放入缓存。
19日11时02分51秒Info:System');"成功[BP.Sys.MapData-6]放入缓存。
19日11时03分09秒Info:System');"成功[BP.WF.Node-4]放入缓存。
-----------------------------------------------------------------------------------------------------
19日11时06分09秒Info:System');"成功[BP.Port.Emp-49]放入缓存。
19日11时06分09秒Info:System');"成功[BP.WF.FlowSort-2]放入缓存。
19日11时06分29秒Fatal:System');"RunSQL2   SQL=ALTER TABLE SYS_ENUM ADD CONSTRAINT Sys_Enumpk PRIMARY KEY(MYPK)列名 'MYPK' 在目标表或视图中不存在。
无法创建约束。请参阅前面的错误消息。
19日11时06分29秒Fatal:System');"RunSQL2   SQL=CREATE INDEX Sys_EnumID ON Sys_Enum (MyPK)列名 'MyPK' 在目标表或视图中不存在。
19日11时06分30秒Fatal:System');"RunSQL2   SQL=ALTER TABLE SYS_ENUM ADD CONSTRAINT Sys_Enumpk PRIMARY KEY(MYPK)无法在表 'SYS_ENUM' 中可为空的列上定义 PRIMARY KEY 约束。
无法创建约束。请参阅前面的错误消息。
19日11时06分31秒Fatal:System');"RunSQL2   SQL=CREATE INDEX WF_FlowID ON WF_Flow (No)操作失败，因为在 表 'WF_Flow' 上已存在名称为 'WF_FlowID' 的索引或统计信息。
-----------------------------------------------------------------------------------------------------
19日11时07分51秒Info:System');"成功[BP.Port.Emp-49]放入缓存。
-----------------------------------------------------------------------------------------------------
19日11时11分40秒Info:System');"成功[BP.Port.Emp-49]放入缓存。
-----------------------------------------------------------------------------------------------------
19日11时12分33秒Info:System');"成功[BP.Port.Emp-49]放入缓存。
19日11时12分34秒Info:System');"成功[BP.WF.FlowSort-2]放入缓存。
-----------------------------------------------------------------------------------------------------
19日20时52分15秒Info:System');"成功[BP.Port.Emp-49]放入缓存。
-----------------------------------------------------------------------------------------------------
19日20时53分24秒Info:System');"成功[BP.Port.Emp-49]放入缓存。
-----------------------------------------------------------------------------------------------------
19日20时56分34秒Info:System');"成功[BP.Port.Emp-49]放入缓存。
-----------------------------------------------------------------------------------------------------
19日21时01分57秒Info:System');"成功[BP.Port.Emp-49]放入缓存。
-----------------------------------------------------------------------------------------------------
19日21时03分04秒Info:System');"成功[BP.Port.Emp-49]放入缓存。
-----------------------------------------------------------------------------------------------------
19日21时05分54秒Info:System');"成功[BP.Port.Emp-49]放入缓存。
-----------------------------------------------------------------------------------------------------
19日21时11分07秒Info:System');"成功[BP.Port.Emp-49]放入缓存。
-----------------------------------------------------------------------------------------------------
19日21时12分23秒Info:System');"成功[BP.Port.Emp-49]放入缓存。
19日21时12分23秒Info:System');"成功[BP.WF.FlowSort-2]放入缓存。
-----------------------------------------------------------------------------------------------------
19日21时13分19秒Info:System');"成功[BP.Port.Emp-49]放入缓存。
-----------------------------------------------------------------------------------------------------
19日21时14分57秒Info:System');"成功[BP.Port.Emp-49]放入缓存。
-----------------------------------------------------------------------------------------------------
19日21时16分22秒Info:System');"成功[BP.Port.Emp-49]放入缓存。
-----------------------------------------------------------------------------------------------------
19日21时16分48秒Info:System');"成功[BP.Port.Emp-49]放入缓存。
19日21时16分49秒Info:System');"成功[BP.WF.FlowSort-2]放入缓存。
-----------------------------------------------------------------------------------------------------
19日23时14分13秒Info:System');"成功[BP.Port.Emp-49]放入缓存。
19日23时14分14秒Info:System');"成功[BP.WF.FlowSort-2]放入缓存。
19日23时14分20秒Info:System');"成功[BP.WF.Node-4]放入缓存。
