-----------------------------------------------------------------------------------------------------
01日20时15分01秒Fatal:System');"@两次内存查询 EnName=BP.Port.Emp,PKVal=admin
01日20时15分01秒Fatal:System');"@两次内存查询 EnName=BP.Port.Emp,PKVal=admin
-----------------------------------------------------------------------------------------------------
01日20时16分34秒Info:System');"成功[BP.Port.Emp-50]放入缓存。
01日20时16分35秒Info:System');"成功[BP.WF.FlowSort-7]放入缓存。
01日20时18分44秒Info:System');"成功[BP.WF.Node-245]放入缓存。
-----------------------------------------------------------------------------------------------------
01日20时35分22秒Info:System');"成功[BP.Port.Emp-50]放入缓存。
01日20时35分22秒Info:System');"成功[BP.WF.FlowSort-7]放入缓存。
-----------------------------------------------------------------------------------------------------
01日20时40分48秒Info:System');"成功[BP.Port.Emp-50]放入缓存。
01日20时40分48秒Info:System');"成功[BP.WF.FlowSort-7]放入缓存。
-----------------------------------------------------------------------------------------------------
01日20时43分27秒Info:System');"成功[BP.Port.Emp-50]放入缓存。
01日20时43分27秒Info:System');"成功[BP.WF.FlowSort-7]放入缓存。
-----------------------------------------------------------------------------------------------------
01日20时43分47秒Info:System');"成功[BP.Port.Emp-50]放入缓存。
01日20时43分47秒Info:System');"成功[BP.WF.FlowSort-7]放入缓存。
-----------------------------------------------------------------------------------------------------
01日20时49分22秒Info:System');"成功[BP.Port.Emp-50]放入缓存。
01日20时49分23秒Info:System');"成功[BP.WF.FlowSort-7]放入缓存。
-----------------------------------------------------------------------------------------------------
01日20时55分05秒Info:System');"成功[BP.Port.Emp-50]放入缓存。
01日20时55分05秒Info:System');"成功[BP.WF.FlowSort-7]放入缓存。
-----------------------------------------------------------------------------------------------------
01日20时57分54秒Info:System');"成功[BP.Port.Emp-50]放入缓存。
01日20时57分55秒Info:System');"成功[BP.WF.FlowSort-7]放入缓存。
-----------------------------------------------------------------------------------------------------
01日20时59分03秒Info:System');"成功[BP.Port.Emp-50]放入缓存。
01日20时59分03秒Info:System');"成功[BP.WF.FlowSort-7]放入缓存。
-----------------------------------------------------------------------------------------------------
01日21时00分05秒Info:System');"成功[BP.Port.Emp-50]放入缓存。
01日21时00分05秒Info:System');"成功[BP.WF.FlowSort-7]放入缓存。
-----------------------------------------------------------------------------------------------------
01日21时00分46秒Info:System');"成功[BP.Port.Emp-50]放入缓存。
01日21时00分46秒Info:System');"成功[BP.WF.FlowSort-7]放入缓存。
-----------------------------------------------------------------------------------------------------
01日21时01分45秒Info:System');"成功[BP.Port.Emp-50]放入缓存。
01日21时01分45秒Info:System');"成功[BP.WF.FlowSort-7]放入缓存。
01日21时02分10秒Info:System');"成功[BP.WF.Node-245]放入缓存。
-----------------------------------------------------------------------------------------------------
01日21时16分15秒Info:System');"成功[BP.Port.Emp-50]放入缓存。
01日21时16分15秒Info:System');"成功[BP.WF.FlowSort-7]放入缓存。
01日21时16分38秒Info:System');"成功[BP.WF.Node-245]放入缓存。
-----------------------------------------------------------------------------------------------------
01日21时39分24秒Info:System');"成功[BP.Port.Emp-50]放入缓存。
01日21时39分24秒Info:System');"成功[BP.WF.FlowSort-7]放入缓存。
01日21时39分31秒Info:System');"成功[BP.WF.Node-245]放入缓存。
-----------------------------------------------------------------------------------------------------
01日21时41分23秒Info:System');"成功[BP.Port.Emp-50]放入缓存。
01日21时41分24秒Info:System');"成功[BP.WF.FlowSort-7]放入缓存。
01日21时41分35秒Info:System');"成功[BP.WF.Node-245]放入缓存。
