-----------------------------------------------------------------------------------------------------
02日11时09分49秒Info:System');"成功[BP.Port.Emp-45]放入缓存。
02日11时09分49秒Info:System');"成功[BP.WF.FlowSort-4]放入缓存。
-----------------------------------------------------------------------------------------------------
02日11时10分24秒Info:System');"成功[BP.Port.Emp-45]放入缓存。
02日11时10分24秒Info:System');"成功[BP.WF.FlowSort-4]放入缓存。
-----------------------------------------------------------------------------------------------------
02日11时15分56秒Info:System');"成功[BP.Port.Emp-45]放入缓存。
02日11时15分57秒Info:System');"成功[BP.WF.FlowSort-4]放入缓存。
02日11时16分03秒Info:System');"成功[BP.WF.FlowSort-4]放入缓存。
02日11时16分07秒Info:System');"成功[BP.WF.FlowSort-4]放入缓存。
02日11时16分12秒Info:System');"成功[BP.WF.FlowSort-4]放入缓存。
02日11时16分16秒Info:System');"成功[BP.WF.FlowSort-4]放入缓存。
02日11时16分21秒Info:System');"成功[BP.WF.FlowSort-4]放入缓存。
02日11时16分25秒Info:System');"成功[BP.WF.FlowSort-4]放入缓存。
02日11时16分30秒Info:System');"成功[BP.WF.FlowSort-4]放入缓存。
02日11时16分35秒Info:System');"成功[BP.WF.FlowSort-4]放入缓存。
02日11时16分39秒Info:System');"成功[BP.WF.FlowSort-4]放入缓存。
02日11时17分46秒Info:System');"成功[BP.WF.FlowSort-4]放入缓存。
02日11时18分10秒Info:System');"成功[BP.WF.Node-2]放入缓存。
02日11时18分10秒Info:System');"成功[BP.WF.Flow-1]放入缓存。
02日11时27分07秒Info:System');"成功[BP.WF.Node-2]放入缓存。
-----------------------------------------------------------------------------------------------------
02日11时42分15秒Info:System');"成功[BP.Port.Emp-45]放入缓存。
02日11时42分15秒Info:System');"成功[BP.WF.FlowSort-4]放入缓存。
02日11时48分19秒Info:System');"成功[BP.WF.Node-2]放入缓存。
02日14时07分32秒Info:System');"成功[BP.WF.Flow-1]放入缓存。
02日14时07分37秒Info:System');"成功[BP.WF.Node-3]放入缓存。
-----------------------------------------------------------------------------------------------------
02日16时55分06秒Info:System');"成功[BP.Port.Emp-50]放入缓存。
02日16时55分07秒Info:System');"成功[BP.WF.FlowSort-7]放入缓存。
02日16时55分14秒Info:System');"成功[BP.WF.FlowSort-7]放入缓存。
02日16时55分24秒Info:System');"成功[BP.WF.FlowSort-7]放入缓存。
02日16时55分33秒Info:System');"成功[BP.WF.Node-241]放入缓存。
-----------------------------------------------------------------------------------------------------
02日17时00分31秒Info:System');"成功[BP.Port.Emp-50]放入缓存。
02日17时00分31秒Info:System');"成功[BP.WF.FlowSort-7]放入缓存。
02日17时00分37秒Info:System');"成功[BP.WF.FlowSort-7]放入缓存。
-----------------------------------------------------------------------------------------------------
02日17时12分13秒Info:System');"成功[BP.Port.Emp-50]放入缓存。
02日17时12分13秒Info:System');"成功[BP.WF.FlowSort-7]放入缓存。
02日17时12分21秒Info:System');"成功[BP.WF.FlowSort-7]放入缓存。
-----------------------------------------------------------------------------------------------------
02日17时20分06秒Info:System');"成功[BP.Port.Emp-50]放入缓存。
02日17时20分06秒Info:System');"成功[BP.WF.FlowSort-7]放入缓存。
02日17时20分21秒Info:System');"成功[BP.WF.FlowSort-7]放入缓存。
02日17时20分26秒Info:System');"成功[BP.WF.FlowSort-7]放入缓存。
02日17时22分49秒Info:System');"成功[BP.WF.FlowSort-7]放入缓存。
02日17时23分02秒Info:System');"成功[BP.WF.FlowSort-7]放入缓存。
02日17时25分28秒Info:System');"成功[BP.WF.FlowSort-7]放入缓存。
02日17时29分38秒Info:System');"成功[BP.WF.FlowSort-7]放入缓存。
02日17时33分08秒Info:System');"成功[BP.WF.FlowSort-7]放入缓存。
-----------------------------------------------------------------------------------------------------
02日17时40分08秒Info:System');"成功[BP.Port.Emp-50]放入缓存。
02日17时40分08秒Info:System');"成功[BP.WF.FlowSort-7]放入缓存。
02日17时40分24秒Info:System');"成功[BP.WF.FlowSort-7]放入缓存。
02日17时40分51秒Info:System');"成功[BP.WF.FlowSort-7]放入缓存。
02日17时41分26秒Info:System');"成功[BP.WF.FlowSort-7]放入缓存。
02日19时04分34秒Info:System');"成功[BP.WF.FlowSort-7]放入缓存。
02日19时04分35秒Info:System');"成功[BP.WF.FlowSort-7]放入缓存。
-----------------------------------------------------------------------------------------------------
02日19时04分47秒Info:System');"成功[BP.Port.Emp-50]放入缓存。
02日19时04分49秒Info:System');"成功[BP.WF.FlowSort-7]放入缓存。
02日19时08分28秒Info:System');"成功[BP.WF.Node-106]放入缓存。
-----------------------------------------------------------------------------------------------------
02日19时40分06秒Info:System');"成功[BP.Port.Emp-50]放入缓存。
02日19时40分07秒Info:System');"成功[BP.WF.FlowSort-7]放入缓存。
02日19时41分39秒Info:System');"成功[BP.WF.Node-105]放入缓存。
-----------------------------------------------------------------------------------------------------
02日19时42分40秒Info:System');"成功[BP.Port.Emp-50]放入缓存。
02日19时42分41秒Info:System');"成功[BP.WF.FlowSort-7]放入缓存。
-----------------------------------------------------------------------------------------------------
02日19时49分28秒Info:System');"成功[BP.Port.Emp-50]放入缓存。
02日19时49分28秒Info:System');"成功[BP.WF.FlowSort-7]放入缓存。
03日16时28分52秒Info:System');"成功[BP.WF.Node-241]放入缓存。
