-----------------------------------------------------------------------------------------------------
04日08时53分12秒Info:System');"成功[BP.Port.Emp-50]放入缓存。
04日08时53分12秒Info:System');"成功[BP.WF.FlowSort-7]放入缓存。
04日08时53分27秒Info:System');"成功[BP.WF.FlowSort-7]放入缓存。
04日08时55分28秒Info:System');"成功[BP.WF.FlowSort-7]放入缓存。
04日08时55分33秒Info:System');"成功[BP.WF.Flow-19]放入缓存。
04日08时55分46秒Info:System');"成功[BP.WF.Node-241]放入缓存。
04日08时56分04秒Info:System');"成功[BP.WF.Node-241]放入缓存。
04日08时56分18秒Info:System');"成功[BP.WF.Node-241]放入缓存。
04日08时56分27秒Info:System');"成功[BP.WF.Node-241]放入缓存。
04日08时56分38秒Info:System');"成功[BP.WF.Node-241]放入缓存。
04日08时56分51秒Info:System');"成功[BP.WF.Node-241]放入缓存。
04日09时19分14秒Info:System');"成功[BP.WF.Node-241]放入缓存。
04日09时36分26秒Info:System');"成功[BP.WF.Node-241]放入缓存。
04日09时37分12秒Info:System');"成功[BP.WF.Node-241]放入缓存。
04日09时38分06秒Info:System');"成功[BP.WF.Node-241]放入缓存。
04日09时54分01秒Info:System');"成功[BP.WF.Node-241]放入缓存。
04日09时54分02秒Info:System');"成功[BP.WF.Node-242]放入缓存。
04日09时56分55秒Info:System');"成功[BP.WF.Node-242]放入缓存。
04日09时59分34秒Info:System');"成功[BP.WF.FlowSort-7]放入缓存。
04日09时59分38秒Info:System');"成功[BP.WF.Flow-20]放入缓存。
04日09时59分45秒Info:System');"成功[BP.WF.Node-245]放入缓存。
04日10时01分54秒Info:System');"成功[BP.WF.Node-245]放入缓存。
04日10时02分05秒Info:System');"成功[BP.WF.Node-245]放入缓存。
04日10时02分26秒Info:System');"成功[BP.WF.Node-246]放入缓存。
04日10时02分39秒Info:System');"成功[BP.WF.Node-246]放入缓存。
04日10时03分01秒Info:System');"成功[BP.WF.Node-246]放入缓存。
04日10时03分08秒Info:System');"成功[BP.WF.Node-246]放入缓存。
04日10时03分19秒Info:System');"成功[BP.WF.Node-246]放入缓存。
04日10时12分35秒Info:System');"成功[BP.WF.Node-247]放入缓存。
04日10时13分12秒Info:System');"成功[BP.WF.Node-248]放入缓存。
04日10时13分16秒Info:System');"成功[BP.WF.Node-249]放入缓存。
04日10时13分17秒Info:System');"成功[BP.WF.Node-250]放入缓存。
04日10时14分49秒Info:System');"成功[BP.WF.Node-251]放入缓存。
04日10时15分02秒Info:System');"成功[BP.WF.Node-251]放入缓存。
04日10时15分10秒Info:System');"成功[BP.WF.Node-251]放入缓存。
04日10时15分19秒Info:System');"成功[BP.WF.Node-251]放入缓存。
04日10时19分12秒Info:System');"成功[BP.WF.Node-251]放入缓存。
04日10时26分25秒Info:System');"成功[BP.WF.Node-251]放入缓存。
04日10时45分46秒Info:System');"成功[BP.WF.Node-251]放入缓存。
04日11时06分15秒Info:System');"成功[BP.WF.Node-250]放入缓存。
04日11时09分58秒Info:System');"成功[BP.WF.Node-250]放入缓存。
04日11时14分12秒Info:System');"成功[BP.WF.Node-250]放入缓存。
04日11时16分37秒Info:System');"成功[BP.WF.Node-250]放入缓存。
04日11时20分03秒Info:System');"成功[BP.WF.Node-250]放入缓存。
04日11时51分18秒Info:System');"成功[BP.WF.FlowSort-7]放入缓存。
04日11时51分18秒Info:System');"成功[BP.WF.FlowSort-7]放入缓存。
04日11时53分43秒Info:System');"成功[BP.WF.Node-247]放入缓存。
04日11时53分43秒Info:System');"成功[BP.WF.Flow-20]放入缓存。
-----------------------------------------------------------------------------------------------------
04日12时07分48秒Info:System');"成功[BP.Port.Emp-50]放入缓存。
04日12时07分49秒Info:System');"成功[BP.WF.FlowSort-7]放入缓存。
04日12时07分59秒Info:System');"成功[BP.WF.FlowSort-7]放入缓存。
04日12时09分34秒Info:System');"成功[BP.WF.FlowSort-7]放入缓存。
04日12时09分58秒Info:System');"成功[BP.WF.Node-6]放入缓存。
-----------------------------------------------------------------------------------------------------
04日12时25分30秒Info:System');"成功[BP.Port.Emp-50]放入缓存。
04日12时25分30秒Info:System');"成功[BP.WF.FlowSort-7]放入缓存。
04日12时30分15秒Info:System');"成功[BP.WF.Node-247]放入缓存。
04日12时36分50秒Info:System');"成功[BP.WF.Flow-20]放入缓存。
04日12时38分40秒Info:System');"成功[BP.WF.Node-247]放入缓存。
-----------------------------------------------------------------------------------------------------
04日14时42分33秒Info:System');"成功[BP.Port.Emp-50]放入缓存。
04日14时42分34秒Info:System');"成功[BP.WF.FlowSort-7]放入缓存。
04日14时43分18秒Info:System');"成功[BP.WF.FlowSort-7]放入缓存。
04日14时43分26秒Info:System');"成功[BP.WF.Node-249]放入缓存。
04日14时43分26秒Info:System');"成功[BP.WF.Flow-21]放入缓存。
-----------------------------------------------------------------------------------------------------
04日14时43分38秒Info:System');"成功[BP.Port.Emp-50]放入缓存。
04日14时43分38秒Info:System');"成功[BP.WF.FlowSort-7]放入缓存。
04日14时43分44秒Info:System');"成功[BP.WF.Node-249]放入缓存。
04日14时43分44秒Info:System');"成功[BP.WF.Flow-21]放入缓存。
04日14时45分17秒Info:System');"成功[BP.WF.Node-249]放入缓存。
04日14时56分56秒Info:System');"成功[BP.WF.Node-249]放入缓存。
04日14时57分13秒Info:System');"成功[BP.WF.Node-249]放入缓存。
04日15时01分09秒Info:System');"成功[BP.WF.Node-249]放入缓存。
04日15时06分50秒Info:System');"成功[BP.WF.Node-249]放入缓存。
04日15时47分51秒Info:System');"成功[BP.WF.Node-249]放入缓存。
04日15时54分10秒Info:System');"成功[BP.WF.Node-250]放入缓存。
04日16时26分37秒Info:System');"成功[BP.WF.Node-249]放入缓存。
04日16时27分09秒Info:System');"成功[BP.WF.FlowSort-7]放入缓存。
04日16时27分13秒Info:System');"成功[BP.WF.Flow-22]放入缓存。
04日16时54分22秒Info:System');"成功[BP.WF.Node-257]放入缓存。
04日17时13分25秒Info:System');"成功[BP.WF.Node-257]放入缓存。
04日17时13分51秒Info:System');"成功[BP.WF.Node-257]放入缓存。
04日17时27分16秒Info:System');"成功[BP.WF.Node-257]放入缓存。
04日17时31分47秒Info:System');"成功[BP.WF.Node-258]放入缓存。
04日17时31分58秒Info:System');"成功[BP.WF.Node-258]放入缓存。
04日17时36分25秒Info:System');"成功[BP.WF.Node-258]放入缓存。
04日17时39分22秒Info:System');"成功[BP.WF.Node-259]放入缓存。
04日17时43分12秒Info:System');"成功[BP.WF.Node-260]放入缓存。
04日17时54分32秒Info:System');"成功[BP.WF.Node-260]放入缓存。
