-----------------------------------------------------------------------------------------------------
16日13时51分47秒Info:System');"成功[BP.Port.Emp-50]放入缓存。
16日13时51分48秒Info:System');"成功[BP.WF.FlowSort-7]放入缓存。
16日13时52分20秒Info:System');"成功[BP.WF.FlowSort-7]放入缓存。
16日13时52分33秒Info:System');"成功[BP.WF.Node-247]放入缓存。
-----------------------------------------------------------------------------------------------------
16日14时17分39秒Info:System');"成功[BP.Port.Emp-50]放入缓存。
16日14时17分39秒Info:System');"成功[BP.WF.FlowSort-7]放入缓存。
16日14时17分49秒Info:System');"成功[BP.WF.Flow-23]放入缓存。
16日14时18分18秒Info:System');"成功[BP.WF.FlowSort-7]放入缓存。
16日14时18分25秒Info:System');"成功[BP.WF.Node-249]放入缓存。
-----------------------------------------------------------------------------------------------------
16日14时38分03秒Info:System');"成功[BP.Port.Emp-50]放入缓存。
16日14时38分03秒Info:System');"成功[BP.WF.FlowSort-7]放入缓存。
16日14时38分08秒Info:System');"成功[BP.WF.Flow-24]放入缓存。
16日14时38分21秒Info:System');"成功[BP.WF.FlowSort-7]放入缓存。
16日14时38分25秒Info:System');"成功[BP.WF.Node-251]放入缓存。
-----------------------------------------------------------------------------------------------------
16日14时47分17秒Info:System');"成功[BP.Port.Emp-50]放入缓存。
16日14时47分17秒Info:System');"成功[BP.WF.FlowSort-7]放入缓存。
16日14时50分22秒Info:System');"成功[BP.WF.Node-251]放入缓存。
16日14时50分59秒Info:System');"成功[BP.WF.FlowSort-7]放入缓存。
16日14时51分09秒Info:System');"成功[BP.WF.FlowSort-7]放入缓存。
16日14时51分13秒Info:System');"成功[BP.WF.FlowSort-7]放入缓存。
16日14时51分17秒Info:System');"成功[BP.WF.FlowSort-7]放入缓存。
16日14时51分21秒Info:System');"成功[BP.WF.FlowSort-7]放入缓存。
16日14时51分25秒Info:System');"成功[BP.WF.FlowSort-7]放入缓存。
16日14时51分28秒Info:System');"成功[BP.WF.Flow-19]放入缓存。
16日14时51分34秒Info:System');"成功[BP.WF.FlowSort-7]放入缓存。
16日14时52分43秒Info:System');"成功[BP.WF.Node-241]放入缓存。
16日14时53分13秒Info:System');"成功[BP.WF.FlowSort-7]放入缓存。
-----------------------------------------------------------------------------------------------------
16日14时54分40秒Info:System');"成功[BP.Port.Emp-50]放入缓存。
16日14时54分41秒Info:System');"成功[BP.WF.FlowSort-7]放入缓存。
16日14时54分43秒Info:System');"成功[BP.WF.Flow-19]放入缓存。
16日14时54分49秒Info:System');"成功[BP.WF.FlowSort-7]放入缓存。
16日14时54分54秒Info:System');"成功[BP.WF.Node-241]放入缓存。
-----------------------------------------------------------------------------------------------------
16日15时28分11秒Info:System');"成功[BP.Port.Emp-50]放入缓存。
16日15时28分11秒Info:System');"成功[BP.WF.FlowSort-7]放入缓存。
-----------------------------------------------------------------------------------------------------
16日20时14分29秒Info:System');"成功[BP.Port.Emp-50]放入缓存。
16日20时14分29秒Info:System');"成功[BP.WF.FlowSort-7]放入缓存。
16日20时15分08秒Info:System');"成功[BP.WF.Node-241]放入缓存。
