-----------------------------------------------------------------------------------------------------
10日09时09分56秒Fatal:System');"@两次内存查询 EnName=BP.Port.Emp,PKVal=admin
10日09时09分56秒Fatal:System');"@两次内存查询 EnName=BP.Port.Emp,PKVal=admin
-----------------------------------------------------------------------------------------------------
10日10时48分11秒Info:System');"成功[BP.Port.Emp-50]放入缓存。
10日10时48分11秒Info:System');"成功[BP.WF.FlowSort-7]放入缓存。
10日10时51分03秒Info:System');"成功[BP.WF.Node-239]放入缓存。
10日11时20分47秒Info:System');"成功[BP.WF.Flow-18]放入缓存。
10日11时21分34秒Info:System');"成功[BP.WF.Node-239]放入缓存。
10日11时55分46秒Info:System');"成功[BP.WF.FlowSort-2]放入缓存。
-----------------------------------------------------------------------------------------------------
10日12时36分56秒Info:System');"成功[BP.Port.Emp-50]放入缓存。
10日12时36分56秒Info:System');"成功[BP.WF.FlowSort-7]放入缓存。
-----------------------------------------------------------------------------------------------------
10日13时47分46秒Info:System');"成功[BP.Port.Emp-50]放入缓存。
10日13时47分46秒Info:System');"成功[BP.WF.FlowSort-7]放入缓存。
10日14时07分35秒Info:System');"成功[BP.WF.Node-239]放入缓存。
10日14时07分35秒Info:System');"成功[BP.WF.Flow-18]放入缓存。
-----------------------------------------------------------------------------------------------------
10日14时38分51秒Info:System');"成功[BP.Port.Emp-50]放入缓存。
10日14时38分51秒Info:System');"成功[BP.WF.FlowSort-7]放入缓存。
-----------------------------------------------------------------------------------------------------
10日21时57分37秒Info:System');"成功[BP.Port.Emp-50]放入缓存。
10日21时57分38秒Info:System');"成功[BP.WF.FlowSort-7]放入缓存。
10日21时57分43秒Info:System');"成功[BP.WF.Node-239]放入缓存。
10日21时57分43秒Info:System');"成功[BP.WF.Flow-18]放入缓存。
10日22时21分58秒Info:System');"成功[BP.Sys.MapData-283]放入缓存。
