-----------------------------------------------------------------------------------------------------
20日10时41分51秒Info:System');"成功[BP.Port.Emp-50]放入缓存。
20日10时41分51秒Info:System');"成功[BP.WF.FlowSort-7]放入缓存。
20日10时41分58秒Info:System');"成功[BP.WF.Flow-19]放入缓存。
20日10时41分58秒Info:System');"成功[BP.WF.Node-241]放入缓存。
20日10时42分03秒Info:System');"成功[BP.WF.Node-242]放入缓存。
20日10时42分11秒Info:System');"成功[BP.WF.Node-241]放入缓存。
20日10时42分53秒Info:System');"成功[BP.WF.Node-242]放入缓存。
20日10时47分53秒Info:System');"成功[BP.WF.Node-242]放入缓存。
20日10时49分08秒Info:System');"成功[BP.WF.Node-243]放入缓存。
20日10时49分19秒Info:System');"成功[BP.WF.Node-243]放入缓存。
-----------------------------------------------------------------------------------------------------
20日10时56分36秒Info:System');"成功[BP.Port.Emp-50]放入缓存。
20日10时56分37秒Info:System');"成功[BP.WF.FlowSort-7]放入缓存。
20日10时56分40秒Info:System');"成功[BP.WF.Flow-19]放入缓存。
20日10时56分40秒Info:System');"成功[BP.WF.Node-242]放入缓存。
20日10时56分45秒Info:System');"成功[BP.WF.Node-243]放入缓存。
20日10时56分52秒Info:System');"成功[BP.WF.Node-244]放入缓存。
20日10时57分09秒Info:System');"成功[BP.WF.Node-242]放入缓存。
20日10时57分43秒Info:System');"成功[BP.WF.Node-242]放入缓存。
20日10时57分47秒Info:System');"成功[BP.WF.Node-243]放入缓存。
20日10时57分52秒Info:System');"成功[BP.WF.Node-243]放入缓存。
20日10时58分28秒Info:System');"成功[BP.WF.Node-244]放入缓存。
20日10时58分49秒Info:System');"成功[BP.WF.Flow-20]放入缓存。
20日10时58分55秒Info:System');"成功[BP.WF.FlowSort-7]放入缓存。
-----------------------------------------------------------------------------------------------------
20日11时10分18秒Info:System');"成功[BP.Port.Emp-50]放入缓存。
20日11时10分18秒Info:System');"成功[BP.WF.FlowSort-7]放入缓存。
20日11时10分23秒Info:System');"成功[BP.WF.Flow-20]放入缓存。
20日11时10分43秒Info:System');"成功[BP.WF.Node-245]放入缓存。
20日11时12分32秒Info:System');"成功[BP.WF.Node-246]放入缓存。
-----------------------------------------------------------------------------------------------------
20日13时50分33秒Info:System');"成功[BP.Port.Emp-50]放入缓存。
20日13时50分33秒Info:System');"成功[BP.WF.FlowSort-7]放入缓存。
20日13时50分50秒Info:System');"成功[BP.WF.Node-245]放入缓存。
20日13时51分01秒Info:System');"成功[BP.WF.FlowSort-7]放入缓存。
20日14时13分34秒Info:System');"成功[BP.WF.Flow-20]放入缓存。
20日14时14分32秒Info:System');"成功[BP.WF.FlowSort-7]放入缓存。
20日14时15分11秒Info:System');"成功[BP.WF.FlowSort-7]放入缓存。
20日14时15分26秒Info:System');"成功[BP.WF.FlowSort-7]放入缓存。
20日14时16分06秒Info:System');"成功[BP.WF.Node-247]放入缓存。
20日14时16分22秒Info:System');"成功[BP.WF.Node-247]放入缓存。
20日14时16分33秒Info:System');"成功[BP.WF.Node-247]放入缓存。
20日14时16分50秒Info:System');"成功[BP.WF.Node-247]放入缓存。
20日14时17分50秒Info:System');"成功[BP.WF.Node-247]放入缓存。
20日14时25分35秒Info:System');"成功[BP.WF.Node-247]放入缓存。
20日14时31分25秒Info:System');"成功[BP.WF.Node-248]放入缓存。
20日14时31分52秒Info:System');"成功[BP.WF.Node-248]放入缓存。
20日15时03分24秒Info:System');"成功[BP.WF.Node-248]放入缓存。
20日15时04分40秒Info:System');"成功[BP.WF.Node-248]放入缓存。
20日15时08分30秒Info:System');"成功[BP.WF.Node-248]放入缓存。
20日15时10分33秒Info:System');"成功[BP.WF.Node-248]放入缓存。
20日15时10分51秒Info:System');"成功[BP.WF.Node-248]放入缓存。
20日15时15分06秒Info:System');"成功[BP.WF.Node-248]放入缓存。
20日15时15分32秒Info:System');"成功[BP.WF.Node-248]放入缓存。
20日15时17分20秒Info:System');"成功[BP.WF.Node-248]放入缓存。
20日15时19分19秒Info:System');"成功[BP.WF.Flow-21]放入缓存。
20日15时19分37秒Info:System');"成功[BP.WF.FlowSort-7]放入缓存。
20日15时40分07秒Info:System');"成功[BP.WF.Flow-21]放入缓存。
20日16时31分37秒Info:System');"成功[BP.WF.Node-264]放入缓存。
