-----------------------------------------------------------------------------------------------------
15日11时30分07秒Info:System');"成功[BP.Port.Emp-50]放入缓存。
15日11时30分08秒Info:System');"成功[BP.WF.FlowSort-7]放入缓存。
15日11时30分14秒Info:System');"成功[BP.WF.Node-241]放入缓存。
15日11时30分14秒Info:System');"成功[BP.WF.Flow-19]放入缓存。
15日11时31分10秒Info:System');"成功[BP.WF.Node-241]放入缓存。
-----------------------------------------------------------------------------------------------------
15日14时42分04秒Info:System');"成功[BP.Port.Emp-50]放入缓存。
15日14时42分05秒Info:System');"成功[BP.WF.FlowSort-7]放入缓存。
15日14时42分09秒Info:System');"成功[BP.WF.Node-241]放入缓存。
15日14时42分09秒Info:System');"成功[BP.WF.Flow-19]放入缓存。
-----------------------------------------------------------------------------------------------------
15日15时19分40秒Info:System');"成功[BP.Port.Emp-50]放入缓存。
15日15时19分40秒Info:System');"成功[BP.WF.FlowSort-7]放入缓存。
-----------------------------------------------------------------------------------------------------
15日15时20分00秒Info:System');"成功[BP.Port.Emp-50]放入缓存。
15日15时20分00秒Info:System');"成功[BP.WF.FlowSort-7]放入缓存。
15日15时20分56秒Info:System');"成功[BP.WF.Node-241]放入缓存。
15日15时20分56秒Info:System');"成功[BP.WF.Flow-19]放入缓存。
15日15时30分31秒Info:System');"成功[BP.WF.Node-241]放入缓存。
15日15时31分16秒Info:System');"成功[BP.WF.FlowSort-7]放入缓存。
15日15时31分23秒Info:System');"成功[BP.WF.Node-243]放入缓存。
15日15时36分18秒Info:System');"成功[BP.WF.FlowSort-7]放入缓存。
15日15时36分23秒Info:System');"成功[BP.WF.Node-245]放入缓存。
