-----------------------------------------------------------------------------------------------------
05日11时22分58秒Info:System');"成功[BP.Port.Emp-9]放入缓存。
05日11时23分00秒Info:System');"成功[BP.WF.FlowSort-5]放入缓存。
-----------------------------------------------------------------------------------------------------
05日11时28分31秒Info:System');"成功[BP.Port.Emp-9]放入缓存。
05日11时28分32秒Info:System');"成功[BP.WF.FlowSort-5]放入缓存。
-----------------------------------------------------------------------------------------------------
05日11时29分22秒Info:System');"成功[BP.Port.Emp-9]放入缓存。
05日11时29分23秒Info:System');"成功[BP.WF.FlowSort-5]放入缓存。
-----------------------------------------------------------------------------------------------------
05日11时33分03秒Info:System');"成功[BP.Port.Emp-9]放入缓存。
05日11时33分04秒Info:System');"成功[BP.WF.FlowSort-5]放入缓存。
-----------------------------------------------------------------------------------------------------
05日11时36分53秒Info:System');"成功[BP.Port.Emp-9]放入缓存。
05日11时36分54秒Info:System');"成功[BP.WF.FlowSort-5]放入缓存。
-----------------------------------------------------------------------------------------------------
05日12时27分21秒Info:System');"成功[BP.Port.Emp-9]放入缓存。
05日12时27分22秒Info:System');"成功[BP.WF.FlowSort-5]放入缓存。
-----------------------------------------------------------------------------------------------------
05日12时27分49秒Info:System');"成功[BP.Port.Emp-9]放入缓存。
05日12时27分49秒Info:System');"成功[BP.WF.FlowSort-5]放入缓存。
-----------------------------------------------------------------------------------------------------
05日12时28分03秒Info:System');"成功[BP.Port.Emp-9]放入缓存。
05日12时28分03秒Info:System');"成功[BP.WF.FlowSort-5]放入缓存。
-----------------------------------------------------------------------------------------------------
05日12时28分11秒Info:System');"成功[BP.Port.Emp-9]放入缓存。
05日12时28分11秒Info:System');"成功[BP.WF.FlowSort-5]放入缓存。
-----------------------------------------------------------------------------------------------------
05日12时30分34秒Info:System');"成功[BP.Port.Emp-9]放入缓存。
05日12时30分34秒Info:System');"成功[BP.WF.FlowSort-5]放入缓存。
-----------------------------------------------------------------------------------------------------
05日12时34分12秒Info:System');"成功[BP.Port.Emp-9]放入缓存。
05日12时34分13秒Info:System');"成功[BP.WF.FlowSort-5]放入缓存。
05日12时34分19秒Info:System');"成功[BP.WF.Node-22]放入缓存。
-----------------------------------------------------------------------------------------------------
05日16时02分30秒Info:System');"成功[BP.Port.Emp-9]放入缓存。
05日16时02分31秒Info:System');"成功[BP.WF.FlowSort-5]放入缓存。
-----------------------------------------------------------------------------------------------------
05日16时03分49秒Info:System');"成功[BP.Port.Emp-9]放入缓存。
05日16时03分50秒Info:System');"成功[BP.WF.FlowSort-5]放入缓存。
-----------------------------------------------------------------------------------------------------
05日16时09分03秒Info:System');"成功[BP.Port.Emp-9]放入缓存。
05日16时09分03秒Info:System');"成功[BP.WF.FlowSort-5]放入缓存。
-----------------------------------------------------------------------------------------------------
05日16时09分56秒Info:System');"成功[BP.Port.Emp-9]放入缓存。
05日16时09分56秒Info:System');"成功[BP.WF.FlowSort-5]放入缓存。
-----------------------------------------------------------------------------------------------------
05日16时10分37秒Info:System');"成功[BP.Port.Emp-9]放入缓存。
05日16时10分37秒Info:System');"成功[BP.WF.FlowSort-5]放入缓存。
-----------------------------------------------------------------------------------------------------
05日16时12分23秒Info:System');"成功[BP.Port.Emp-9]放入缓存。
05日16时12分23秒Info:System');"成功[BP.WF.FlowSort-5]放入缓存。
-----------------------------------------------------------------------------------------------------
05日16时24分40秒Info:System');"成功[BP.Port.Emp-9]放入缓存。
05日16时24分40秒Info:System');"成功[BP.WF.FlowSort-5]放入缓存。
05日16时25分04秒Info:System');"成功[BP.WF.Node-22]放入缓存。
-----------------------------------------------------------------------------------------------------
05日16时56分47秒Info:System');"成功[BP.Port.Emp-9]放入缓存。
05日16时56分47秒Info:System');"成功[BP.WF.FlowSort-5]放入缓存。
-----------------------------------------------------------------------------------------------------
05日16时57分33秒Info:System');"成功[BP.Port.Emp-9]放入缓存。
05日16时57分33秒Info:System');"成功[BP.WF.FlowSort-5]放入缓存。
-----------------------------------------------------------------------------------------------------
05日16时57分54秒Info:System');"成功[BP.Port.Emp-9]放入缓存。
05日16时57分55秒Info:System');"成功[BP.WF.FlowSort-5]放入缓存。
-----------------------------------------------------------------------------------------------------
05日16时58分21秒Info:System');"成功[BP.Port.Emp-9]放入缓存。
05日16时58分21秒Info:System');"成功[BP.WF.FlowSort-5]放入缓存。
-----------------------------------------------------------------------------------------------------
05日16时58分51秒Info:System');"成功[BP.Port.Emp-9]放入缓存。
05日16时58分51秒Info:System');"成功[BP.WF.FlowSort-5]放入缓存。
-----------------------------------------------------------------------------------------------------
05日16时59分32秒Info:System');"成功[BP.Port.Emp-9]放入缓存。
05日16时59分33秒Info:System');"成功[BP.WF.FlowSort-5]放入缓存。
-----------------------------------------------------------------------------------------------------
05日17时00分15秒Info:System');"成功[BP.Port.Emp-9]放入缓存。
05日17时00分15秒Info:System');"成功[BP.WF.FlowSort-5]放入缓存。
-----------------------------------------------------------------------------------------------------
05日17时00分42秒Info:System');"成功[BP.Port.Emp-9]放入缓存。
05日17时00分42秒Info:System');"成功[BP.WF.FlowSort-5]放入缓存。
-----------------------------------------------------------------------------------------------------
05日17时01分04秒Info:System');"成功[BP.Port.Emp-9]放入缓存。
05日17时01分04秒Info:System');"成功[BP.WF.FlowSort-5]放入缓存。
-----------------------------------------------------------------------------------------------------
05日17时01分54秒Info:System');"成功[BP.Port.Emp-9]放入缓存。
05日17时01分54秒Info:System');"成功[BP.WF.FlowSort-5]放入缓存。
-----------------------------------------------------------------------------------------------------
05日17时03分21秒Info:System');"成功[BP.Port.Emp-9]放入缓存。
05日17时03分21秒Info:System');"成功[BP.WF.FlowSort-5]放入缓存。
-----------------------------------------------------------------------------------------------------
05日17时08分05秒Info:System');"成功[BP.Port.Emp-9]放入缓存。
05日17时08分06秒Info:System');"成功[BP.WF.FlowSort-5]放入缓存。
-----------------------------------------------------------------------------------------------------
05日17时08分45秒Info:System');"成功[BP.Port.Emp-9]放入缓存。
05日17时08分45秒Info:System');"成功[BP.WF.FlowSort-5]放入缓存。
-----------------------------------------------------------------------------------------------------
05日17时11分27秒Info:System');"成功[BP.Port.Emp-9]放入缓存。
05日17时11分28秒Info:System');"成功[BP.WF.FlowSort-5]放入缓存。
-----------------------------------------------------------------------------------------------------
05日17时14分51秒Info:System');"成功[BP.Port.Emp-9]放入缓存。
05日17时14分51秒Info:System');"成功[BP.WF.FlowSort-5]放入缓存。
-----------------------------------------------------------------------------------------------------
05日18时29分13秒Info:System');"成功[BP.Port.Emp-9]放入缓存。
05日18时29分13秒Info:System');"成功[BP.WF.FlowSort-5]放入缓存。
-----------------------------------------------------------------------------------------------------
05日18时29分37秒Info:System');"成功[BP.Port.Emp-9]放入缓存。
05日18时29分37秒Info:System');"成功[BP.WF.FlowSort-5]放入缓存。
-----------------------------------------------------------------------------------------------------
05日18时31分26秒Info:System');"成功[BP.Port.Emp-9]放入缓存。
-----------------------------------------------------------------------------------------------------
05日18时32分47秒Info:System');"成功[BP.Port.Emp-9]放入缓存。
05日18时32分48秒Info:System');"成功[BP.WF.FlowSort-5]放入缓存。
-----------------------------------------------------------------------------------------------------
05日18时33分53秒Info:System');"成功[BP.Port.Emp-9]放入缓存。
05日18时33分53秒Info:System');"成功[BP.WF.FlowSort-5]放入缓存。
-----------------------------------------------------------------------------------------------------
05日18时37分01秒Info:System');"成功[BP.Port.Emp-9]放入缓存。
05日18时37分01秒Info:System');"成功[BP.WF.FlowSort-5]放入缓存。
-----------------------------------------------------------------------------------------------------
05日18时39分56秒Info:System');"成功[BP.Port.Emp-9]放入缓存。
05日18时39分56秒Info:System');"成功[BP.WF.FlowSort-5]放入缓存。
-----------------------------------------------------------------------------------------------------
05日18时42分18秒Info:System');"成功[BP.Port.Emp-9]放入缓存。
05日18时42分18秒Info:System');"成功[BP.WF.FlowSort-5]放入缓存。
-----------------------------------------------------------------------------------------------------
05日18时49分27秒Info:System');"成功[BP.Port.Emp-9]放入缓存。
05日18时49分27秒Info:System');"成功[BP.WF.FlowSort-5]放入缓存。
-----------------------------------------------------------------------------------------------------
05日18时50分27秒Info:System');"成功[BP.Port.Emp-9]放入缓存。
05日18时50分27秒Info:System');"成功[BP.WF.FlowSort-5]放入缓存。
-----------------------------------------------------------------------------------------------------
05日18时52分50秒Info:System');"成功[BP.Port.Emp-9]放入缓存。
05日18时52分51秒Info:System');"成功[BP.WF.FlowSort-5]放入缓存。
-----------------------------------------------------------------------------------------------------
05日18时54分55秒Info:System');"成功[BP.Port.Emp-9]放入缓存。
05日18时54分55秒Info:System');"成功[BP.WF.FlowSort-5]放入缓存。
05日18时55分07秒Info:System');"成功[BP.WF.Flow-7]放入缓存。
-----------------------------------------------------------------------------------------------------
05日19时44分02秒Info:System');"成功[BP.Port.Emp-9]放入缓存。
05日19时44分03秒Info:System');"成功[BP.WF.FlowSort-5]放入缓存。
05日19时44分22秒Info:System');"成功[BP.WF.Flow-8]放入缓存。
05日19时44分22秒Fatal:System');"@[是否起用]请输入数字，您输入的是[是]。
05日19时44分55秒Fatal:System');"@[是否起用]请输入数字，您输入的是[是]。
-----------------------------------------------------------------------------------------------------
05日19时45分38秒Info:System');"成功[BP.Port.Emp-9]放入缓存。
05日19时45分38秒Info:System');"成功[BP.WF.FlowSort-5]放入缓存。
05日19时46分18秒Info:System');"成功[BP.WF.Flow-8]放入缓存。
-----------------------------------------------------------------------------------------------------
05日19时58分43秒Info:System');"成功[BP.Port.Emp-9]放入缓存。
05日19时58分43秒Info:System');"成功[BP.WF.FlowSort-5]放入缓存。
-----------------------------------------------------------------------------------------------------
05日20时00分21秒Info:System');"成功[BP.Port.Emp-9]放入缓存。
05日20时00分21秒Info:System');"成功[BP.WF.FlowSort-5]放入缓存。
05日20时00分29秒Info:System');"成功[BP.WF.FlowSort-5]放入缓存。
05日20时00分37秒Info:System');"成功[BP.WF.FlowSort-5]放入缓存。
-----------------------------------------------------------------------------------------------------
05日20时01分09秒Info:System');"成功[BP.Port.Emp-9]放入缓存。
05日20时01分10秒Info:System');"成功[BP.WF.FlowSort-5]放入缓存。
05日20时01分48秒Info:System');"成功[BP.WF.Flow-7]放入缓存。
-----------------------------------------------------------------------------------------------------
05日20时10分09秒Info:System');"成功[BP.Port.Emp-9]放入缓存。
05日20时10分09秒Info:System');"成功[BP.WF.FlowSort-5]放入缓存。
-----------------------------------------------------------------------------------------------------
05日21时22分34秒Info:System');"成功[BP.Port.Emp-9]放入缓存。
05日21时22分35秒Info:System');"成功[BP.WF.FlowSort-5]放入缓存。
05日21时22分51秒Info:System');"成功[BP.WF.Flow-7]放入缓存。
-----------------------------------------------------------------------------------------------------
05日21时23分42秒Info:System');"成功[BP.Port.Emp-9]放入缓存。
05日21时23分43秒Info:System');"成功[BP.WF.FlowSort-5]放入缓存。
05日21时23分58秒Info:System');"成功[BP.WF.Flow-7]放入缓存。
-----------------------------------------------------------------------------------------------------
05日21时25分59秒Info:System');"成功[BP.Port.Emp-9]放入缓存。
05日21时25分59秒Info:System');"成功[BP.WF.FlowSort-5]放入缓存。
05日21时26分17秒Info:System');"成功[BP.WF.Flow-7]放入缓存。
-----------------------------------------------------------------------------------------------------
05日21时29分16秒Info:System');"成功[BP.Port.Emp-9]放入缓存。
05日21时29分16秒Info:System');"成功[BP.WF.FlowSort-5]放入缓存。
05日21时29分27秒Info:System');"成功[BP.WF.Node-21]放入缓存。
05日21时30分02秒Info:System');"成功[BP.WF.FlowSort-5]放入缓存。
05日21时30分45秒Info:System');"成功[BP.WF.Flow-7]放入缓存。
-----------------------------------------------------------------------------------------------------
05日21时31分55秒Info:System');"成功[BP.Port.Emp-9]放入缓存。
05日21时31分55秒Info:System');"成功[BP.WF.FlowSort-5]放入缓存。
05日21时32分01秒Info:System');"成功[BP.WF.FlowSort-5]放入缓存。
05日21时32分05秒Info:System');"成功[BP.WF.Node-19]放入缓存。
-----------------------------------------------------------------------------------------------------
05日21时32分15秒Info:System');"成功[BP.Port.Emp-9]放入缓存。
05日21时32分15秒Info:System');"成功[BP.WF.FlowSort-5]放入缓存。
05日21时33分22秒Info:System');"成功[BP.WF.Flow-7]放入缓存。
-----------------------------------------------------------------------------------------------------
05日21时38分14秒Info:System');"成功[BP.Port.Emp-9]放入缓存。
05日21时38分15秒Info:System');"成功[BP.WF.FlowSort-5]放入缓存。
05日21时38分20秒Info:System');"成功[BP.WF.FlowSort-5]放入缓存。
05日21时38分34秒Info:System');"成功[BP.WF.Flow-7]放入缓存。
-----------------------------------------------------------------------------------------------------
05日21时38分50秒Info:System');"成功[BP.Port.Emp-9]放入缓存。
05日21时38分50秒Info:System');"成功[BP.WF.FlowSort-5]放入缓存。
05日21时39分04秒Info:System');"成功[BP.WF.Flow-7]放入缓存。
-----------------------------------------------------------------------------------------------------
05日21时43分40秒Info:System');"成功[BP.Port.Emp-9]放入缓存。
05日21时43分40秒Info:System');"成功[BP.WF.FlowSort-5]放入缓存。
05日21时43分45秒Info:System');"成功[BP.WF.FlowSort-5]放入缓存。
05日21时44分02秒Info:System');"成功[BP.WF.Flow-7]放入缓存。
05日21时44分20秒Info:System');"成功[BP.WF.FlowSort-5]放入缓存。
05日21时44分40秒Info:System');"成功[BP.WF.Flow-6]放入缓存。
-----------------------------------------------------------------------------------------------------
05日21时45分33秒Info:System');"成功[BP.Port.Emp-9]放入缓存。
05日21时45分33秒Info:System');"成功[BP.WF.FlowSort-5]放入缓存。
05日21时45分55秒Info:System');"成功[BP.WF.Flow-6]放入缓存。
-----------------------------------------------------------------------------------------------------
05日21时49分49秒Info:System');"成功[BP.Port.Emp-9]放入缓存。
05日21时49分50秒Info:System');"成功[BP.WF.FlowSort-5]放入缓存。
05日21时49分59秒Info:System');"成功[BP.WF.Flow-6]放入缓存。
-----------------------------------------------------------------------------------------------------
05日21时51分04秒Info:System');"成功[BP.Port.Emp-9]放入缓存。
05日21时51分04秒Info:System');"成功[BP.WF.FlowSort-5]放入缓存。
05日21时51分17秒Info:System');"成功[BP.WF.Flow-6]放入缓存。
-----------------------------------------------------------------------------------------------------
05日21时54分20秒Info:System');"成功[BP.Port.Emp-9]放入缓存。
05日21时54分21秒Info:System');"成功[BP.WF.FlowSort-5]放入缓存。
05日21时54分25秒Info:System');"成功[BP.WF.FlowSort-5]放入缓存。
05日21时54分43秒Info:System');"成功[BP.WF.Flow-6]放入缓存。
-----------------------------------------------------------------------------------------------------
05日21时55分22秒Info:System');"成功[BP.Port.Emp-9]放入缓存。
05日21时55分23秒Info:System');"成功[BP.WF.FlowSort-5]放入缓存。
05日21时55分35秒Info:System');"成功[BP.WF.Flow-6]放入缓存。
-----------------------------------------------------------------------------------------------------
05日21时56分48秒Info:System');"成功[BP.Port.Emp-9]放入缓存。
05日21时56分49秒Info:System');"成功[BP.WF.FlowSort-5]放入缓存。
05日21时56分56秒Info:System');"成功[BP.WF.Flow-6]放入缓存。
05日21时56分56秒Info:System');"成功[BP.WF.Flow-6]放入缓存。
-----------------------------------------------------------------------------------------------------
05日21时59分18秒Info:System');"成功[BP.Port.Emp-9]放入缓存。
05日21时59分18秒Info:System');"成功[BP.WF.FlowSort-5]放入缓存。
05日21时59分26秒Info:System');"成功[BP.WF.Flow-6]放入缓存。
05日21时59分26秒Info:System');"成功[BP.WF.Flow-6]放入缓存。
-----------------------------------------------------------------------------------------------------
05日22时02分27秒Info:System');"成功[BP.Port.Emp-9]放入缓存。
05日22时02分28秒Info:System');"成功[BP.WF.FlowSort-5]放入缓存。
05日22时02分40秒Info:System');"成功[BP.WF.Flow-6]放入缓存。
05日22时02分40秒Info:System');"成功[BP.WF.Flow-6]放入缓存。
05日22时02分42秒Info:System');"成功[BP.WF.FlowSort-5]放入缓存。
05日22时02分42秒Info:System');"成功[BP.WF.FlowSort-5]放入缓存。
05日22时02分54秒Info:System');"成功[BP.WF.Node-21]放入缓存。
05日22时03分24秒Fatal:System');"@没有[映射基础  Sys_MapData, 类[BP.Sys.MapData], 物理表[Sys_MapData] 实例。PK = DocType
05日22时03分24秒Fatal:System');"@没有[映射基础  Sys_MapData, 类[BP.Sys.MapData], 物理表[Sys_MapData] 实例。PK = XWType
05日22时03分52秒Info:System');"成功[BP.WF.FlowSort-5]放入缓存。
-----------------------------------------------------------------------------------------------------
05日22时09分07秒Info:System');"成功[BP.Port.Emp-9]放入缓存。
05日22时09分07秒Info:System');"成功[BP.WF.FlowSort-5]放入缓存。
-----------------------------------------------------------------------------------------------------
05日22时12分04秒Info:System');"成功[BP.Port.Emp-9]放入缓存。
05日22时12分04秒Info:System');"成功[BP.WF.FlowSort-5]放入缓存。
-----------------------------------------------------------------------------------------------------
05日22时18分16秒Info:System');"成功[BP.Port.Emp-9]放入缓存。
05日22时18分16秒Info:System');"成功[BP.WF.FlowSort-5]放入缓存。
05日22时18分33秒Info:System');"成功[BP.WF.Flow-6]放入缓存。
05日22时18分35秒Info:System');"成功[BP.WF.Flow-6]放入缓存。
05日22时18分35秒Info:System');"成功[BP.WF.Node-19]放入缓存。
05日22时18分35秒Info:System');"成功[BP.WF.Node-19]放入缓存。
05日22时18分35秒Info:System');"成功[BP.WF.Node-20]放入缓存。
05日22时18分35秒Info:System');"成功[BP.WF.Node-21]放入缓存。
05日22时18分36秒Info:System');"成功[BP.WF.FlowSort-5]放入缓存。
05日22时18分37秒Info:System');"成功[BP.WF.FlowSort-5]放入缓存。
-----------------------------------------------------------------------------------------------------
05日22时19分01秒Info:System');"成功[BP.Port.Emp-9]放入缓存。
05日22时19分02秒Info:System');"成功[BP.WF.FlowSort-5]放入缓存。
05日22时19分11秒Info:System');"成功[BP.WF.FlowSort-5]放入缓存。
05日22时19分18秒Info:System');"成功[BP.WF.Node-17]放入缓存。
-----------------------------------------------------------------------------------------------------
05日22时28分34秒Info:System');"成功[BP.Port.Emp-9]放入缓存。
05日22时28分35秒Info:System');"成功[BP.WF.FlowSort-5]放入缓存。
05日22时29分06秒Info:System');"成功[BP.WF.Flow-6]放入缓存。
05日22时29分22秒Info:System');"成功[BP.WF.Flow-6]放入缓存。
05日22时29分30秒Info:System');"成功[BP.WF.FlowSort-5]放入缓存。
05日22时29分31秒Info:System');"成功[BP.WF.FlowSort-5]放入缓存。
05日22时29分36秒Info:System');"成功[BP.WF.Node-21]放入缓存。
05日22时30分29秒Info:System');"成功[BP.WF.FlowSort-5]放入缓存。
05日22时31分50秒Info:System');"成功[BP.WF.Flow-6]放入缓存。
-----------------------------------------------------------------------------------------------------
05日22时34分52秒Info:System');"成功[BP.Port.Emp-9]放入缓存。
05日22时34分52秒Info:System');"成功[BP.WF.FlowSort-5]放入缓存。
05日22时34分58秒Info:System');"成功[BP.WF.FlowSort-5]放入缓存。
05日22时35分12秒Info:System');"成功[BP.WF.Flow-6]放入缓存。
05日22时35分13秒Info:System');"成功[BP.WF.Flow-6]放入缓存。
-----------------------------------------------------------------------------------------------------
05日22时36分07秒Info:System');"成功[BP.Port.Emp-9]放入缓存。
05日22时36分08秒Info:System');"成功[BP.WF.FlowSort-5]放入缓存。
05日22时36分24秒Info:System');"成功[BP.WF.Flow-6]放入缓存。
05日22时36分27秒Info:System');"成功[BP.WF.Flow-6]放入缓存。
05日22时36分40秒Info:System');"成功[BP.WF.FlowSort-5]放入缓存。
05日22时36分40秒Info:System');"成功[BP.WF.FlowSort-5]放入缓存。
05日22时36分59秒Info:System');"成功[BP.WF.Node-21]放入缓存。
05日22时37分47秒Info:System');"成功[BP.WF.FlowSort-5]放入缓存。
-----------------------------------------------------------------------------------------------------
05日22时41分04秒Info:System');"成功[BP.Port.Emp-9]放入缓存。
05日22时41分04秒Info:System');"成功[BP.WF.FlowSort-5]放入缓存。
05日22时41分22秒Info:System');"成功[BP.WF.Flow-6]放入缓存。
05日22时41分24秒Info:System');"成功[BP.WF.Flow-6]放入缓存。
05日22时41分59秒Info:System');"成功[BP.WF.FlowSort-5]放入缓存。
05日22时41分59秒Info:System');"成功[BP.WF.FlowSort-5]放入缓存。
05日22时42分04秒Info:System');"成功[BP.WF.FlowSort-5]放入缓存。
-----------------------------------------------------------------------------------------------------
05日22时42分14秒Info:System');"成功[BP.Port.Emp-9]放入缓存。
05日22时42分14秒Info:System');"成功[BP.WF.FlowSort-5]放入缓存。
05日22时42分32秒Info:System');"成功[BP.WF.Flow-6]放入缓存。
05日22时43分38秒Info:System');"成功[BP.WF.Flow-6]放入缓存。
05日22时43分43秒Info:System');"成功[BP.WF.FlowSort-5]放入缓存。
05日22时43分43秒Info:System');"成功[BP.WF.FlowSort-5]放入缓存。
05日22时43分49秒Info:System');"成功[BP.WF.Node-21]放入缓存。
05日22时43分58秒Info:System');"成功[BP.WF.Node-21]放入缓存。
-----------------------------------------------------------------------------------------------------
05日22时45分11秒Info:System');"成功[BP.Port.Emp-9]放入缓存。
05日22时45分11秒Info:System');"成功[BP.WF.FlowSort-5]放入缓存。
05日22时45分15秒Info:System');"成功[BP.WF.FlowSort-5]放入缓存。
05日22时45分33秒Info:System');"成功[BP.WF.Flow-6]放入缓存。
05日22时45分37秒Info:System');"成功[BP.WF.Flow-6]放入缓存。
05日22时46分06秒Info:System');"成功[BP.WF.FlowSort-5]放入缓存。
05日22时46分06秒Info:System');"成功[BP.WF.FlowSort-5]放入缓存。
-----------------------------------------------------------------------------------------------------
05日22时58分21秒Info:System');"成功[BP.Port.Emp-9]放入缓存。
05日22时58分21秒Info:System');"成功[BP.WF.FlowSort-5]放入缓存。
05日22时58分27秒Info:System');"成功[BP.WF.FlowSort-5]放入缓存。
05日22时58分59秒Info:System');"成功[BP.WF.Flow-6]放入缓存。
05日22时59分27秒Info:System');"成功[BP.WF.Flow-6]放入缓存。
-----------------------------------------------------------------------------------------------------
05日23时00分10秒Info:System');"成功[BP.Port.Emp-9]放入缓存。
05日23时00分10秒Info:System');"成功[BP.WF.FlowSort-5]放入缓存。
05日23时00分15秒Info:System');"成功[BP.WF.FlowSort-5]放入缓存。
05日23时00分28秒Info:System');"成功[BP.WF.Flow-6]放入缓存。
05日23时01分52秒Info:System');"成功[BP.WF.Flow-6]放入缓存。
-----------------------------------------------------------------------------------------------------
05日23时04分05秒Info:System');"成功[BP.Port.Emp-9]放入缓存。
05日23时04分05秒Info:System');"成功[BP.WF.FlowSort-5]放入缓存。
05日23时04分11秒Info:System');"成功[BP.WF.FlowSort-5]放入缓存。
05日23时04分20秒Info:System');"成功[BP.WF.Flow-6]放入缓存。
05日23时04分25秒Info:System');"成功[BP.WF.FlowSort-5]放入缓存。
05日23时04分29秒Info:System');"成功[BP.WF.Flow-6]放入缓存。
05日23时04分29秒Info:System');"成功[BP.WF.Node-21]放入缓存。
05日23时10分28秒Info:System');"成功[BP.WF.FlowSort-5]放入缓存。
05日23时10分50秒Info:System');"成功[BP.WF.FlowSort-5]放入缓存。
05日23时10分58秒Info:System');"成功[BP.WF.Node-21]放入缓存。
05日23时10分58秒Info:System');"成功[BP.WF.Flow-6]放入缓存。
-----------------------------------------------------------------------------------------------------
05日23时18分12秒Info:System');"成功[BP.Port.Emp-9]放入缓存。
05日23时18分13秒Info:System');"成功[BP.WF.FlowSort-5]放入缓存。
05日23时18分18秒Info:System');"成功[BP.WF.FlowSort-5]放入缓存。
-----------------------------------------------------------------------------------------------------
05日23时20分09秒Info:System');"成功[BP.Port.Emp-9]放入缓存。
05日23时20分09秒Info:System');"成功[BP.WF.FlowSort-5]放入缓存。
-----------------------------------------------------------------------------------------------------
05日23时21分27秒Info:System');"成功[BP.Port.Emp-9]放入缓存。
05日23时21分27秒Info:System');"成功[BP.WF.FlowSort-5]放入缓存。
05日23时21分42秒Info:System');"成功[BP.WF.Flow-6]放入缓存。
05日23时22分06秒Info:System');"成功[BP.WF.FlowSort-5]放入缓存。
05日23时22分09秒Info:System');"成功[BP.WF.Node-21]放入缓存。
05日23时22分24秒Info:System');"成功[BP.WF.Flow-6]放入缓存。
-----------------------------------------------------------------------------------------------------
05日23时26分21秒Info:System');"成功[BP.Port.Emp-9]放入缓存。
05日23时26分22秒Info:System');"成功[BP.WF.FlowSort-5]放入缓存。
05日23时26分38秒Info:System');"成功[BP.WF.FlowSort-5]放入缓存。
05日23时27分02秒Info:System');"成功[BP.WF.Flow-6]放入缓存。
-----------------------------------------------------------------------------------------------------
05日23时30分37秒Info:System');"成功[BP.Port.Emp-9]放入缓存。
05日23时30分37秒Info:System');"成功[BP.WF.FlowSort-5]放入缓存。
05日23时30分42秒Info:System');"成功[BP.WF.FlowSort-5]放入缓存。
05日23时31分00秒Info:System');"成功[BP.WF.Flow-6]放入缓存。
05日23时35分05秒Info:System');"成功[BP.WF.FlowSort-5]放入缓存。
05日23时35分12秒Info:System');"成功[BP.WF.Node-21]放入缓存。
05日23时35分59秒Info:System');"成功[BP.WF.Flow-6]放入缓存。
-----------------------------------------------------------------------------------------------------
05日23时39分40秒Info:System');"成功[BP.Port.Emp-9]放入缓存。
05日23时39分42秒Info:System');"成功[BP.WF.FlowSort-5]放入缓存。
06日10时29分55秒Info:System');"成功[BP.WF.Node-21]放入缓存。
