-----------------------------------------------------------------------------------------------------
06日10时53分19秒Info:System');"成功[BP.Port.Emp-9]放入缓存。
06日10时53分20秒Info:System');"成功[BP.WF.FlowSort-5]放入缓存。
06日11时09分01秒Info:System');"成功[BP.WF.Node-21]放入缓存。
06日11时17分32秒Info:System');"成功[BP.WF.Flow-6]放入缓存。
06日11时26分53秒Info:System');"成功[BP.WF.Node-21]放入缓存。
06日12时53分55秒Info:System');"成功[BP.WF.Flow-7]放入缓存。
06日12时54分00秒Info:System');"成功[BP.WF.FlowSort-5]放入缓存。
-----------------------------------------------------------------------------------------------------
06日13时17分50秒Info:System');"成功[BP.Port.Emp-9]放入缓存。
06日13时17分51秒Info:System');"成功[BP.WF.FlowSort-5]放入缓存。
06日13时18分18秒Info:System');"成功[BP.WF.Node-26]放入缓存。
06日13时18分52秒Info:System');"成功[BP.WF.Flow-7]放入缓存。
06日13时19分32秒Info:System');"成功[BP.WF.Node-26]放入缓存。
06日17时01分14秒Info:System');"成功[BP.WF.Node-26]放入缓存。
06日17时03分40秒Info:System');"成功[BP.WF.Node-26]放入缓存。
06日17时04分44秒Info:System');"成功[BP.WF.Node-26]放入缓存。
06日17时11分45秒Info:System');"成功[BP.WF.Node-26]放入缓存。
07日20时47分45秒Info:System');"成功[BP.WF.Node-27]放入缓存。
07日22时25分57秒Info:System');"成功[BP.WF.Node-26]放入缓存。
07日23时11分18秒Info:System');"成功[BP.WF.Node-26]放入缓存。
