-----------------------------------------------------------------------------------------------------
23日09时08分45秒Fatal:System');"@两次内存查询 EnName=BP.Port.Emp,PKVal=admin
23日09时08分45秒Fatal:System');"@两次内存查询 EnName=BP.Port.Emp,PKVal=admin
-----------------------------------------------------------------------------------------------------
23日09时09分05秒Fatal:System');"@两次内存查询 EnName=BP.Port.Emp,PKVal=admin
23日09时09分05秒Fatal:System');"@两次内存查询 EnName=BP.Port.Emp,PKVal=admin
-----------------------------------------------------------------------------------------------------
23日09时09分11秒Fatal:System');"@两次内存查询 EnName=BP.Port.Emp,PKVal=admin
23日09时09分11秒Fatal:System');"@两次内存查询 EnName=BP.Port.Emp,PKVal=admin
-----------------------------------------------------------------------------------------------------
23日09时16分33秒Fatal:System');"RunSQL2   SQL=CREATE INDEX Port_EmpID ON Port_Emp (No)The operation failed because an index or statistics with name 'Port_EmpID' already exists on table 'Port_Emp'.
23日09时16分33秒Fatal:System');"RunSQL2   SQL=CREATE INDEX Port_EmpID ON Port_Emp (No)The operation failed because an index or statistics with name 'Port_EmpID' already exists on table 'Port_Emp'.
23日09时16分33秒Fatal:System');"@两次内存查询 EnName=BP.Port.Emp,PKVal=admin
23日09时16分33秒Fatal:System');"RunSQL2   SQL=CREATE INDEX Port_EmpID ON Port_Emp (No)The operation failed because an index or statistics with name 'Port_EmpID' already exists on table 'Port_Emp'.
23日09时16分33秒Fatal:System');"RunSQL2   SQL=CREATE INDEX Port_EmpID ON Port_Emp (No)The operation failed because an index or statistics with name 'Port_EmpID' already exists on table 'Port_Emp'.
23日09时16分33秒Fatal:System');"RunSQL2   SQL=CREATE INDEX Port_EmpID ON Port_Emp (No)The operation failed because an index or statistics with name 'Port_EmpID' already exists on table 'Port_Emp'.
23日09时16分33秒Fatal:System');"RunSQL2   SQL=CREATE INDEX Port_EmpID ON Port_Emp (No)The operation failed because an index or statistics with name 'Port_EmpID' already exists on table 'Port_Emp'.
23日09时16分33秒Fatal:System');"RunSQL2   SQL=CREATE INDEX Port_EmpID ON Port_Emp (No)The operation failed because an index or statistics with name 'Port_EmpID' already exists on table 'Port_Emp'.
23日09时16分33秒Fatal:System');"@两次内存查询 EnName=BP.Port.Emp,PKVal=admin
23日09时16分33秒Fatal:System');"RunSQL2   SQL=CREATE INDEX Port_EmpID ON Port_Emp (No)The operation failed because an index or statistics with name 'Port_EmpID' already exists on table 'Port_Emp'.
23日09时16分33秒Fatal:System');"RunSQL2   SQL=CREATE INDEX Port_EmpID ON Port_Emp (No)The operation failed because an index or statistics with name 'Port_EmpID' already exists on table 'Port_Emp'.
23日09时16分33秒Fatal:System');"RunSQL2   SQL=CREATE INDEX Port_EmpID ON Port_Emp (No)The operation failed because an index or statistics with name 'Port_EmpID' already exists on table 'Port_Emp'.
-----------------------------------------------------------------------------------------------------
23日09时24分13秒Info:System');"成功[BP.Port.Emp-45]放入缓存。
23日09时24分14秒Info:System');"成功[BP.WF.FlowSort-6]放入缓存。
23日09时25分08秒Info:System');"成功[BP.WF.Flow-16]放入缓存。
23日09时25分09秒Fatal:System');"@没有[映射基础  Sys_MapData, 类[BP.Sys.MapData], 物理表[Sys_MapData] 实例。PK = DocType
23日09时25分09秒Fatal:System');"@没有[映射基础  Sys_MapData, 类[BP.Sys.MapData], 物理表[Sys_MapData] 实例。PK = XWType
23日09时25分39秒Info:System');"成功[BP.WF.FlowSort-7]放入缓存。
23日09时25分47秒Fatal:System');"@没有[映射基础  Sys_MapData, 类[BP.Sys.MapData], 物理表[Sys_MapData] 实例。PK = DocType
23日09时25分47秒Fatal:System');"@没有[映射基础  Sys_MapData, 类[BP.Sys.MapData], 物理表[Sys_MapData] 实例。PK = XWType
23日09时26分12秒Fatal:System');"@没有[映射基础  Sys_MapData, 类[BP.Sys.MapData], 物理表[Sys_MapData] 实例。PK = DocType
23日09时26分12秒Fatal:System');"@没有[映射基础  Sys_MapData, 类[BP.Sys.MapData], 物理表[Sys_MapData] 实例。PK = XWType
23日09时26分13秒Info:System');"成功[BP.WF.FlowSort-7]放入缓存。
23日09时26分22秒Info:System');"成功[BP.WF.Node-82]放入缓存。
23日09时26分22秒Info:System');"成功[BP.WF.Flow-16]放入缓存。
23日09时27分01秒Info:System');"成功[BP.WF.Node-82]放入缓存。
23日09时28分05秒Info:System');"成功[BP.WF.Node-82]放入缓存。
23日09时28分34秒Info:System');"成功[BP.WF.Node-83]放入缓存。
23日09时30分00秒Info:System');"成功[BP.WF.Node-84]放入缓存。
23日09时30分38秒Info:System');"成功[BP.WF.Node-84]放入缓存。
23日09时31分08秒Info:System');"成功[BP.WF.Node-84]放入缓存。
