-----------------------------------------------------------------------------------------------------
17日14时25分31秒Info:System');"成功[BP.Port.Emp-13]放入缓存。
17日14时25分41秒Info:System');"成功[BP.CRM.ArticleType-3]放入缓存。
17日14时25分41秒Info:System');"成功[BP.Sys.EnsAppCfg-168]放入缓存。
17日14时25分43秒Info:System');"成功[BP.CRM.WebSiteType-5]放入缓存。
17日14时25分54秒Info:System');"成功[BP.Sys.EnCfg-0]放入缓存。
17日14时25分54秒Fatal:System');"@两次内存查询 EnName=BP.Sys.EnCfg,PKVal=BP.CRM.Firend
17日14时25分54秒Info:System');"成功[BP.Sys.EnCfg-0]放入缓存。
17日14时25分57秒Info:System');"成功[BP.Sys.EnCfg-0]放入缓存。
17日14时25分57秒Fatal:System');"@两次内存查询 EnName=BP.Sys.EnCfg,PKVal=BP.CRM.Firend
17日14时25分57秒Info:System');"成功[BP.Sys.EnCfg-0]放入缓存。
17日14时25分57秒Info:System');"成功[BP.Sys.EnCfg-0]放入缓存。
17日14时25分57秒Fatal:System');"@两次内存查询 EnName=BP.Sys.EnCfg,PKVal=BP.CRM.Firend
17日14时25分57秒Info:System');"成功[BP.Sys.EnCfg-0]放入缓存。
17日14时25分57秒Info:System');"成功[BP.Sys.EnCfg-0]放入缓存。
17日14时25分57秒Fatal:System');"@两次内存查询 EnName=BP.Sys.EnCfg,PKVal=BP.CRM.Firend
17日14时25分57秒Info:System');"成功[BP.Sys.EnCfg-0]放入缓存。
17日14时25分57秒Info:System');"成功[BP.Sys.EnCfg-0]放入缓存。
17日14时25分57秒Fatal:System');"@两次内存查询 EnName=BP.Sys.EnCfg,PKVal=BP.CRM.Firend
17日14时25分57秒Info:System');"成功[BP.Sys.EnCfg-0]放入缓存。
17日14时25分58秒Info:System');"成功[BP.Sys.EnCfg-0]放入缓存。
17日14时25分58秒Fatal:System');"@两次内存查询 EnName=BP.Sys.EnCfg,PKVal=BP.CRM.Firend
17日14时25分58秒Info:System');"成功[BP.Sys.EnCfg-0]放入缓存。
17日14时25分58秒Info:System');"成功[BP.Sys.EnCfg-0]放入缓存。
17日14时25分58秒Fatal:System');"@两次内存查询 EnName=BP.Sys.EnCfg,PKVal=BP.CRM.Firend
17日14时25分58秒Info:System');"成功[BP.Sys.EnCfg-0]放入缓存。
17日14时27分46秒Info:System');"成功[BP.Sys.EnCfg-0]放入缓存。
17日14时27分46秒Fatal:System');"@两次内存查询 EnName=BP.Sys.EnCfg,PKVal=BP.CRM.Competitor
17日14时27分46秒Info:System');"成功[BP.Sys.EnCfg-0]放入缓存。
17日14时27分57秒Info:System');"成功[BP.Sys.EnCfg-0]放入缓存。
17日14时27分57秒Fatal:System');"@两次内存查询 EnName=BP.Sys.EnCfg,PKVal=BP.CRM.Competitor
17日14时27分57秒Info:System');"成功[BP.Sys.EnCfg-0]放入缓存。
17日14时28分02秒Info:System');"成功[BP.Sys.EnCfg-0]放入缓存。
17日14时28分02秒Fatal:System');"@两次内存查询 EnName=BP.Sys.EnCfg,PKVal=BP.CRM.Competitor
17日14时28分02秒Info:System');"成功[BP.Sys.EnCfg-0]放入缓存。
17日14时28分02秒Info:System');"成功[BP.Sys.EnCfg-0]放入缓存。
17日14时28分02秒Fatal:System');"@两次内存查询 EnName=BP.Sys.EnCfg,PKVal=BP.CRM.Competitor
17日14时28分02秒Info:System');"成功[BP.Sys.EnCfg-0]放入缓存。
