-----------------------------------------------------------------------------------------------------
14日08时28分37秒Info:System');"成功[BP.Sys.EnsAppCfg-168]放入缓存。
14日08时28分39秒Info:System');"成功[BP.CRM.ArticleType-3]放入缓存。
14日08时28分40秒Info:System');"成功[BP.CRM.WebSiteType-5]放入缓存。
14日08时28分42秒Info:System');"成功[BP.Sys.EnCfg-0]放入缓存。
14日08时28分42秒Fatal:System');"@两次内存查询 EnName=BP.Sys.EnCfg,PKVal=BP.CRM.WebSiteType
14日08时28分42秒Info:System');"成功[BP.Sys.EnCfg-0]放入缓存。
14日08时33分56秒Info:System');"成功[BP.Sys.EnCfg-0]放入缓存。
14日08时33分56秒Fatal:System');"@两次内存查询 EnName=BP.Sys.EnCfg,PKVal=BP.CRM.WebSiteType
14日08时33分56秒Info:System');"成功[BP.Sys.EnCfg-0]放入缓存。
14日08时33分57秒Info:System');"成功[BP.Sys.EnCfg-0]放入缓存。
14日08时33分57秒Fatal:System');"@两次内存查询 EnName=BP.Sys.EnCfg,PKVal=BP.CRM.Scale
14日08时33分57秒Info:System');"成功[BP.Sys.EnCfg-0]放入缓存。
14日08时33分57秒Info:System');"成功[BP.Sys.EnCfg-0]放入缓存。
14日08时33分57秒Fatal:System');"@两次内存查询 EnName=BP.Sys.EnCfg,PKVal=BP.CRM.PL
14日08时33分57秒Info:System');"成功[BP.Sys.EnCfg-0]放入缓存。
14日08时33分58秒Info:System');"成功[BP.Sys.EnCfg-0]放入缓存。
14日08时33分58秒Fatal:System');"@两次内存查询 EnName=BP.Sys.EnCfg,PKVal=BP.CRM.ArticleType
14日08时33分58秒Info:System');"成功[BP.Sys.EnCfg-0]放入缓存。
14日08时33分59秒Info:System');"成功[BP.Sys.EnCfg-0]放入缓存。
14日08时33分59秒Fatal:System');"@两次内存查询 EnName=BP.Sys.EnCfg,PKVal=BP.CRM.PL
14日08时33分59秒Info:System');"成功[BP.Sys.EnCfg-0]放入缓存。
14日08时33分59秒Info:System');"成功[BP.Sys.EnCfg-0]放入缓存。
14日08时33分59秒Fatal:System');"@两次内存查询 EnName=BP.Sys.EnCfg,PKVal=BP.CRM.Scale
14日08时33分59秒Info:System');"成功[BP.Sys.EnCfg-0]放入缓存。
14日08时34分00秒Info:System');"成功[BP.Sys.EnCfg-0]放入缓存。
14日08时34分00秒Fatal:System');"@两次内存查询 EnName=BP.Sys.EnCfg,PKVal=BP.CRM.WebSiteType
14日08时34分00秒Info:System');"成功[BP.Sys.EnCfg-0]放入缓存。
14日08时34分35秒Info:System');"成功[BP.Port.Emp-13]放入缓存。
14日08时34分42秒Info:System');"成功[BP.Sys.EnCfg-0]放入缓存。
14日08时34分42秒Fatal:System');"@两次内存查询 EnName=BP.Sys.EnCfg,PKVal=BP.CRM.WebSiteType
14日08时34分42秒Info:System');"成功[BP.Sys.EnCfg-0]放入缓存。
14日08时34分43秒Info:System');"成功[BP.Sys.EnCfg-0]放入缓存。
14日08时34分43秒Fatal:System');"@两次内存查询 EnName=BP.Sys.EnCfg,PKVal=BP.CRM.Scale
14日08时34分43秒Info:System');"成功[BP.Sys.EnCfg-0]放入缓存。
14日08时37分12秒Info:System');"成功[BP.Sys.EnCfg-0]放入缓存。
14日08时37分12秒Fatal:System');"@两次内存查询 EnName=BP.Sys.EnCfg,PKVal=BP.CRM.WebSiteType
14日08时37分12秒Info:System');"成功[BP.Sys.EnCfg-0]放入缓存。
14日08时37分13秒Info:System');"成功[BP.Sys.EnCfg-0]放入缓存。
14日08时37分13秒Fatal:System');"@两次内存查询 EnName=BP.Sys.EnCfg,PKVal=BP.CRM.Scale
14日08时37分13秒Info:System');"成功[BP.Sys.EnCfg-0]放入缓存。
-----------------------------------------------------------------------------------------------------
14日08时39分08秒Info:System');"成功[BP.CRM.WebSiteType-5]放入缓存。
14日08时39分08秒Info:System');"成功[BP.Sys.EnsAppCfg-168]放入缓存。
14日08时39分13秒Info:System');"成功[BP.CRM.ArticleType-3]放入缓存。
14日08时39分17秒Info:System');"成功[BP.Sys.EnCfg-0]放入缓存。
14日08时39分17秒Fatal:System');"@两次内存查询 EnName=BP.Sys.EnCfg,PKVal=BP.CRM.WebSiteType
14日08时39分17秒Info:System');"成功[BP.Sys.EnCfg-0]放入缓存。
14日08时39分18秒Info:System');"成功[BP.Sys.EnCfg-0]放入缓存。
14日08时39分18秒Fatal:System');"@两次内存查询 EnName=BP.Sys.EnCfg,PKVal=BP.CRM.Scale
14日08时39分18秒Info:System');"成功[BP.Sys.EnCfg-0]放入缓存。
14日08时39分19秒Info:System');"成功[BP.Sys.EnCfg-0]放入缓存。
14日08时39分19秒Fatal:System');"@两次内存查询 EnName=BP.Sys.EnCfg,PKVal=BP.CRM.PL
14日08时39分19秒Info:System');"成功[BP.Sys.EnCfg-0]放入缓存。
14日08时39分20秒Info:System');"成功[BP.Sys.EnCfg-0]放入缓存。
14日08时39分20秒Fatal:System');"@两次内存查询 EnName=BP.Sys.EnCfg,PKVal=BP.CRM.ArticleType
14日08时39分20秒Info:System');"成功[BP.Sys.EnCfg-0]放入缓存。
14日08时40分57秒Info:System');"成功[BP.Port.Emp-13]放入缓存。
14日08时41分00秒Info:System');"成功[BP.Sys.EnCfg-0]放入缓存。
14日08时41分00秒Fatal:System');"@两次内存查询 EnName=BP.Sys.EnCfg,PKVal=BP.CRM.WebSiteType
14日08时41分00秒Info:System');"成功[BP.Sys.EnCfg-0]放入缓存。
14日08时41分01秒Info:System');"成功[BP.Sys.EnCfg-0]放入缓存。
14日08时41分01秒Fatal:System');"@两次内存查询 EnName=BP.Sys.EnCfg,PKVal=BP.CRM.Scale
14日08时41分01秒Info:System');"成功[BP.Sys.EnCfg-0]放入缓存。
14日08时41分08秒Info:System');"成功[BP.Port.Dept-6]放入缓存。
14日08时41分14秒Info:System');"成功[BP.Sys.EnCfg-0]放入缓存。
14日08时41分14秒Fatal:System');"@两次内存查询 EnName=BP.Sys.EnCfg,PKVal=BP.CRM.WebSiteType
14日08时41分14秒Info:System');"成功[BP.Sys.EnCfg-0]放入缓存。
14日08时41分15秒Info:System');"成功[BP.Sys.EnCfg-0]放入缓存。
14日08时41分15秒Fatal:System');"@两次内存查询 EnName=BP.Sys.EnCfg,PKVal=BP.CRM.PL
14日08时41分15秒Info:System');"成功[BP.Sys.EnCfg-0]放入缓存。
-----------------------------------------------------------------------------------------------------
14日08时46分57秒Info:System');"成功[BP.Port.Dept-6]放入缓存。
14日08时46分57秒Info:System');"成功[BP.Sys.EnsAppCfg-168]放入缓存。
14日08时47分20秒Info:System');"成功[BP.CRM.ArticleType-3]放入缓存。
14日08时47分21秒Info:System');"成功[BP.CRM.WebSiteType-5]放入缓存。
14日08时48分58秒Info:System');"成功[BP.Sys.EnCfg-0]放入缓存。
14日08时48分58秒Fatal:System');"@两次内存查询 EnName=BP.Sys.EnCfg,PKVal=BP.CRM.WebSiteType
14日08时48分58秒Info:System');"成功[BP.Sys.EnCfg-0]放入缓存。
14日08时48分58秒Info:System');"成功[BP.Sys.EnCfg-0]放入缓存。
14日08时48分58秒Fatal:System');"@两次内存查询 EnName=BP.Sys.EnCfg,PKVal=BP.CRM.Scale
14日08时48分58秒Info:System');"成功[BP.Sys.EnCfg-0]放入缓存。
14日08时48分59秒Info:System');"成功[BP.Sys.EnCfg-0]放入缓存。
14日08时48分59秒Fatal:System');"@两次内存查询 EnName=BP.Sys.EnCfg,PKVal=BP.CRM.PL
14日08时48分59秒Info:System');"成功[BP.Sys.EnCfg-0]放入缓存。
14日08时49分00秒Info:System');"成功[BP.Sys.EnCfg-0]放入缓存。
14日08时49分00秒Fatal:System');"@两次内存查询 EnName=BP.Sys.EnCfg,PKVal=BP.CRM.ArticleType
14日08时49分00秒Info:System');"成功[BP.Sys.EnCfg-0]放入缓存。
14日08时49分00秒Info:System');"成功[BP.Sys.EnCfg-0]放入缓存。
14日08时49分00秒Fatal:System');"@两次内存查询 EnName=BP.Sys.EnCfg,PKVal=BP.CRM.Scale
14日08时49分00秒Info:System');"成功[BP.Sys.EnCfg-0]放入缓存。
14日08时49分01秒Info:System');"成功[BP.Sys.EnCfg-0]放入缓存。
14日08时49分01秒Fatal:System');"@两次内存查询 EnName=BP.Sys.EnCfg,PKVal=BP.CRM.WebSiteType
14日08时49分01秒Info:System');"成功[BP.Sys.EnCfg-0]放入缓存。
14日08时49分13秒Info:System');"成功[BP.Sys.EnCfg-0]放入缓存。
14日08时49分13秒Fatal:System');"@两次内存查询 EnName=BP.Sys.EnCfg,PKVal=BP.CRM.Customer
14日08时49分13秒Info:System');"成功[BP.Sys.EnCfg-0]放入缓存。
14日08时49分15秒Info:System');"成功[BP.Sys.EnCfg-0]放入缓存。
14日08时49分15秒Fatal:System');"@两次内存查询 EnName=BP.Sys.EnCfg,PKVal=BP.CRM.Customer
14日08时49分15秒Info:System');"成功[BP.Sys.EnCfg-0]放入缓存。
14日08时49分15秒Info:System');"成功[BP.Sys.EnCfg-0]放入缓存。
14日08时49分15秒Fatal:System');"@两次内存查询 EnName=BP.Sys.EnCfg,PKVal=BP.CRM.Customer
14日08时49分15秒Info:System');"成功[BP.Sys.EnCfg-0]放入缓存。
14日08时49分15秒Info:System');"成功[BP.Sys.EnCfg-0]放入缓存。
14日08时49分15秒Fatal:System');"@两次内存查询 EnName=BP.Sys.EnCfg,PKVal=BP.CRM.Customer
14日08时49分15秒Info:System');"成功[BP.Sys.EnCfg-0]放入缓存。
14日08时49分15秒Info:System');"成功[BP.Sys.EnCfg-0]放入缓存。
14日08时49分15秒Fatal:System');"@两次内存查询 EnName=BP.Sys.EnCfg,PKVal=BP.CRM.Customer
14日08时49分15秒Info:System');"成功[BP.Sys.EnCfg-0]放入缓存。
14日08时49分19秒Info:System');"成功[BP.Sys.EnCfg-0]放入缓存。
14日08时49分19秒Fatal:System');"@两次内存查询 EnName=BP.Sys.EnCfg,PKVal=BP.CRM.Customer
14日08时49分19秒Info:System');"成功[BP.Sys.EnCfg-0]放入缓存。
14日08时49分19秒Info:System');"成功[BP.Sys.EnCfg-0]放入缓存。
14日08时49分19秒Fatal:System');"@两次内存查询 EnName=BP.Sys.EnCfg,PKVal=BP.CRM.Customer
14日08时49分19秒Info:System');"成功[BP.Sys.EnCfg-0]放入缓存。
14日08时49分33秒Info:System');"成功[BP.Sys.EnCfg-0]放入缓存。
14日08时49分33秒Fatal:System');"@两次内存查询 EnName=BP.Sys.EnCfg,PKVal=BP.CRM.Customer
14日08时49分33秒Info:System');"成功[BP.Sys.EnCfg-0]放入缓存。
14日08时49分37秒Info:System');"成功[BP.Sys.EnCfg-0]放入缓存。
14日08时49分37秒Fatal:System');"@两次内存查询 EnName=BP.Sys.EnCfg,PKVal=BP.CRM.Customer
14日08时49分37秒Info:System');"成功[BP.Sys.EnCfg-0]放入缓存。
14日08时49分37秒Info:System');"成功[BP.Sys.EnCfg-0]放入缓存。
14日08时49分37秒Fatal:System');"@两次内存查询 EnName=BP.Sys.EnCfg,PKVal=BP.CRM.Customer
14日08时49分37秒Info:System');"成功[BP.Sys.EnCfg-0]放入缓存。
14日08时49分40秒Info:System');"成功[BP.Sys.EnCfg-0]放入缓存。
14日08时49分40秒Fatal:System');"@两次内存查询 EnName=BP.Sys.EnCfg,PKVal=BP.CRM.Customer
14日08时49分40秒Info:System');"成功[BP.Sys.EnCfg-0]放入缓存。
14日08时49分42秒Info:System');"成功[BP.Sys.EnCfg-0]放入缓存。
14日08时49分42秒Fatal:System');"@两次内存查询 EnName=BP.Sys.EnCfg,PKVal=BP.CRM.Customer
14日08时49分42秒Info:System');"成功[BP.Sys.EnCfg-0]放入缓存。
14日08时49分42秒Info:System');"成功[BP.Sys.EnCfg-0]放入缓存。
14日08时49分42秒Fatal:System');"@两次内存查询 EnName=BP.Sys.EnCfg,PKVal=BP.CRM.Customer
14日08时49分42秒Info:System');"成功[BP.Sys.EnCfg-0]放入缓存。
14日08时53分26秒Info:System');"成功[BP.Sys.EnCfg-0]放入缓存。
14日08时53分26秒Fatal:System');"@两次内存查询 EnName=BP.Sys.EnCfg,PKVal=BP.CRM.Article
14日08时53分26秒Info:System');"成功[BP.Sys.EnCfg-0]放入缓存。
14日08时53分27秒Info:System');"成功[BP.Sys.EnCfg-0]放入缓存。
14日08时53分27秒Fatal:System');"@两次内存查询 EnName=BP.Sys.EnCfg,PKVal=BP.CRM.Article
14日08时53分27秒Info:System');"成功[BP.Sys.EnCfg-0]放入缓存。
14日08时53分27秒Info:System');"成功[BP.Sys.EnCfg-0]放入缓存。
14日08时53分27秒Fatal:System');"@两次内存查询 EnName=BP.Sys.EnCfg,PKVal=BP.CRM.Article
14日08时53分27秒Info:System');"成功[BP.Sys.EnCfg-0]放入缓存。
14日08时53分33秒Info:System');"成功[BP.Sys.EnCfg-0]放入缓存。
14日08时53分33秒Fatal:System');"@两次内存查询 EnName=BP.Sys.EnCfg,PKVal=BP.CRM.Article
14日08时53分33秒Info:System');"成功[BP.Sys.EnCfg-0]放入缓存。
14日08时53分33秒Info:System');"成功[BP.Sys.EnCfg-0]放入缓存。
14日08时53分33秒Fatal:System');"@两次内存查询 EnName=BP.Sys.EnCfg,PKVal=BP.CRM.Article
14日08时53分33秒Info:System');"成功[BP.Sys.EnCfg-0]放入缓存。
14日08时53分42秒Info:System');"成功[BP.Sys.EnCfg-0]放入缓存。
14日08时53分42秒Fatal:System');"@两次内存查询 EnName=BP.Sys.EnCfg,PKVal=BP.CRM.Article
14日08时53分42秒Info:System');"成功[BP.Sys.EnCfg-0]放入缓存。
14日08时53分42秒Info:System');"成功[BP.Sys.EnCfg-0]放入缓存。
14日08时53分42秒Fatal:System');"@两次内存查询 EnName=BP.Sys.EnCfg,PKVal=BP.CRM.Article
14日08时53分42秒Info:System');"成功[BP.Sys.EnCfg-0]放入缓存。
14日08时53分49秒Info:System');"成功[BP.Sys.EnCfg-0]放入缓存。
14日08时53分49秒Fatal:System');"@两次内存查询 EnName=BP.Sys.EnCfg,PKVal=BP.CRM.WebSiteType
14日08时53分49秒Info:System');"成功[BP.Sys.EnCfg-0]放入缓存。
14日08时53分49秒Info:System');"成功[BP.Sys.EnCfg-0]放入缓存。
14日08时53分49秒Fatal:System');"@两次内存查询 EnName=BP.Sys.EnCfg,PKVal=BP.CRM.Scale
14日08时53分49秒Info:System');"成功[BP.Sys.EnCfg-0]放入缓存。
14日08时53分50秒Info:System');"成功[BP.Sys.EnCfg-0]放入缓存。
14日08时53分50秒Fatal:System');"@两次内存查询 EnName=BP.Sys.EnCfg,PKVal=BP.CRM.ArticleType
14日08时53分50秒Info:System');"成功[BP.Sys.EnCfg-0]放入缓存。
14日08时53分54秒Info:System');"成功[BP.Sys.EnCfg-0]放入缓存。
14日08时53分54秒Fatal:System');"@两次内存查询 EnName=BP.Sys.EnCfg,PKVal=BP.CRM.Article
14日08时53分54秒Info:System');"成功[BP.Sys.EnCfg-0]放入缓存。
14日08时54分28秒Info:System');"成功[BP.Sys.EnCfg-0]放入缓存。
14日08时54分28秒Fatal:System');"@两次内存查询 EnName=BP.Sys.EnCfg,PKVal=BP.CRM.Article
14日08时54分28秒Info:System');"成功[BP.Sys.EnCfg-0]放入缓存。
14日08时54分28秒Info:System');"成功[BP.Sys.EnCfg-0]放入缓存。
14日08时54分28秒Fatal:System');"@两次内存查询 EnName=BP.Sys.EnCfg,PKVal=BP.CRM.Article
14日08时54分28秒Info:System');"成功[BP.Sys.EnCfg-0]放入缓存。
14日08时54分32秒Info:System');"成功[BP.Sys.EnCfg-0]放入缓存。
14日08时54分32秒Fatal:System');"@两次内存查询 EnName=BP.Sys.EnCfg,PKVal=BP.CRM.Article
14日08时54分32秒Info:System');"成功[BP.Sys.EnCfg-0]放入缓存。
14日08时54分35秒Info:System');"成功[BP.Sys.EnCfg-0]放入缓存。
14日08时54分35秒Fatal:System');"@两次内存查询 EnName=BP.Sys.EnCfg,PKVal=BP.CRM.Article
14日08时54分35秒Info:System');"成功[BP.Sys.EnCfg-0]放入缓存。
14日08时54分57秒Info:System');"成功[BP.Sys.EnCfg-0]放入缓存。
14日08时54分57秒Fatal:System');"@两次内存查询 EnName=BP.Sys.EnCfg,PKVal=BP.CRM.Article
14日08时54分57秒Info:System');"成功[BP.Sys.EnCfg-0]放入缓存。
14日08时54分59秒Info:System');"成功[BP.Sys.EnCfg-0]放入缓存。
14日08时54分59秒Fatal:System');"@两次内存查询 EnName=BP.Sys.EnCfg,PKVal=BP.CRM.Article
14日08时54分59秒Info:System');"成功[BP.Sys.EnCfg-0]放入缓存。
14日08时55分00秒Info:System');"成功[BP.Sys.EnCfg-0]放入缓存。
14日08时55分00秒Fatal:System');"@两次内存查询 EnName=BP.Sys.EnCfg,PKVal=BP.CRM.Article
14日08时55分00秒Info:System');"成功[BP.Sys.EnCfg-0]放入缓存。
14日08时55分01秒Info:System');"成功[BP.Sys.EnCfg-0]放入缓存。
14日08时55分01秒Fatal:System');"@两次内存查询 EnName=BP.Sys.EnCfg,PKVal=BP.CRM.Article
14日08时55分01秒Info:System');"成功[BP.Sys.EnCfg-0]放入缓存。
14日08时55分13秒Info:System');"成功[BP.Sys.EnCfg-0]放入缓存。
14日08时55分13秒Fatal:System');"@两次内存查询 EnName=BP.Sys.EnCfg,PKVal=BP.CRM.Article
14日08时55分13秒Info:System');"成功[BP.Sys.EnCfg-0]放入缓存。
14日08时55分14秒Info:System');"成功[BP.Sys.EnCfg-0]放入缓存。
14日08时55分14秒Fatal:System');"@两次内存查询 EnName=BP.Sys.EnCfg,PKVal=BP.CRM.Article
14日08时55分14秒Info:System');"成功[BP.Sys.EnCfg-0]放入缓存。
14日08时55分23秒Info:System');"成功[BP.Sys.EnCfg-0]放入缓存。
14日08时55分23秒Fatal:System');"@两次内存查询 EnName=BP.Sys.EnCfg,PKVal=BP.CRM.Article
14日08时55分23秒Info:System');"成功[BP.Sys.EnCfg-0]放入缓存。
14日08时55分23秒Info:System');"成功[BP.Sys.EnCfg-0]放入缓存。
14日08时55分23秒Fatal:System');"@两次内存查询 EnName=BP.Sys.EnCfg,PKVal=BP.CRM.Article
14日08时55分23秒Info:System');"成功[BP.Sys.EnCfg-0]放入缓存。
14日08时55分34秒Info:System');"成功[BP.Sys.EnCfg-0]放入缓存。
14日08时55分34秒Fatal:System');"@两次内存查询 EnName=BP.Sys.EnCfg,PKVal=BP.CRM.Article
14日08时55分34秒Info:System');"成功[BP.Sys.EnCfg-0]放入缓存。
14日08时55分34秒Info:System');"成功[BP.Sys.EnCfg-0]放入缓存。
14日08时55分34秒Fatal:System');"@两次内存查询 EnName=BP.Sys.EnCfg,PKVal=BP.CRM.Article
14日08时55分34秒Info:System');"成功[BP.Sys.EnCfg-0]放入缓存。
14日08时55分43秒Info:System');"成功[BP.Sys.EnCfg-0]放入缓存。
14日08时55分43秒Fatal:System');"@两次内存查询 EnName=BP.Sys.EnCfg,PKVal=BP.CRM.Article
14日08时55分43秒Info:System');"成功[BP.Sys.EnCfg-0]放入缓存。
14日08时55分43秒Info:System');"成功[BP.Sys.EnCfg-0]放入缓存。
14日08时55分43秒Fatal:System');"@两次内存查询 EnName=BP.Sys.EnCfg,PKVal=BP.CRM.Article
14日08时55分43秒Info:System');"成功[BP.Sys.EnCfg-0]放入缓存。
14日08时55分45秒Info:System');"成功[BP.Sys.EnCfg-0]放入缓存。
14日08时55分45秒Fatal:System');"@两次内存查询 EnName=BP.Sys.EnCfg,PKVal=BP.CRM.Article
14日08时55分45秒Info:System');"成功[BP.Sys.EnCfg-0]放入缓存。
14日08时55分46秒Info:System');"成功[BP.Sys.EnCfg-0]放入缓存。
14日08时55分46秒Fatal:System');"@两次内存查询 EnName=BP.Sys.EnCfg,PKVal=BP.CRM.Article
14日08时55分46秒Info:System');"成功[BP.Sys.EnCfg-0]放入缓存。
14日08时55分47秒Info:System');"成功[BP.Sys.EnCfg-0]放入缓存。
14日08时55分47秒Fatal:System');"@两次内存查询 EnName=BP.Sys.EnCfg,PKVal=BP.CRM.Article
14日08时55分47秒Info:System');"成功[BP.Sys.EnCfg-0]放入缓存。
14日08时55分47秒Info:System');"成功[BP.Sys.EnCfg-0]放入缓存。
14日08时55分47秒Fatal:System');"@两次内存查询 EnName=BP.Sys.EnCfg,PKVal=BP.CRM.Article
14日08时55分47秒Info:System');"成功[BP.Sys.EnCfg-0]放入缓存。
14日08时55分53秒Info:System');"成功[BP.Sys.EnCfg-0]放入缓存。
14日08时55分53秒Fatal:System');"@两次内存查询 EnName=BP.Sys.EnCfg,PKVal=BP.CRM.Article
14日08时55分53秒Info:System');"成功[BP.Sys.EnCfg-0]放入缓存。
14日08时55分53秒Info:System');"成功[BP.Sys.EnCfg-0]放入缓存。
14日08时55分53秒Fatal:System');"@两次内存查询 EnName=BP.Sys.EnCfg,PKVal=BP.CRM.Article
14日08时55分53秒Info:System');"成功[BP.Sys.EnCfg-0]放入缓存。
14日08时56分02秒Info:System');"成功[BP.Sys.EnCfg-0]放入缓存。
14日08时56分02秒Fatal:System');"@两次内存查询 EnName=BP.Sys.EnCfg,PKVal=BP.CRM.Article
14日08时56分02秒Info:System');"成功[BP.Sys.EnCfg-0]放入缓存。
14日08时56分02秒Info:System');"成功[BP.Sys.EnCfg-0]放入缓存。
14日08时56分02秒Fatal:System');"@两次内存查询 EnName=BP.Sys.EnCfg,PKVal=BP.CRM.Article
14日08时56分02秒Info:System');"成功[BP.Sys.EnCfg-0]放入缓存。
14日08时57分09秒Info:System');"成功[BP.Sys.EnCfg-0]放入缓存。
14日08时57分09秒Fatal:System');"@两次内存查询 EnName=BP.Sys.EnCfg,PKVal=BP.CRM.Article
14日08时57分09秒Info:System');"成功[BP.Sys.EnCfg-0]放入缓存。
14日08时57分09秒Info:System');"成功[BP.Sys.EnCfg-0]放入缓存。
14日08时57分09秒Fatal:System');"@两次内存查询 EnName=BP.Sys.EnCfg,PKVal=BP.CRM.Article
14日08时57分09秒Info:System');"成功[BP.Sys.EnCfg-0]放入缓存。
14日08时57分10秒Info:System');"成功[BP.Sys.EnCfg-0]放入缓存。
14日08时57分10秒Fatal:System');"@两次内存查询 EnName=BP.Sys.EnCfg,PKVal=BP.CRM.Article
14日08时57分10秒Info:System');"成功[BP.Sys.EnCfg-0]放入缓存。
14日08时57分10秒Info:System');"成功[BP.Sys.EnCfg-0]放入缓存。
14日08时57分10秒Fatal:System');"@两次内存查询 EnName=BP.Sys.EnCfg,PKVal=BP.CRM.Article
14日08时57分10秒Info:System');"成功[BP.Sys.EnCfg-0]放入缓存。
14日09时14分20秒Info:System');"成功[BP.Sys.EnCfg-0]放入缓存。
14日09时14分20秒Fatal:System');"@两次内存查询 EnName=BP.Sys.EnCfg,PKVal=BP.CRM.Article
14日09时14分20秒Info:System');"成功[BP.Sys.EnCfg-0]放入缓存。
14日09时14分20秒Info:System');"成功[BP.Sys.EnCfg-0]放入缓存。
14日09时14分20秒Fatal:System');"@两次内存查询 EnName=BP.Sys.EnCfg,PKVal=BP.CRM.Article
14日09时14分20秒Info:System');"成功[BP.Sys.EnCfg-0]放入缓存。
14日09时14分25秒Info:System');"成功[BP.Sys.EnCfg-0]放入缓存。
14日09时14分25秒Fatal:System');"@两次内存查询 EnName=BP.Sys.EnCfg,PKVal=BP.CRM.Article
14日09时14分25秒Info:System');"成功[BP.Sys.EnCfg-0]放入缓存。
14日09时14分27秒Info:System');"成功[BP.Sys.EnCfg-0]放入缓存。
14日09时14分27秒Fatal:System');"@两次内存查询 EnName=BP.Sys.EnCfg,PKVal=BP.CRM.Article
14日09时14分27秒Info:System');"成功[BP.Sys.EnCfg-0]放入缓存。
14日09时20分45秒Info:System');"成功[BP.Sys.EnCfg-0]放入缓存。
14日09时20分45秒Fatal:System');"@两次内存查询 EnName=BP.Sys.EnCfg,PKVal=BP.CRM.Article
14日09时20分45秒Info:System');"成功[BP.Sys.EnCfg-0]放入缓存。
14日09时20分49秒Info:System');"成功[BP.Sys.EnCfg-0]放入缓存。
14日09时20分49秒Fatal:System');"@两次内存查询 EnName=BP.Sys.EnCfg,PKVal=BP.CRM.Article
14日09时20分49秒Info:System');"成功[BP.Sys.EnCfg-0]放入缓存。
14日09时20分59秒Info:System');"成功[BP.Sys.EnCfg-0]放入缓存。
14日09时20分59秒Fatal:System');"@两次内存查询 EnName=BP.Sys.EnCfg,PKVal=BP.CRM.Article
14日09时20分59秒Info:System');"成功[BP.Sys.EnCfg-0]放入缓存。
-----------------------------------------------------------------------------------------------------
14日13时35分10秒Info:System');"成功[BP.Port.Emp-13]放入缓存。
14日13时35分16秒Info:System');"成功[BP.CRM.ArticleType-3]放入缓存。
14日13时35分16秒Info:System');"成功[BP.Sys.EnsAppCfg-168]放入缓存。
14日13时35分29秒Info:System');"成功[BP.CRM.WebSiteType-5]放入缓存。
-----------------------------------------------------------------------------------------------------
14日14时38分11秒Info:System');"成功[BP.Port.Emp-13]放入缓存。
14日14时38分14秒Info:System');"成功[BP.Sys.EnsAppCfg-168]放入缓存。
14日14时38分17秒Info:System');"成功[BP.CRM.WebSiteType-5]放入缓存。
14日14时38分17秒Info:System');"成功[BP.CRM.ArticleType-3]放入缓存。
14日14时38分20秒Info:System');"成功[BP.Sys.EnCfg-0]放入缓存。
14日14时38分20秒Fatal:System');"@两次内存查询 EnName=BP.Sys.EnCfg,PKVal=BP.CRM.WebSiteType
14日14时38分20秒Info:System');"成功[BP.Sys.EnCfg-0]放入缓存。
14日14时38分21秒Info:System');"成功[BP.Sys.EnCfg-0]放入缓存。
14日14时38分21秒Fatal:System');"@两次内存查询 EnName=BP.Sys.EnCfg,PKVal=BP.CRM.Scale
14日14时38分21秒Info:System');"成功[BP.Sys.EnCfg-0]放入缓存。
14日14时38分21秒Info:System');"成功[BP.Sys.EnCfg-0]放入缓存。
14日14时38分21秒Fatal:System');"@两次内存查询 EnName=BP.Sys.EnCfg,PKVal=BP.CRM.PL
14日14时38分21秒Info:System');"成功[BP.Sys.EnCfg-0]放入缓存。
14日14时57分13秒Info:System');"成功[BP.Sys.EnCfg-0]放入缓存。
14日14时57分13秒Fatal:System');"@两次内存查询 EnName=BP.Sys.EnCfg,PKVal=BP.CRM.Article
14日14时57分13秒Info:System');"成功[BP.Sys.EnCfg-0]放入缓存。
14日14时57分27秒Info:System');"成功[BP.Sys.EnCfg-0]放入缓存。
14日14时57分27秒Fatal:System');"@两次内存查询 EnName=BP.Sys.EnCfg,PKVal=BP.CRM.Article
14日14时57分27秒Info:System');"成功[BP.Sys.EnCfg-0]放入缓存。
14日14时57分40秒Info:System');"成功[BP.Sys.EnCfg-0]放入缓存。
14日14时57分40秒Fatal:System');"@两次内存查询 EnName=BP.Sys.EnCfg,PKVal=BP.CRM.Article
14日14时57分40秒Info:System');"成功[BP.Sys.EnCfg-0]放入缓存。
14日14时57分40秒Info:System');"成功[BP.Sys.EnCfg-0]放入缓存。
14日14时57分40秒Fatal:System');"@两次内存查询 EnName=BP.Sys.EnCfg,PKVal=BP.CRM.Article
14日14时57分40秒Info:System');"成功[BP.Sys.EnCfg-0]放入缓存。
14日14时57分41秒Info:System');"成功[BP.Sys.EnCfg-0]放入缓存。
14日14时57分41秒Fatal:System');"@两次内存查询 EnName=BP.Sys.EnCfg,PKVal=BP.CRM.Article
14日14时57分41秒Info:System');"成功[BP.Sys.EnCfg-0]放入缓存。
14日14时57分41秒Info:System');"成功[BP.Sys.EnCfg-0]放入缓存。
14日14时57分41秒Fatal:System');"@两次内存查询 EnName=BP.Sys.EnCfg,PKVal=BP.CRM.Article
14日14时57分41秒Info:System');"成功[BP.Sys.EnCfg-0]放入缓存。
14日15时11分04秒Info:System');"成功[BP.Sys.EnCfg-0]放入缓存。
14日15时11分04秒Fatal:System');"@两次内存查询 EnName=BP.Sys.EnCfg,PKVal=BP.CRM.Firend
14日15时11分04秒Info:System');"成功[BP.Sys.EnCfg-0]放入缓存。
14日15时11分09秒Info:System');"成功[BP.Sys.EnCfg-0]放入缓存。
14日15时11分09秒Fatal:System');"@两次内存查询 EnName=BP.Sys.EnCfg,PKVal=BP.CRM.Firend
14日15时11分09秒Info:System');"成功[BP.Sys.EnCfg-0]放入缓存。
14日15时11分10秒Info:System');"成功[BP.Sys.EnCfg-0]放入缓存。
14日15时11分10秒Fatal:System');"@两次内存查询 EnName=BP.Sys.EnCfg,PKVal=BP.CRM.Firend
14日15时11分10秒Info:System');"成功[BP.Sys.EnCfg-0]放入缓存。
14日15时12分19秒Info:System');"成功[BP.Sys.EnCfg-0]放入缓存。
14日15时12分19秒Fatal:System');"@两次内存查询 EnName=BP.Sys.EnCfg,PKVal=BP.CRM.Firend
14日15时12分19秒Info:System');"成功[BP.Sys.EnCfg-0]放入缓存。
14日15时12分19秒Info:System');"成功[BP.Sys.EnCfg-0]放入缓存。
14日15时12分19秒Fatal:System');"@两次内存查询 EnName=BP.Sys.EnCfg,PKVal=BP.CRM.Firend
14日15时12分19秒Info:System');"成功[BP.Sys.EnCfg-0]放入缓存。
14日15时12分46秒Info:System');"成功[BP.Sys.EnCfg-0]放入缓存。
14日15时12分46秒Fatal:System');"@两次内存查询 EnName=BP.Sys.EnCfg,PKVal=BP.CRM.Firend
14日15时12分46秒Info:System');"成功[BP.Sys.EnCfg-0]放入缓存。
14日15时12分50秒Info:System');"成功[BP.Sys.EnCfg-0]放入缓存。
14日15时12分50秒Fatal:System');"@两次内存查询 EnName=BP.Sys.EnCfg,PKVal=BP.CRM.Firend
14日15时12分50秒Info:System');"成功[BP.Sys.EnCfg-0]放入缓存。
14日15时12分50秒Info:System');"成功[BP.Sys.EnCfg-0]放入缓存。
14日15时12分50秒Fatal:System');"@两次内存查询 EnName=BP.Sys.EnCfg,PKVal=BP.CRM.Firend
14日15时12分50秒Info:System');"成功[BP.Sys.EnCfg-0]放入缓存。
14日15时24分09秒Info:System');"成功[BP.Sys.EnCfg-0]放入缓存。
14日15时24分09秒Fatal:System');"@两次内存查询 EnName=BP.Sys.EnCfg,PKVal=BP.CRM.Firend
14日15时24分09秒Info:System');"成功[BP.Sys.EnCfg-0]放入缓存。
-----------------------------------------------------------------------------------------------------
14日16时15分24秒Info:System');"成功[BP.Port.Emp-13]放入缓存。
14日16时15分30秒Info:System');"成功[BP.Sys.EnsAppCfg-168]放入缓存。
14日16时15分32秒Info:System');"成功[BP.CRM.ArticleType-3]放入缓存。
14日16时15分33秒Info:System');"成功[BP.CRM.WebSiteType-5]放入缓存。
14日16时15分37秒Info:System');"成功[BP.Sys.EnCfg-0]放入缓存。
14日16时15分37秒Fatal:System');"@两次内存查询 EnName=BP.Sys.EnCfg,PKVal=BP.CRM.WebSiteType
14日16时15分37秒Info:System');"成功[BP.Sys.EnCfg-0]放入缓存。
14日16时15分38秒Info:System');"成功[BP.Sys.EnCfg-0]放入缓存。
14日16时15分38秒Fatal:System');"@两次内存查询 EnName=BP.Sys.EnCfg,PKVal=BP.CRM.Scale
14日16时15分38秒Info:System');"成功[BP.Sys.EnCfg-0]放入缓存。
14日16时15分49秒Info:System');"成功[BP.Sys.EnCfg-0]放入缓存。
14日16时15分49秒Fatal:System');"@两次内存查询 EnName=BP.Sys.EnCfg,PKVal=BP.CRM.Firend
14日16时15分49秒Info:System');"成功[BP.Sys.EnCfg-0]放入缓存。
14日16时30分21秒Info:System');"成功[BP.Sys.EnCfg-0]放入缓存。
14日16时30分21秒Fatal:System');"@两次内存查询 EnName=BP.Sys.EnCfg,PKVal=BP.CRM.Blog
14日16时30分21秒Info:System');"成功[BP.Sys.EnCfg-0]放入缓存。
14日16时30分24秒Info:System');"成功[BP.Sys.EnCfg-0]放入缓存。
14日16时30分24秒Fatal:System');"@两次内存查询 EnName=BP.Sys.EnCfg,PKVal=BP.CRM.Blog
14日16时30分24秒Info:System');"成功[BP.Sys.EnCfg-0]放入缓存。
14日16时30分24秒Info:System');"成功[BP.Sys.EnCfg-0]放入缓存。
14日16时30分24秒Fatal:System');"@两次内存查询 EnName=BP.Sys.EnCfg,PKVal=BP.CRM.Blog
14日16时30分24秒Info:System');"成功[BP.Sys.EnCfg-0]放入缓存。
