-----------------------------------------------------------------------------------------------------
-----------------------------------------------------------------------------------------------------
20日00时17分24秒Info:System');"成功[BP.Port.Dept-13]放入缓存。
20日00时17分24秒Info:System');"成功[BP.Sys.EnsAppCfg-125]放入缓存。
-----------------------------------------------------------------------------------------------------
20日00时17分39秒Info:System');"成功[BP.Port.Dept-13]放入缓存。
20日00时17分39秒Info:System');"成功[BP.Sys.EnsAppCfg-125]放入缓存。
20日00时19分20秒Info:System');"成功[BP.Port.Emp-49]放入缓存。
-----------------------------------------------------------------------------------------------------
20日00时19分48秒Info:System');"成功[BP.Port.Emp-49]放入缓存。
-----------------------------------------------------------------------------------------------------
20日00时19分53秒Info:System');"成功[BP.WF.Port.Station-34]放入缓存。
20日00时22分48秒Info:System');"成功[BP.Port.Emp-49]放入缓存。
-----------------------------------------------------------------------------------------------------
20日00时22分50秒Info:System');"成功[BP.WF.Node-4]放入缓存。
-----------------------------------------------------------------------------------------------------
20日22时39分38秒Info:System');"成功[BP.Port.Emp-49]放入缓存。
-----------------------------------------------------------------------------------------------------
20日22时40分25秒Info:System');"成功[BP.Port.Emp-49]放入缓存。
20日22时40分26秒Info:System');"成功[BP.WF.Flow-2]放入缓存。
20日22时40分56秒Info:System');"成功[BP.Sys.EnCfg-0]放入缓存。
20日22时40分56秒Fatal:System');"@两次内存查询 EnName=BP.Sys.EnCfg,PKVal=BP.WF.Ext.FlowSheet
20日22时40分56秒Info:System');"成功[BP.Sys.EnCfg-0]放入缓存。
20日22时40分56秒Info:System');"成功[BP.Sys.EnsAppCfg-125]放入缓存。
