-----------------------------------------------------------------------------------------------------
21日21时40分33秒Info:System');"成功[BP.Port.Emp-49]放入缓存。
-----------------------------------------------------------------------------------------------------
21日21时40分38秒Info:System');"成功[BP.Port.Emp-49]放入缓存。
21日21时40分39秒Info:System');"成功[BP.WF.Flow-25]放入缓存。
-----------------------------------------------------------------------------------------------------
21日21时40分55秒Info:System');"成功[BP.WF.Flow-25]放入缓存。
-----------------------------------------------------------------------------------------------------
21日21时50分48秒Info:System');"成功[BP.WF.Flow-25]放入缓存。
-----------------------------------------------------------------------------------------------------
21日21时51分01秒Info:System');"成功[BP.WF.Flow-25]放入缓存。
-----------------------------------------------------------------------------------------------------
21日21时51分08秒Info:System');"成功[BP.WF.Flow-25]放入缓存。
21日21时51分08秒Info:System');"成功[BP.WF.Node-256]放入缓存。
21日21时51分09秒Info:System');"成功[BP.Port.Dept-13]放入缓存。
21日21时51分16秒Info:System');"成功[BP.Port.Emp-49]放入缓存。
21日21时51分48秒Fatal:System');"@没有[枚举  Sys_Enum, 类[BP.Sys.SysEnum], 物理表[Sys_Enum] 实例。PK = 
-----------------------------------------------------------------------------------------------------
21日22时11分33秒Info:System');"成功[BP.Port.Emp-49]放入缓存。
-----------------------------------------------------------------------------------------------------
-----------------------------------------------------------------------------------------------------
21日22时17分17秒Info:System');"成功[BP.Port.Emp-49]放入缓存。
21日22时18分20秒Info:System');"成功[BP.WF.Node-256]放入缓存。
-----------------------------------------------------------------------------------------------------
21日22时21分34秒Info:System');"成功[BP.WF.Flow-25]放入缓存。
21日22时21分34秒Info:System');"成功[BP.WF.Node-256]放入缓存。
21日22时22分38秒Info:System');"成功[BP.Port.Dept-13]放入缓存。
21日22时22分41秒Info:System');"成功[BP.Port.Emp-49]放入缓存。
21日22时27分01秒Fatal:System');"RunSQL2   SQL=CREATE INDEX ND1401ID ON ND1401 (OID)操作失败，因为在 表 'ND1401' 上已存在名称为 'ND1401ID' 的索引或统计信息。
21日22时27分15秒Fatal:System');"RunSQL2   SQL=CREATE INDEX ND1402ID ON ND1402 (OID)操作失败，因为在 表 'ND1402' 上已存在名称为 'ND1402ID' 的索引或统计信息。
21日22时27分30秒Fatal:System');"RunSQL2   SQL=CREATE INDEX ND1420ID ON ND1420 (OID)操作失败，因为在 表 'ND1420' 上已存在名称为 'ND1420ID' 的索引或统计信息。
21日22时27分33秒Fatal:System');"RunSQL2   SQL=CREATE INDEX ND1443ID ON ND1443 (OID)操作失败，因为在 表 'ND1443' 上已存在名称为 'ND1443ID' 的索引或统计信息。
21日22时27分45秒Fatal:System');"RunSQL2   SQL=CREATE INDEX ND1403ID ON ND1403 (OID)操作失败，因为在 表 'ND1403' 上已存在名称为 'ND1403ID' 的索引或统计信息。
21日22时27分47秒Fatal:System');"RunSQL2   SQL=CREATE INDEX ND1407ID ON ND1407 (OID)操作失败，因为在 表 'ND1407' 上已存在名称为 'ND1407ID' 的索引或统计信息。
21日22时27分48秒Fatal:System');"RunSQL2   SQL=CREATE INDEX ND1408ID ON ND1408 (OID)操作失败，因为在 表 'ND1408' 上已存在名称为 'ND1408ID' 的索引或统计信息。
21日22时27分49秒Fatal:System');"RunSQL2   SQL=CREATE INDEX ND1448ID ON ND1448 (OID)操作失败，因为在 表 'ND1448' 上已存在名称为 'ND1448ID' 的索引或统计信息。
21日22时27分50秒Fatal:System');"RunSQL2   SQL=CREATE INDEX ND1409ID ON ND1409 (OID)操作失败，因为在 表 'ND1409' 上已存在名称为 'ND1409ID' 的索引或统计信息。
21日22时27分53秒Fatal:System');"RunSQL2   SQL=CREATE INDEX ND14103ID ON ND14103 (OID)操作失败，因为在 表 'ND14103' 上已存在名称为 'ND14103ID' 的索引或统计信息。
21日22时27分54秒Fatal:System');"RunSQL2   SQL=CREATE INDEX ND14106ID ON ND14106 (OID)操作失败，因为在 表 'ND14106' 上已存在名称为 'ND14106ID' 的索引或统计信息。
21日22时27分55秒Fatal:System');"RunSQL2   SQL=CREATE INDEX ND1404ID ON ND1404 (OID)操作失败，因为在 表 'ND1404' 上已存在名称为 'ND1404ID' 的索引或统计信息。
21日22时27分57秒Fatal:System');"RunSQL2   SQL=CREATE INDEX ND1405ID ON ND1405 (OID)操作失败，因为在 表 'ND1405' 上已存在名称为 'ND1405ID' 的索引或统计信息。
21日22时27分58秒Fatal:System');"RunSQL2   SQL=CREATE INDEX ND1444ID ON ND1444 (OID)操作失败，因为在 表 'ND1444' 上已存在名称为 'ND1444ID' 的索引或统计信息。
21日22时27分59秒Fatal:System');"RunSQL2   SQL=CREATE INDEX ND1445ID ON ND1445 (OID)操作失败，因为在 表 'ND1445' 上已存在名称为 'ND1445ID' 的索引或统计信息。
21日22时28分00秒Fatal:System');"RunSQL2   SQL=CREATE INDEX ND1446ID ON ND1446 (OID)操作失败，因为在 表 'ND1446' 上已存在名称为 'ND1446ID' 的索引或统计信息。
21日22时28分15秒Fatal:System');"RunSQL2   SQL=CREATE INDEX ND14104ID ON ND14104 (OID)操作失败，因为在 表 'ND14104' 上已存在名称为 'ND14104ID' 的索引或统计信息。
21日22时28分17秒Fatal:System');"RunSQL2   SQL=CREATE INDEX ND1499ID ON ND1499 (OID)操作失败，因为在 表 'ND1499' 上已存在名称为 'ND1499ID' 的索引或统计信息。
21日22时28分18秒Fatal:System');"RunSQL2   SQL=CREATE INDEX ND1447ID ON ND1447 (OID)操作失败，因为在 表 'ND1447' 上已存在名称为 'ND1447ID' 的索引或统计信息。
21日22时28分23秒Fatal:System');"RunSQL2   SQL=CREATE INDEX ND1401ID ON ND1401 (OID)操作失败，因为在 表 'ND1401' 上已存在名称为 'ND1401ID' 的索引或统计信息。
21日22时28分24秒Fatal:System');"RunSQL2   SQL=CREATE INDEX ND1402ID ON ND1402 (OID)操作失败，因为在 表 'ND1402' 上已存在名称为 'ND1402ID' 的索引或统计信息。
21日22时28分26秒Fatal:System');"RunSQL2   SQL=CREATE INDEX ND1420ID ON ND1420 (OID)操作失败，因为在 表 'ND1420' 上已存在名称为 'ND1420ID' 的索引或统计信息。
21日22时28分26秒Fatal:System');"RunSQL2   SQL=CREATE INDEX ND1443ID ON ND1443 (OID)操作失败，因为在 表 'ND1443' 上已存在名称为 'ND1443ID' 的索引或统计信息。
21日22时28分28秒Fatal:System');"RunSQL2   SQL=CREATE INDEX ND1403ID ON ND1403 (OID)操作失败，因为在 表 'ND1403' 上已存在名称为 'ND1403ID' 的索引或统计信息。
21日22时28分29秒Fatal:System');"RunSQL2   SQL=CREATE INDEX ND1407ID ON ND1407 (OID)操作失败，因为在 表 'ND1407' 上已存在名称为 'ND1407ID' 的索引或统计信息。
21日22时28分30秒Fatal:System');"RunSQL2   SQL=CREATE INDEX ND1408ID ON ND1408 (OID)操作失败，因为在 表 'ND1408' 上已存在名称为 'ND1408ID' 的索引或统计信息。
21日22时28分32秒Fatal:System');"RunSQL2   SQL=CREATE INDEX ND1448ID ON ND1448 (OID)操作失败，因为在 表 'ND1448' 上已存在名称为 'ND1448ID' 的索引或统计信息。
21日22时28分32秒Fatal:System');"RunSQL2   SQL=CREATE INDEX ND1409ID ON ND1409 (OID)操作失败，因为在 表 'ND1409' 上已存在名称为 'ND1409ID' 的索引或统计信息。
21日22时28分33秒Fatal:System');"RunSQL2   SQL=CREATE INDEX ND14103ID ON ND14103 (OID)操作失败，因为在 表 'ND14103' 上已存在名称为 'ND14103ID' 的索引或统计信息。
21日22时28分34秒Fatal:System');"RunSQL2   SQL=CREATE INDEX ND14106ID ON ND14106 (OID)操作失败，因为在 表 'ND14106' 上已存在名称为 'ND14106ID' 的索引或统计信息。
21日22时28分36秒Fatal:System');"RunSQL2   SQL=CREATE INDEX ND1404ID ON ND1404 (OID)操作失败，因为在 表 'ND1404' 上已存在名称为 'ND1404ID' 的索引或统计信息。
21日22时28分36秒Fatal:System');"RunSQL2   SQL=CREATE INDEX ND1405ID ON ND1405 (OID)操作失败，因为在 表 'ND1405' 上已存在名称为 'ND1405ID' 的索引或统计信息。
21日22时28分37秒Fatal:System');"RunSQL2   SQL=CREATE INDEX ND1444ID ON ND1444 (OID)操作失败，因为在 表 'ND1444' 上已存在名称为 'ND1444ID' 的索引或统计信息。
21日22时28分40秒Fatal:System');"RunSQL2   SQL=CREATE INDEX ND1445ID ON ND1445 (OID)操作失败，因为在 表 'ND1445' 上已存在名称为 'ND1445ID' 的索引或统计信息。
21日22时28分41秒Fatal:System');"RunSQL2   SQL=CREATE INDEX ND1446ID ON ND1446 (OID)操作失败，因为在 表 'ND1446' 上已存在名称为 'ND1446ID' 的索引或统计信息。
21日22时28分46秒Fatal:System');"RunSQL2   SQL=CREATE INDEX ND14104ID ON ND14104 (OID)操作失败，因为在 表 'ND14104' 上已存在名称为 'ND14104ID' 的索引或统计信息。
21日22时28分48秒Fatal:System');"RunSQL2   SQL=CREATE INDEX ND1499ID ON ND1499 (OID)操作失败，因为在 表 'ND1499' 上已存在名称为 'ND1499ID' 的索引或统计信息。
21日22时28分49秒Fatal:System');"RunSQL2   SQL=CREATE INDEX ND1447ID ON ND1447 (OID)操作失败，因为在 表 'ND1447' 上已存在名称为 'ND1447ID' 的索引或统计信息。
