-----------------------------------------------------------------------------------------------------
13日18时03分02秒Info:System');"成功[BP.Port.Emp-67]放入缓存。
13日18时03分02秒Info:System');"成功[BP.WF.Flow-12]放入缓存。
13日18时04分16秒Info:System');"成功[BP.WF.Node-64]放入缓存。
13日18时04分16秒Info:System');"成功[BP.Port.Dept-11]放入缓存。
13日18时05分47秒Info:System');"成功[BP.Port.Emp-67]放入缓存。
13日18时05分47秒Info:System');"成功[BP.WF.Node-64]放入缓存。
-----------------------------------------------------------------------------------------------------
13日18时05分53秒Info:System');"成功[BP.Sys.EnCfg-11]放入缓存。
13日18时05分56秒Info:System');"成功[BP.Port.Dept-11]放入缓存。
13日18时06分15秒Info:System');"成功[BP.WF.Flow-12]放入缓存。
13日18时06分16秒Info:System');"成功[BP.WF.Node-64]放入缓存。
13日18时10分42秒Info:System');"成功[BP.Port.Emp-67]放入缓存。
13日18时10分42秒Info:System');"成功[BP.WF.Node-64]放入缓存。
-----------------------------------------------------------------------------------------------------
13日18时10分43秒Info:System');"成功[BP.Sys.EnCfg-11]放入缓存。
13日18时15分27秒Info:System');"成功[BP.Port.Emp-67]放入缓存。
13日18时15分27秒Info:System');"成功[BP.WF.Node-64]放入缓存。
-----------------------------------------------------------------------------------------------------
13日18时15分28秒Info:System');"成功[BP.Sys.EnCfg-11]放入缓存。
13日18时16分58秒Info:System');"成功[BP.Port.Emp-67]放入缓存。
13日18时16分58秒Info:System');"成功[BP.WF.Flow-12]放入缓存。
13日18时17分02秒Info:System');"成功[BP.WF.Node-64]放入缓存。
13日18时17分02秒Info:System');"成功[BP.Port.Dept-11]放入缓存。
13日18时25分25秒Info:System');"成功[BP.Port.Emp-67]放入缓存。
-----------------------------------------------------------------------------------------------------
13日18时29分49秒Info:System');"成功[BP.Port.Emp-67]放入缓存。
-----------------------------------------------------------------------------------------------------
13日18时29分50秒Info:System');"成功[BP.Port.Emp-67]放入缓存。
13日18时29分50秒Info:System');"成功[BP.WF.Flow-12]放入缓存。
13日18时29分53秒Info:System');"成功[BP.WF.Node-64]放入缓存。
13日18时29分53秒Info:System');"成功[BP.Port.Dept-11]放入缓存。
13日18时31分09秒Info:System');"成功[BP.Port.Emp-67]放入缓存。
-----------------------------------------------------------------------------------------------------
13日18时31分10秒Info:System');"成功[BP.Port.Emp-67]放入缓存。
13日18时31分10秒Info:System');"成功[BP.WF.Flow-12]放入缓存。
13日18时31分12秒Info:System');"成功[BP.WF.Node-64]放入缓存。
13日18时31分12秒Info:System');"成功[BP.Port.Dept-11]放入缓存。
-----------------------------------------------------------------------------------------------------
13日18时33分27秒Info:System');"成功[BP.Port.Emp-67]放入缓存。
-----------------------------------------------------------------------------------------------------
13日18时56分53秒Info:System');"成功[BP.Port.Emp-67]放入缓存。
-----------------------------------------------------------------------------------------------------
13日18时56分54秒Info:System');"成功[BP.Port.Emp-67]放入缓存。
13日18时56分54秒Info:System');"成功[BP.WF.Flow-12]放入缓存。
13日18时56分56秒Info:System');"成功[BP.WF.Node-64]放入缓存。
13日18时56分56秒Info:System');"成功[BP.Port.Dept-11]放入缓存。
