-----------------------------------------------------------------------------------------------------
14日09时21分16秒Info:System');"成功[BP.Port.Emp-67]放入缓存。
-----------------------------------------------------------------------------------------------------
14日09时21分23秒Info:System');"成功[BP.Port.Emp-67]放入缓存。
14日09时21分23秒Info:System');"成功[BP.WF.Flow-12]放入缓存。
14日09时21分39秒Info:System');"成功[BP.WF.Node-64]放入缓存。
14日09时21分39秒Info:System');"成功[BP.Port.Dept-11]放入缓存。
14日09时23分52秒Info:System');"成功[BP.Port.Emp-67]放入缓存。
-----------------------------------------------------------------------------------------------------
14日09时23分53秒Info:System');"成功[BP.Port.Emp-67]放入缓存。
14日09时23分53秒Info:System');"成功[BP.WF.Flow-12]放入缓存。
14日09时23分57秒Info:System');"成功[BP.WF.Node-64]放入缓存。
14日09时23分57秒Info:System');"成功[BP.Port.Dept-11]放入缓存。
-----------------------------------------------------------------------------------------------------
14日09时57分29秒Info:System');"成功[BP.Port.Emp-67]放入缓存。
-----------------------------------------------------------------------------------------------------
14日09时57分33秒Info:System');"成功[BP.Port.Emp-67]放入缓存。
14日09时57分33秒Info:System');"成功[BP.WF.Flow-12]放入缓存。
14日09时58分08秒Info:System');"成功[BP.WF.Node-64]放入缓存。
14日09时58分08秒Info:System');"成功[BP.Port.Dept-11]放入缓存。
14日11时08分24秒Info:System');"成功[BP.Port.Emp-67]放入缓存。
-----------------------------------------------------------------------------------------------------
14日11时14分11秒Info:System');"成功[BP.Port.Emp-67]放入缓存。
-----------------------------------------------------------------------------------------------------
14日11时14分12秒Info:System');"成功[BP.Port.Emp-67]放入缓存。
14日11时14分12秒Info:System');"成功[BP.WF.Flow-12]放入缓存。
14日11时14分14秒Info:System');"成功[BP.WF.Node-64]放入缓存。
14日11时14分14秒Info:System');"成功[BP.Port.Dept-11]放入缓存。
14日11时19分01秒Info:System');"成功[BP.Port.Emp-67]放入缓存。
-----------------------------------------------------------------------------------------------------
14日13时58分00秒Fatal:System');"@没有[实体属性  Sys_MapAttr, 类[BP.Sys.MapAttr], 物理表[Sys_MapAttr] 实例。PK = null
14日13时58分08秒Fatal:System');"@没有[实体属性  Sys_MapAttr, 类[BP.Sys.MapAttr], 物理表[Sys_MapAttr] 实例。PK = null
-----------------------------------------------------------------------------------------------------
14日14时49分02秒Fatal:System');"@没有[实体属性  Sys_MapAttr, 类[BP.Sys.MapAttr], 物理表[Sys_MapAttr] 实例。PK = 
14日14时49分58秒Fatal:System');"@没有[实体属性  Sys_MapAttr, 类[BP.Sys.MapAttr], 物理表[Sys_MapAttr] 实例。PK = 
14日14时50分25秒Fatal:System');"@没有[实体属性  Sys_MapAttr, 类[BP.Sys.MapAttr], 物理表[Sys_MapAttr] 实例。PK = 
14日14时50分30秒Fatal:System');"@没有[实体属性  Sys_MapAttr, 类[BP.Sys.MapAttr], 物理表[Sys_MapAttr] 实例。PK = 
-----------------------------------------------------------------------------------------------------
14日15时19分59秒Info:System');"成功[BP.Port.Emp-67]放入缓存。
-----------------------------------------------------------------------------------------------------
14日15时42分42秒Info:System');"成功[BP.WF.Node-64]放入缓存。
14日15时44分49秒Info:System');"成功[BP.Port.Emp-67]放入缓存。
-----------------------------------------------------------------------------------------------------
14日15时51分48秒Info:System');"成功[BP.Port.Emp-67]放入缓存。
-----------------------------------------------------------------------------------------------------
14日15时51分54秒Info:System');"成功[BP.Port.Emp-67]放入缓存。
14日15时51分54秒Info:System');"成功[BP.WF.Flow-12]放入缓存。
14日15时51分58秒Info:System');"成功[BP.WF.Node-64]放入缓存。
14日15时51分58秒Info:System');"成功[BP.Port.Dept-11]放入缓存。
14日15时52分09秒Info:System');"成功[BP.Port.Emp-67]放入缓存。
-----------------------------------------------------------------------------------------------------
14日15时52分10秒Info:System');"成功[BP.Port.Emp-67]放入缓存。
14日15时52分10秒Info:System');"成功[BP.WF.Flow-12]放入缓存。
14日15时52分28秒Info:System');"成功[BP.WF.Node-64]放入缓存。
14日15时52分28秒Info:System');"成功[BP.Port.Dept-11]放入缓存。
14日15时52分50秒Info:System');"成功[BP.Port.Emp-67]放入缓存。
-----------------------------------------------------------------------------------------------------
14日15时52分50秒Info:System');"成功[BP.Port.Emp-67]放入缓存。
14日15时52分50秒Info:System');"成功[BP.WF.Flow-12]放入缓存。
14日15时52分53秒Info:System');"成功[BP.WF.Node-64]放入缓存。
14日15时52分53秒Info:System');"成功[BP.Port.Dept-11]放入缓存。
14日15时53分00秒Info:System');"成功[BP.Port.Emp-67]放入缓存。
-----------------------------------------------------------------------------------------------------
14日15时53分00秒Info:System');"成功[BP.Port.Emp-67]放入缓存。
14日15时53分00秒Info:System');"成功[BP.WF.Flow-12]放入缓存。
14日15时53分03秒Info:System');"成功[BP.WF.Node-64]放入缓存。
14日15时53分03秒Info:System');"成功[BP.Port.Dept-11]放入缓存。
14日15时53分20秒Info:System');"成功[BP.Port.Emp-67]放入缓存。
-----------------------------------------------------------------------------------------------------
14日15时53分20秒Info:System');"成功[BP.Port.Emp-67]放入缓存。
14日15时53分21秒Info:System');"成功[BP.WF.Flow-12]放入缓存。
14日15时53分24秒Info:System');"成功[BP.Port.Emp-67]放入缓存。
-----------------------------------------------------------------------------------------------------
14日15时53分25秒Info:System');"成功[BP.Port.Emp-67]放入缓存。
14日15时53分25秒Info:System');"成功[BP.WF.Flow-12]放入缓存。
14日15时53分28秒Info:System');"成功[BP.WF.Node-64]放入缓存。
14日15时53分28秒Info:System');"成功[BP.Port.Dept-11]放入缓存。
14日15时53分34秒Info:System');"成功[BP.Port.Emp-67]放入缓存。
-----------------------------------------------------------------------------------------------------
14日15时53分34秒Info:System');"成功[BP.Port.Emp-67]放入缓存。
14日15时53分34秒Info:System');"成功[BP.WF.Flow-12]放入缓存。
14日15时53分37秒Info:System');"成功[BP.WF.Node-64]放入缓存。
14日15时53分37秒Info:System');"成功[BP.Port.Dept-11]放入缓存。
14日15时55分40秒Info:System');"成功[BP.Port.Emp-67]放入缓存。
-----------------------------------------------------------------------------------------------------
14日15时55分41秒Info:System');"成功[BP.Port.Emp-67]放入缓存。
14日15时55分41秒Info:System');"成功[BP.WF.Flow-12]放入缓存。
14日15时55分45秒Info:System');"成功[BP.WF.Node-64]放入缓存。
14日15时55分45秒Info:System');"成功[BP.Port.Dept-11]放入缓存。
14日15时56分41秒Info:System');"成功[BP.Port.Emp-67]放入缓存。
-----------------------------------------------------------------------------------------------------
14日15时56分41秒Info:System');"成功[BP.Port.Emp-67]放入缓存。
14日15时56分41秒Info:System');"成功[BP.WF.Flow-12]放入缓存。
14日15时56分44秒Info:System');"成功[BP.WF.Node-64]放入缓存。
14日15时56分44秒Info:System');"成功[BP.Port.Dept-11]放入缓存。
14日16时05分19秒Info:System');"@[广告设计]流程被[liuhaiquan刘海泉]删除，WorkID[5474]。
14日16时11分01秒Info:System');"成功[BP.Port.Emp-67]放入缓存。
-----------------------------------------------------------------------------------------------------
14日16时15分06秒Info:System');"成功[BP.WF.Flow-12]放入缓存。
14日16时15分06秒Info:System');"成功[BP.WF.Node-64]放入缓存。
-----------------------------------------------------------------------------------------------------
14日16时31分41秒Info:System');"成功[BP.WF.Flow-12]放入缓存。
14日16时31分42秒Info:System');"成功[BP.WF.Node-64]放入缓存。
14日16时31分50秒Info:System');"成功[BP.Port.Emp-67]放入缓存。
14日16时31分53秒Info:System');"@[欠款提示下刊]流程被[admin系统管理员]删除，WorkID[5469]。
14日16时41分41秒Info:System');"成功[BP.Port.Emp-67]放入缓存。
-----------------------------------------------------------------------------------------------------
14日16时41分42秒Info:System');"成功[BP.Port.Emp-67]放入缓存。
14日16时41分45秒Info:System');"成功[BP.Port.Emp-67]放入缓存。
14日16时42分26秒Info:System');"成功[BP.WF.Flow-12]放入缓存。
-----------------------------------------------------------------------------------------------------
14日17时51分17秒Info:System');"成功[BP.WF.Flow-12]放入缓存。
14日17时56分05秒Info:System');"成功[BP.Sys.EnsAppCfg-196]放入缓存。
14日17时56分08秒Info:System');"成功[BP.Port.Emp-67]放入缓存。
14日17时56分08秒Info:System');"成功[BP.Port.Dept-11]放入缓存。
-----------------------------------------------------------------------------------------------------
14日22时19分16秒Info:System');"成功[BP.Port.Emp-67]放入缓存。
14日22时19分16秒Info:System');"成功[BP.Port.Dept-11]放入缓存。
14日22时20分05秒Info:System');"成功[BP.WF.Flow-12]放入缓存。
14日22时20分12秒Info:System');"成功[BP.WF.Node-64]放入缓存。
14日22时20分13秒Info:System');"成功[BP.WF.Flow-12]放入缓存。
-----------------------------------------------------------------------------------------------------
14日22时20分56秒Info:System');"成功[BP.Port.Emp-67]放入缓存。
14日22时20分56秒Info:System');"成功[BP.Port.Dept-11]放入缓存。
14日22时38分25秒Info:System');"成功[BP.WF.Flow-12]放入缓存。
15日11时23分16秒Info:System');"成功[BP.Port.Emp-67]放入缓存。
