-----------------------------------------------------------------------------------------------------
08日11时27分06秒Info:System');"成功[BP.Port.Emp-67]放入缓存。
-----------------------------------------------------------------------------------------------------
08日12时52分00秒Info:System');"成功[BP.WF.Flow-19]放入缓存。
08日13时02分31秒Info:System');"成功[BP.Port.Emp-54]放入缓存。
-----------------------------------------------------------------------------------------------------
08日13时02分35秒Info:System');"成功[BP.Port.Emp-54]放入缓存。
08日13时02分35秒Info:System');"成功[BP.WF.Flow-19]放入缓存。
08日13时02分40秒Info:System');"成功[BP.WF.Node-217]放入缓存。
08日13时02分40秒Info:System');"成功[BP.Port.Dept-14]放入缓存。
08日13时03分01秒Info:System');"成功[BP.Sys.EnsAppCfg-175]放入缓存。
08日13时03分08秒Info:System');"成功[BP.Pub.NY-5]放入缓存。
08日13时04分10秒Info:System');"成功[BP.Port.Emp-54]放入缓存。
-----------------------------------------------------------------------------------------------------
08日13时05分53秒Info:System');"成功[BP.Port.Emp-54]放入缓存。
-----------------------------------------------------------------------------------------------------
08日13时05分59秒Info:System');"成功[BP.Port.Emp-54]放入缓存。
-----------------------------------------------------------------------------------------------------
08日13时05分59秒Info:System');"成功[BP.Port.Dept-14]放入缓存。
08日13时05分59秒Info:System');"成功[BP.Pub.NY-5]放入缓存。
08日13时08分05秒Fatal:System');"@没有[映射基础  Sys_MapData, 类[BP.Sys.MapData], 物理表[Sys_MapData] 实例。PK = ND18Rpt1
08日13时08分05秒Fatal:System');"@没有[映射基础  Sys_MapData, 类[BP.Sys.MapData], 物理表[Sys_MapData] 实例。PK = ND18Rpt1
08日13时09分27秒Info:System');"成功[BP.WF.Flow-19]放入缓存。
08日13时12分18秒Fatal:System');"@没有[映射基础  Sys_MapData, 类[BP.Sys.MapData], 物理表[Sys_MapData] 实例。PK = ND18Rpt1
08日13时12分18秒Fatal:System');"@没有[映射基础  Sys_MapData, 类[BP.Sys.MapData], 物理表[Sys_MapData] 实例。PK = ND18Rpt1
08日13时12分24秒Fatal:System');"@没有[映射基础  Sys_MapData, 类[BP.Sys.MapData], 物理表[Sys_MapData] 实例。PK = ND18Rpt1
08日13时12分24秒Fatal:System');"@没有[映射基础  Sys_MapData, 类[BP.Sys.MapData], 物理表[Sys_MapData] 实例。PK = ND18Rpt1
08日13时13分25秒Fatal:System');"@没有[映射基础  Sys_MapData, 类[BP.Sys.MapData], 物理表[Sys_MapData] 实例。PK = ND18Rpt1
08日13时13分25秒Fatal:System');"@没有[映射基础  Sys_MapData, 类[BP.Sys.MapData], 物理表[Sys_MapData] 实例。PK = ND18Rpt1
08日13时14分31秒Info:System');"成功[BP.Port.Emp-54]放入缓存。
-----------------------------------------------------------------------------------------------------
08日13时14分32秒Info:System');"成功[BP.WF.Flow-19]放入缓存。
08日13时14分35秒Info:System');"成功[BP.Port.Emp-54]放入缓存。
-----------------------------------------------------------------------------------------------------
08日13时14分36秒Info:System');"成功[BP.Port.Dept-14]放入缓存。
08日13时14分36秒Info:System');"成功[BP.Pub.NY-5]放入缓存。
08日13时15分51秒Info:System');"成功[BP.WF.Flow-19]放入缓存。
08日13时25分18秒Fatal:System');"@没有[映射基础  Sys_MapData, 类[BP.Sys.MapData], 物理表[Sys_MapData] 实例。PK = ND18Rpt1
08日13时25分18秒Fatal:System');"@没有[映射基础  Sys_MapData, 类[BP.Sys.MapData], 物理表[Sys_MapData] 实例。PK = ND18Rpt1
08日13时25分25秒Fatal:System');"@没有[映射基础  Sys_MapData, 类[BP.Sys.MapData], 物理表[Sys_MapData] 实例。PK = ND18Rpt1
08日13时25分25秒Fatal:System');"@没有[映射基础  Sys_MapData, 类[BP.Sys.MapData], 物理表[Sys_MapData] 实例。PK = ND18Rpt1
08日14时39分08秒Info:System');"成功[BP.Port.Emp-54]放入缓存。
-----------------------------------------------------------------------------------------------------
08日14时39分10秒Info:System');"成功[BP.Port.Emp-54]放入缓存。
08日14时39分10秒Info:System');"成功[BP.WF.Flow-19]放入缓存。
08日14时39分16秒Info:System');"成功[BP.WF.Node-217]放入缓存。
08日14时39分16秒Info:System');"成功[BP.Port.Dept-14]放入缓存。
08日14时46分57秒Info:System');"成功[BP.Port.Emp-54]放入缓存。
-----------------------------------------------------------------------------------------------------
08日14时46分58秒Info:System');"成功[BP.Port.Emp-54]放入缓存。
08日14时46分58秒Info:System');"成功[BP.WF.Flow-19]放入缓存。
08日14时47分40秒Info:System');"成功[BP.WF.Node-217]放入缓存。
08日14时47分40秒Info:System');"成功[BP.Port.Dept-14]放入缓存。
08日14时49分18秒Info:System');"成功[BP.Port.Emp-54]放入缓存。
-----------------------------------------------------------------------------------------------------
08日14时49分19秒Info:System');"成功[BP.Port.Dept-14]放入缓存。
08日14时49分19秒Info:System');"成功[BP.Pub.NY-5]放入缓存。
-----------------------------------------------------------------------------------------------------
08日14时52分10秒Info:System');"成功[BP.Port.Dept-14]放入缓存。
08日14时52分10秒Info:System');"成功[BP.Pub.NY-5]放入缓存。
08日14时52分15秒Info:System');"成功[BP.WF.Flow-19]放入缓存。
-----------------------------------------------------------------------------------------------------
08日14时55分00秒Info:System');"成功[BP.Port.Dept-14]放入缓存。
08日14时55分00秒Info:System');"成功[BP.Pub.NY-5]放入缓存。
08日14时55分19秒Info:System');"成功[BP.WF.Flow-19]放入缓存。
08日15时00分13秒Info:System');"成功[BP.Port.Emp-54]放入缓存。
-----------------------------------------------------------------------------------------------------
08日15时00分17秒Info:System');"成功[BP.Port.Emp-54]放入缓存。
08日15时00分17秒Info:System');"成功[BP.WF.Flow-19]放入缓存。
08日15时00分21秒Info:System');"成功[BP.WF.Node-217]放入缓存。
08日15时00分21秒Info:System');"成功[BP.Port.Dept-14]放入缓存。
08日15时00分31秒Info:System');"成功[BP.Sys.EnsAppCfg-175]放入缓存。
08日15时00分31秒Fatal:System');"@两次内存查询 EnName=BP.Sys.EnsAppCfg,PKVal=ND18RptDtl1@UIRowStyleGlo
08日15时02分14秒Fatal:System');"@两次内存查询 EnName=BP.Sys.EnsAppCfg,PKVal=ND18RptDtl1@UIRowStyleGlo
08日15时02分17秒Fatal:System');"@两次内存查询 EnName=BP.Sys.EnsAppCfg,PKVal=ND18RptDtl1@UIRowStyleGlo
08日15时02分18秒Fatal:System');"@两次内存查询 EnName=BP.Sys.EnsAppCfg,PKVal=ND18RptDtl1@UIRowStyleGlo
08日15时02分19秒Fatal:System');"@两次内存查询 EnName=BP.Sys.EnsAppCfg,PKVal=ND18RptDtl1@UIRowStyleGlo
08日15时02分21秒Fatal:System');"@两次内存查询 EnName=BP.Sys.EnsAppCfg,PKVal=ND18RptDtl1@UIRowStyleGlo
08日15时02分26秒Fatal:System');"@两次内存查询 EnName=BP.Sys.EnsAppCfg,PKVal=ND18RptDtl1@UIRowStyleGlo
08日15时02分33秒Fatal:System');"@两次内存查询 EnName=BP.Sys.EnsAppCfg,PKVal=ND18RptDtl1@UIRowStyleGlo
08日15时02分36秒Fatal:System');"@两次内存查询 EnName=BP.Sys.EnsAppCfg,PKVal=ND18RptDtl1@UIRowStyleGlo
08日15时02分38秒Fatal:System');"@两次内存查询 EnName=BP.Sys.EnsAppCfg,PKVal=ND18RptDtl1@UIRowStyleGlo
08日15时02分40秒Fatal:System');"@两次内存查询 EnName=BP.Sys.EnsAppCfg,PKVal=ND18RptDtl1@UIRowStyleGlo
08日15时02分42秒Fatal:System');"@两次内存查询 EnName=BP.Sys.EnsAppCfg,PKVal=ND18RptDtl1@UIRowStyleGlo
08日15时02分45秒Fatal:System');"@两次内存查询 EnName=BP.Sys.EnsAppCfg,PKVal=ND18RptDtl1@UIRowStyleGlo
08日15时02分47秒Fatal:System');"@两次内存查询 EnName=BP.Sys.EnsAppCfg,PKVal=ND18RptDtl1@UIRowStyleGlo
08日15时03分53秒Fatal:System');"@两次内存查询 EnName=BP.Sys.EnsAppCfg,PKVal=ND18RptDtl1@UIRowStyleGlo
08日15时03分54秒Fatal:System');"@两次内存查询 EnName=BP.Sys.EnsAppCfg,PKVal=ND18RptDtl1@UIRowStyleGlo
08日15时03分55秒Fatal:System');"@两次内存查询 EnName=BP.Sys.EnsAppCfg,PKVal=ND18RptDtl1@UIRowStyleGlo
08日15时03分57秒Fatal:System');"@两次内存查询 EnName=BP.Sys.EnsAppCfg,PKVal=ND18RptDtl1@UIRowStyleGlo
08日15时03分58秒Fatal:System');"@两次内存查询 EnName=BP.Sys.EnsAppCfg,PKVal=ND18RptDtl1@UIRowStyleGlo
-----------------------------------------------------------------------------------------------------
08日15时06分11秒Info:System');"成功[BP.Port.Emp-54]放入缓存。
08日15时06分11秒Fatal:System');"@两次内存查询 EnName=BP.Port.Emp,PKVal=admin
-----------------------------------------------------------------------------------------------------
08日15时06分12秒Info:System');"成功[BP.Port.Dept-14]放入缓存。
08日15时06分12秒Info:System');"成功[BP.Pub.NY-5]放入缓存。
08日15时06分20秒Info:System');"成功[BP.WF.Flow-19]放入缓存。
-----------------------------------------------------------------------------------------------------
08日15时10分43秒Info:System');"成功[BP.Sys.EnsAppCfg-175]放入缓存。
08日15时10分43秒Fatal:System');"@两次内存查询 EnName=BP.Sys.EnsAppCfg,PKVal=ND18RptDtl1@WinCardH
08日15时10分43秒Fatal:System');"@两次内存查询 EnName=BP.Sys.EnsAppCfg,PKVal=ND18RptDtl1@WinCardW
08日15时10分43秒Fatal:System');"@两次内存查询 EnName=BP.Sys.EnsAppCfg,PKVal=ND18RptDtl1@UIRowStyleGlo
08日15时10分43秒Fatal:System');"@两次内存查询 EnName=BP.Sys.EnsAppCfg,PKVal=ND18RptDtl1@IsEnableDouclickGlo
08日15时10分43秒Fatal:System');"@两次内存查询 EnName=BP.Sys.EnsAppCfg,PKVal=ND18RptDtl1@IsEnableRefFunc
08日15时10分43秒Fatal:System');"@两次内存查询 EnName=BP.Sys.EnsAppCfg,PKVal=ND18RptDtl1@IsEnableFocusField
08日15时10分43秒Fatal:System');"@两次内存查询 EnName=BP.Sys.EnsAppCfg,PKVal=ND18RptDtl1@IsEnableOpenICON
08日15时10分43秒Fatal:System');"@两次内存查询 EnName=BP.Sys.EnsAppCfg,PKVal=ND18RptDtl1@FocusField
08日15时10分43秒Info:System');"成功[BP.Sys.EnsAppCfg-183]放入缓存。
-----------------------------------------------------------------------------------------------------
08日16时00分49秒Info:System');"成功[BP.Port.Dept-14]放入缓存。
08日16时00分49秒Info:System');"成功[BP.Pub.NY-5]放入缓存。
