-----------------------------------------------------------------------------------------------------
24日18时14分12秒Info:System');"成功[BP.Port.Emp-1]放入缓存。
24日18时14分17秒Info:System');"成功[BP.Sys.EnsAppCfg-93]放入缓存。
24日18时15分45秒Info:System');"成功[BP.Sys.EnCfg-0]放入缓存。
24日18时15分45秒Fatal:System');"@两次内存查询 EnName=BP.Sys.EnCfg,PKVal=BP.GE.Info
24日18时15分45秒Info:System');"成功[BP.Sys.EnCfg-0]放入缓存。
24日18时16分11秒Info:System');"成功[BP.Sys.EnCfg-0]放入缓存。
24日18时16分11秒Fatal:System');"@两次内存查询 EnName=BP.Sys.EnCfg,PKVal=BP.GE.InfoSort
24日18时16分11秒Info:System');"成功[BP.Sys.EnCfg-0]放入缓存。
24日18时16分17秒Info:System');"成功[BP.Sys.EnCfg-0]放入缓存。
24日18时16分17秒Fatal:System');"@两次内存查询 EnName=BP.Sys.EnCfg,PKVal=BP.GE.InfoSort
24日18时16分17秒Info:System');"成功[BP.Sys.EnCfg-0]放入缓存。
24日18时16分17秒Info:System');"成功[BP.Sys.EnCfg-0]放入缓存。
24日18时16分17秒Fatal:System');"@两次内存查询 EnName=BP.Sys.EnCfg,PKVal=BP.GE.InfoSort
24日18时16分17秒Info:System');"成功[BP.Sys.EnCfg-0]放入缓存。
24日18时16分29秒Info:System');"成功[BP.Sys.EnCfg-0]放入缓存。
24日18时16分29秒Fatal:System');"@两次内存查询 EnName=BP.Sys.EnCfg,PKVal=BP.GE.InfoSort
24日18时16分29秒Info:System');"成功[BP.Sys.EnCfg-0]放入缓存。
24日18时16分29秒Info:System');"成功[BP.Sys.EnCfg-0]放入缓存。
24日18时16分29秒Fatal:System');"@两次内存查询 EnName=BP.Sys.EnCfg,PKVal=BP.GE.InfoSort
24日18时16分29秒Info:System');"成功[BP.Sys.EnCfg-0]放入缓存。
24日18时16分31秒Info:System');"成功[BP.Sys.EnCfg-0]放入缓存。
24日18时16分31秒Fatal:System');"@两次内存查询 EnName=BP.Sys.EnCfg,PKVal=BP.GE.InfoSort
24日18时16分31秒Info:System');"成功[BP.Sys.EnCfg-0]放入缓存。
24日18时16分31秒Info:System');"成功[BP.Sys.EnCfg-0]放入缓存。
24日18时16分31秒Fatal:System');"@两次内存查询 EnName=BP.Sys.EnCfg,PKVal=BP.GE.InfoSort
24日18时16分31秒Info:System');"成功[BP.Sys.EnCfg-0]放入缓存。
24日18时16分42秒Info:System');"成功[BP.Sys.EnCfg-0]放入缓存。
24日18时16分42秒Fatal:System');"@两次内存查询 EnName=BP.Sys.EnCfg,PKVal=BP.GE.InfoSort
24日18时16分42秒Info:System');"成功[BP.Sys.EnCfg-0]放入缓存。
24日18时16分42秒Info:System');"成功[BP.Sys.EnCfg-0]放入缓存。
24日18时16分42秒Fatal:System');"@两次内存查询 EnName=BP.Sys.EnCfg,PKVal=BP.GE.InfoSort
24日18时16分42秒Info:System');"成功[BP.Sys.EnCfg-0]放入缓存。
24日18时17分02秒Info:System');"成功[BP.Sys.EnCfg-0]放入缓存。
24日18时17分02秒Fatal:System');"@两次内存查询 EnName=BP.Sys.EnCfg,PKVal=BP.GE.InfoSort
24日18时17分02秒Info:System');"成功[BP.Sys.EnCfg-0]放入缓存。
24日18时17分05秒Info:System');"成功[BP.Sys.EnCfg-0]放入缓存。
24日18时17分05秒Fatal:System');"@两次内存查询 EnName=BP.Sys.EnCfg,PKVal=BP.GE.InfoSort
24日18时17分05秒Info:System');"成功[BP.Sys.EnCfg-0]放入缓存。
24日18时17分11秒Info:System');"成功[BP.Sys.EnCfg-0]放入缓存。
24日18时17分11秒Fatal:System');"@两次内存查询 EnName=BP.Sys.EnCfg,PKVal=BP.GE.Info
24日18时17分11秒Info:System');"成功[BP.Sys.EnCfg-0]放入缓存。
24日18时17分33秒Info:System');"成功[BP.Sys.EnCfg-0]放入缓存。
24日18时17分33秒Fatal:System');"@两次内存查询 EnName=BP.Sys.EnCfg,PKVal=BP.GE.Info
24日18时17分33秒Info:System');"成功[BP.Sys.EnCfg-0]放入缓存。
24日18时17分45秒Fatal:System');"@两次内存查询 EnName=BP.Sys.EnsAppCfg,PKVal=BP.GE.Videos@Author
24日18时17分47秒Fatal:System');"@两次内存查询 EnName=BP.Sys.EnsAppCfg,PKVal=BP.GE.InfoReqs@AppName
24日18时17分56秒Info:System');"成功[BP.Port.Dept-0]放入缓存。
24日18时18分00秒Info:System');"成功[BP.Port.Dept-0]放入缓存。
24日18时18分08秒Fatal:System');"@运行查询在(RunSQLReturnTable_200705_SQL with paras)出错 sql= SELECT  TOP 1  MyPK, ContrastKey, KeyVal1, KeyVal2, SortBy, KeyOfNum,ISNULL(GroupWay,1)   GroupWay,ISNULL(OrderWay,1)   OrderWay FROM Sys_Contrast WHERE (1=1) AND Sys_Contrast.MyPK=@MyPK @异常信息：对象名  'Sys_Contrast' 无效。@Para Num= 1@MyPK=BP.GE.Infosadmin
24日18时18分08秒Warning:System');"@运行查询在(RunSQLReturnTable_200705_SQL with paras)出错 sql= SELECT  TOP 1  MyPK, ContrastKey, KeyVal1, KeyVal2, SortBy, KeyOfNum,ISNULL(GroupWay,1)   GroupWay,ISNULL(OrderWay,1)   OrderWay FROM Sys_Contrast WHERE (1=1) AND Sys_Contrast.MyPK=@MyPK @异常信息：对象名  'Sys_Contrast' 无效。@Para Num= 1@MyPK=BP.GE.Infosadmin
24日18时18分09秒Fatal:System');"RunSQL2   SQL=CREATE INDEX Sys_ContrastID ON Sys_Contrast (MyPK)操作失败，因为在 表 'Sys_Contrast' 上已存在名称为 'Sys_ContrastID' 的索引或统计信息。
24日18时18分09秒Fatal:System');"RunSQL2   SQL=CREATE INDEX Sys_ContrastID ON Sys_Contrast (MyPK)操作失败，因为在 表 'Sys_Contrast' 上已存在名称为 'Sys_ContrastID' 的索引或统计信息。
24日18时18分10秒Fatal:System');"RunSQL2   SQL=CREATE INDEX GE_InfoID ON GE_Info (No)操作失败，因为在 表 'GE_Info' 上已存在名称为 'GE_InfoID' 的索引或统计信息。
24日18时18分10秒Fatal:System');"RunSQL2   SQL=CREATE INDEX GE_InfoID ON GE_Info (No)操作失败，因为在 表 'GE_Info' 上已存在名称为 'GE_InfoID' 的索引或统计信息。
24日18时18分10秒Fatal:System');"RunSQL2   SQL=update pub_emp set AuthorizedAgent='1' where AuthorizedAgent='0' 对象名  'pub_emp' 无效。
24日18时18分13秒Fatal:System');"@运行查询在(RunSQLReturnTable_200705_SQL with paras)出错 sql= SELECT TOP 99999 ISNULL(OID,0) OID, GradeNo, Name, FK_Emp,ISNULL(IsShare,0) IsShare FROM GE_DKDir WHERE (1=1) ORDER BY GE_DKDir.GradeNo @异常信息：对象名  'GE_DKDir' 无效。@Para Num= 0
24日18时18分13秒Fatal:System');"RunSQL2   SQL=CREATE INDEX GE_DKDirID ON GE_DKDir (OID)操作失败，因为在 表 'GE_DKDir' 上已存在名称为 'GE_DKDirID' 的索引或统计信息。
24日18时18分13秒Fatal:System');"RunSQL2   SQL=CREATE INDEX GE_DKDirID ON GE_DKDir (OID)操作失败，因为在 表 'GE_DKDir' 上已存在名称为 'GE_DKDirID' 的索引或统计信息。
24日18时18分13秒Fatal:System');"RunSQL2   SQL=CREATE INDEX GE_DKDirID ON GE_DKDir (OID)操作失败，因为在 表 'GE_DKDir' 上已存在名称为 'GE_DKDirID' 的索引或统计信息。
24日18时18分13秒Fatal:System');"RunSQL2   SQL=CREATE INDEX GE_DKDirID ON GE_DKDir (OID)操作失败，因为在 表 'GE_DKDir' 上已存在名称为 'GE_DKDirID' 的索引或统计信息。
24日18时18分15秒Fatal:System');"RunSQL2   SQL=UPDATE Sys_Serial SET IntVal=IntVal+1 WHERE CfgKey='OID'对象名  'Sys_Serial' 无效。
-----------------------------------------------------------------------------------------------------
24日18时41分54秒Fatal:System');"RunSQL2   SQL=CREATE INDEX CW_InvoiceID ON CW_Invoice (No)操作失败，因为在 表 'CW_Invoice' 上已存在名称为 'CW_InvoiceID' 的索引或统计信息。
24日18时41分54秒Fatal:System');"RunSQL2   SQL=CREATE INDEX CW_InvoiceID ON CW_Invoice (No)操作失败，因为在 表 'CW_Invoice' 上已存在名称为 'CW_InvoiceID' 的索引或统计信息。
